Target: 
Point: (0.49492743873861245, 0.5020630112528177, 0.5038835283416134)
Point: (0.4970620137787574, 0.49820941189073054, 0.4999087930517264)
Point: (0.5053831440658246, 0.5035360850261297, 0.4997558696458313)
Point: (0.4989328273855356, 0.5050219438645696, 0.4986042435851333)

Execution 1
------------------------------------------------
Total Generations: 52
Total Population: 200   ---   Mutation Rate: 0.01  ---  Crossover Probability: 0.1
Average Fitness: 0.7561375850452603  ---  Best Overall Fitness: 0.8321526317048799
------------------------------------------------
Execution 2
------------------------------------------------
Total Generations: 52
Total Population: 200   ---   Mutation Rate: 0.01  ---  Crossover Probability: 0.1
Average Fitness: 0.7519034210756982  ---  Best Overall Fitness: 0.8309806437772101
------------------------------------------------
Execution 3
------------------------------------------------
Total Generations: 51
Total Population: 200   ---   Mutation Rate: 0.01  ---  Crossover Probability: 0.1
Average Fitness: 0.7591603053601607  ---  Best Overall Fitness: 0.8328071243548018
------------------------------------------------
Execution 4
------------------------------------------------
Total Generations: 51
Total Population: 200   ---   Mutation Rate: 0.01  ---  Crossover Probability: 0.1
Average Fitness: 0.7554416731335922  ---  Best Overall Fitness: 0.8328320383034831
------------------------------------------------
Execution 5
------------------------------------------------
Total Generations: 52
Total Population: 200   ---   Mutation Rate: 0.01  ---  Crossover Probability: 0.1
Average Fitness: 0.7550024458891454  ---  Best Overall Fitness: 0.8319690954241735
------------------------------------------------
Execution 6
------------------------------------------------
Total Generations: 51
Total Population: 200   ---   Mutation Rate: 0.01  ---  Crossover Probability: 0.1
Average Fitness: 0.7535839219907742  ---  Best Overall Fitness: 0.8330589081359612
------------------------------------------------
Execution 7
------------------------------------------------
Total Generations: 51
Total Population: 200   ---   Mutation Rate: 0.01  ---  Crossover Probability: 0.1
Average Fitness: 0.754143352211441  ---  Best Overall Fitness: 0.8326014983609618
------------------------------------------------
Execution 8
------------------------------------------------
Total Generations: 51
Total Population: 200   ---   Mutation Rate: 0.01  ---  Crossover Probability: 0.1
Average Fitness: 0.7557935770598782  ---  Best Overall Fitness: 0.8311634132398996
------------------------------------------------
Execution 9
------------------------------------------------
Total Generations: 51
Total Population: 200   ---   Mutation Rate: 0.01  ---  Crossover Probability: 0.1
Average Fitness: 0.754421272694323  ---  Best Overall Fitness: 0.8323061110526044
------------------------------------------------
Execution 10
------------------------------------------------
Total Generations: 51
Total Population: 200   ---   Mutation Rate: 0.01  ---  Crossover Probability: 0.1
Average Fitness: 0.7556584704435246  ---  Best Overall Fitness: 0.8316208791894157
------------------------------------------------
Best Fitnesses mean: 0.8321492343543391
Total Generations mean: 51.3
------------------------------------------------