Target: 
Point: (0.5023707624591274, 0.5039552082599774, 0.49851639862177194)
Point: (0.49746197998554054, 0.5009444392528009, 0.49778689334505666)
Point: (0.5037623048610473, 0.4977332349934881, 0.4960551472613515)
Point: (0.49744148768967833, 0.4942261937710145, 0.4953756301721936)

Execution 1
------------------------------------------------
Total Generations: 1000
Total Population: 20   ---   Mutation Rate: 0.01  ---  Crossover Probability: 0.1
Average Fitness: 0.7616082700935076  ---  Best Overall Fitness: 0.8264660100709136
------------------------------------------------
Execution 2
------------------------------------------------
Total Generations: 1000
Total Population: 20   ---   Mutation Rate: 0.01  ---  Crossover Probability: 0.1
Average Fitness: 0.7532279037200097  ---  Best Overall Fitness: 0.8266074792289548
------------------------------------------------
Execution 3
------------------------------------------------
Total Generations: 1000
Total Population: 20   ---   Mutation Rate: 0.01  ---  Crossover Probability: 0.1
Average Fitness: 0.7436210920863886  ---  Best Overall Fitness: 0.8261810633956872
------------------------------------------------
Execution 4
------------------------------------------------
Total Generations: 1000
Total Population: 20   ---   Mutation Rate: 0.01  ---  Crossover Probability: 0.1
Average Fitness: 0.7521472286051049  ---  Best Overall Fitness: 0.8256120782487074
------------------------------------------------
Execution 5
------------------------------------------------
Total Generations: 1000
Total Population: 20   ---   Mutation Rate: 0.01  ---  Crossover Probability: 0.1
Average Fitness: 0.7489741722990604  ---  Best Overall Fitness: 0.8291965252079123
------------------------------------------------
Execution 6
------------------------------------------------
Total Generations: 1000
Total Population: 20   ---   Mutation Rate: 0.01  ---  Crossover Probability: 0.1
Average Fitness: 0.7557901610848162  ---  Best Overall Fitness: 0.8276166745355007
------------------------------------------------
Execution 7
------------------------------------------------
Total Generations: 1000
Total Population: 20   ---   Mutation Rate: 0.01  ---  Crossover Probability: 0.1
Average Fitness: 0.7482123097043858  ---  Best Overall Fitness: 0.8277032178658851
------------------------------------------------
Execution 8
------------------------------------------------
Total Generations: 1000
Total Population: 20   ---   Mutation Rate: 0.01  ---  Crossover Probability: 0.1
Average Fitness: 0.7643379472667993  ---  Best Overall Fitness: 0.8296611729988854
------------------------------------------------
Execution 9
------------------------------------------------
Total Generations: 1000
Total Population: 20   ---   Mutation Rate: 0.01  ---  Crossover Probability: 0.1
Average Fitness: 0.7516189392557588  ---  Best Overall Fitness: 0.8279145790277113
------------------------------------------------
Execution 10
------------------------------------------------
Total Generations: 1000
Total Population: 20   ---   Mutation Rate: 0.01  ---  Crossover Probability: 0.1
Average Fitness: 0.7517274472526588  ---  Best Overall Fitness: 0.8270215764145512
------------------------------------------------
Best Fitnesses mean: 0.827398037699471
Total Generations mean: 1000.0
------------------------------------------------