Target: 
Point: (0.4990868542299485, 0.49741001287444786, 0.49871083548494755)
Point: (0.5014470210759002, 0.49724407461603026, 0.5000685920618919)
Point: (0.5015938619374194, 0.4998748503563969, 0.5002616042118176)
Point: (0.4985340634819389, 0.5043300194527215, 0.4967205195417732)

Execution 1
------------------------------------------------
Total Generations: 1000
Total Population: 200   ---   Mutation Rate: 0.0  ---  Crossover Probability: 0.6
Average Fitness: 0.6981927673873344  ---  Best Overall Fitness: 0.8265986445147475
------------------------------------------------
Execution 2
------------------------------------------------
Total Generations: 1000
Total Population: 200   ---   Mutation Rate: 0.0  ---  Crossover Probability: 0.6
Average Fitness: 0.7035563054657762  ---  Best Overall Fitness: 0.8272575825731537
------------------------------------------------
Execution 3
------------------------------------------------
Total Generations: 1000
Total Population: 200   ---   Mutation Rate: 0.0  ---  Crossover Probability: 0.6
Average Fitness: 0.7028837378312143  ---  Best Overall Fitness: 0.8271487770356538
------------------------------------------------
Execution 4
------------------------------------------------
Total Generations: 1000
Total Population: 200   ---   Mutation Rate: 0.0  ---  Crossover Probability: 0.6
Average Fitness: 0.7064625850156808  ---  Best Overall Fitness: 0.8290938188167729
------------------------------------------------
Execution 5
------------------------------------------------
Total Generations: 1000
Total Population: 200   ---   Mutation Rate: 0.0  ---  Crossover Probability: 0.6
Average Fitness: 0.7051102468086191  ---  Best Overall Fitness: 0.8287977868160482
------------------------------------------------
Execution 6
------------------------------------------------
Total Generations: 1000
Total Population: 200   ---   Mutation Rate: 0.0  ---  Crossover Probability: 0.6
Average Fitness: 0.6944770839830973  ---  Best Overall Fitness: 0.8266849495299258
------------------------------------------------
Execution 7
------------------------------------------------
Total Generations: 1000
Total Population: 200   ---   Mutation Rate: 0.0  ---  Crossover Probability: 0.6
Average Fitness: 0.6913277273841572  ---  Best Overall Fitness: 0.8270968925697108
------------------------------------------------
Execution 8
------------------------------------------------
Total Generations: 1000
Total Population: 200   ---   Mutation Rate: 0.0  ---  Crossover Probability: 0.6
Average Fitness: 0.6994815690319222  ---  Best Overall Fitness: 0.8279529037920712
------------------------------------------------
Execution 9
------------------------------------------------
Total Generations: 1000
Total Population: 200   ---   Mutation Rate: 0.0  ---  Crossover Probability: 0.6
Average Fitness: 0.7083802473295125  ---  Best Overall Fitness: 0.8280407844529473
------------------------------------------------
Execution 10
------------------------------------------------
Total Generations: 1000
Total Population: 200   ---   Mutation Rate: 0.0  ---  Crossover Probability: 0.6
Average Fitness: 0.7074478064552625  ---  Best Overall Fitness: 0.8267122403390698
------------------------------------------------
Best Fitnesses mean: 0.8275384380440102
Total Generations mean: 1000.0
------------------------------------------------