Target: 
Point: (0.4963023741114271, 0.5041605131635271, 0.5008381217240142)
Point: (0.500515839494024, 0.5021379514880553, 0.5029408857354781)
Point: (0.4990124337564806, 0.4984929439829522, 0.5024012160611432)
Point: (0.5056659556258006, 0.49690926183526923, 0.5002701575598547)

Execution 1
------------------------------------------------
Total Generations: 52
Total Population: 200   ---   Mutation Rate: 0.0  ---  Crossover Probability: 0.6
Average Fitness: 0.7995001030664807  ---  Best Overall Fitness: 0.8305403689406463
------------------------------------------------
Execution 2
------------------------------------------------
Total Generations: 52
Total Population: 200   ---   Mutation Rate: 0.0  ---  Crossover Probability: 0.6
Average Fitness: 0.7993488100109228  ---  Best Overall Fitness: 0.8272298720899707
------------------------------------------------
Execution 3
------------------------------------------------
Total Generations: 52
Total Population: 200   ---   Mutation Rate: 0.0  ---  Crossover Probability: 0.6
Average Fitness: 0.7896121998817358  ---  Best Overall Fitness: 0.8253754373435231
------------------------------------------------
Execution 4
------------------------------------------------
Total Generations: 51
Total Population: 200   ---   Mutation Rate: 0.0  ---  Crossover Probability: 0.6
Average Fitness: 0.792794742131034  ---  Best Overall Fitness: 0.8248200044435551
------------------------------------------------
Execution 5
------------------------------------------------
Total Generations: 52
Total Population: 200   ---   Mutation Rate: 0.0  ---  Crossover Probability: 0.6
Average Fitness: 0.7969846196387852  ---  Best Overall Fitness: 0.8261640433365895
------------------------------------------------
Execution 6
------------------------------------------------
Total Generations: 52
Total Population: 200   ---   Mutation Rate: 0.0  ---  Crossover Probability: 0.6
Average Fitness: 0.7955096282739983  ---  Best Overall Fitness: 0.8248944103425363
------------------------------------------------
Execution 7
------------------------------------------------
Total Generations: 52
Total Population: 200   ---   Mutation Rate: 0.0  ---  Crossover Probability: 0.6
Average Fitness: 0.7931105533752479  ---  Best Overall Fitness: 0.828159867522638
------------------------------------------------
Execution 8
------------------------------------------------
Total Generations: 52
Total Population: 200   ---   Mutation Rate: 0.0  ---  Crossover Probability: 0.6
Average Fitness: 0.7943893951607859  ---  Best Overall Fitness: 0.8288243727767357
------------------------------------------------
Execution 9
------------------------------------------------
Total Generations: 52
Total Population: 200   ---   Mutation Rate: 0.0  ---  Crossover Probability: 0.6
Average Fitness: 0.7988570992992093  ---  Best Overall Fitness: 0.8312145716913802
------------------------------------------------
Execution 10
------------------------------------------------
Total Generations: 52
Total Population: 200   ---   Mutation Rate: 0.0  ---  Crossover Probability: 0.6
Average Fitness: 0.7997216485139574  ---  Best Overall Fitness: 0.8310125466052409
------------------------------------------------
Best Fitnesses mean: 0.8278235495092817
Total Generations mean: 51.9
------------------------------------------------