Target: 
Point: (0.4972242964770022, 0.5005178155656715, 0.4980250050442769)
Point: (0.499633955126683, 0.5008012228085424, 0.5004966097627527)
Point: (0.4986639422150863, 0.5005939796902888, 0.49837644524501756)
Point: (0.49907654530470114, 0.4994560839688672, 0.5040051002080442)

Execution 1
------------------------------------------------
Total Generations: 1000
Total Population: 20   ---   Mutation Rate: 0.01  ---  Crossover Probability: 0.1
Average Fitness: 0.7373173142942298  ---  Best Overall Fitness: 0.8245300264818655
------------------------------------------------
Execution 2
------------------------------------------------
Total Generations: 1000
Total Population: 20   ---   Mutation Rate: 0.01  ---  Crossover Probability: 0.1
Average Fitness: 0.7536231810048912  ---  Best Overall Fitness: 0.824834567617654
------------------------------------------------
Execution 3
------------------------------------------------
Total Generations: 1000
Total Population: 20   ---   Mutation Rate: 0.01  ---  Crossover Probability: 0.1
Average Fitness: 0.7463643051596089  ---  Best Overall Fitness: 0.830760684624859
------------------------------------------------
Execution 4
------------------------------------------------
Total Generations: 1000
Total Population: 20   ---   Mutation Rate: 0.01  ---  Crossover Probability: 0.1
Average Fitness: 0.7550909807002641  ---  Best Overall Fitness: 0.8257787919426267
------------------------------------------------
Execution 5
------------------------------------------------
Total Generations: 1000
Total Population: 20   ---   Mutation Rate: 0.01  ---  Crossover Probability: 0.1
Average Fitness: 0.7380433611575199  ---  Best Overall Fitness: 0.8263239285960519
------------------------------------------------
Execution 6
------------------------------------------------
Total Generations: 1000
Total Population: 20   ---   Mutation Rate: 0.01  ---  Crossover Probability: 0.1
Average Fitness: 0.753424409743732  ---  Best Overall Fitness: 0.823177072035677
------------------------------------------------
Execution 7
------------------------------------------------
Total Generations: 1000
Total Population: 20   ---   Mutation Rate: 0.01  ---  Crossover Probability: 0.1
Average Fitness: 0.7481427636353357  ---  Best Overall Fitness: 0.8276134044527906
------------------------------------------------
Execution 8
------------------------------------------------
Total Generations: 1000
Total Population: 20   ---   Mutation Rate: 0.01  ---  Crossover Probability: 0.1
Average Fitness: 0.7507891750381461  ---  Best Overall Fitness: 0.82511940712914
------------------------------------------------
Execution 9
------------------------------------------------
Total Generations: 1000
Total Population: 20   ---   Mutation Rate: 0.01  ---  Crossover Probability: 0.1
Average Fitness: 0.7396350937939696  ---  Best Overall Fitness: 0.8236720221057463
------------------------------------------------
Execution 10
------------------------------------------------
Total Generations: 1000
Total Population: 20   ---   Mutation Rate: 0.01  ---  Crossover Probability: 0.1
Average Fitness: 0.7453882082113068  ---  Best Overall Fitness: 0.8273771585386289
------------------------------------------------
Best Fitnesses mean: 0.825918706352504
Total Generations mean: 1000.0
------------------------------------------------