Target: 
Point: (0.49794601710264846, 0.5022533158388429, 0.4976387166990328)
Point: (0.5009781984053079, 0.5044319253058782, 0.5022986536567756)
Point: (0.5013010812157066, 0.4989506126307119, 0.5030095139434279)
Point: (0.4946472759368121, 0.5040085739250966, 0.500147167853262)

Execution 1
------------------------------------------------
Total Generations: 53
Total Population: 200   ---   Mutation Rate: 0.1  ---  Crossover Probability: 0.9
Average Fitness: 0.8157450046156928  ---  Best Overall Fitness: 0.8333345953317288
------------------------------------------------
Execution 2
------------------------------------------------
Total Generations: 52
Total Population: 200   ---   Mutation Rate: 0.1  ---  Crossover Probability: 0.9
Average Fitness: 0.8189045234308118  ---  Best Overall Fitness: 0.8333300268007184
------------------------------------------------
Execution 3
------------------------------------------------
Total Generations: 52
Total Population: 200   ---   Mutation Rate: 0.1  ---  Crossover Probability: 0.9
Average Fitness: 0.8186491212781435  ---  Best Overall Fitness: 0.8333352491521375
------------------------------------------------
Execution 4
------------------------------------------------
Total Generations: 52
Total Population: 200   ---   Mutation Rate: 0.1  ---  Crossover Probability: 0.9
Average Fitness: 0.8189111439525901  ---  Best Overall Fitness: 0.8333316320146463
------------------------------------------------
Execution 5
------------------------------------------------
Total Generations: 52
Total Population: 200   ---   Mutation Rate: 0.1  ---  Crossover Probability: 0.9
Average Fitness: 0.8172185062587525  ---  Best Overall Fitness: 0.8333312336678171
------------------------------------------------
Execution 6
------------------------------------------------
Total Generations: 52
Total Population: 200   ---   Mutation Rate: 0.1  ---  Crossover Probability: 0.9
Average Fitness: 0.8161610390157021  ---  Best Overall Fitness: 0.8333316851810667
------------------------------------------------
Execution 7
------------------------------------------------
Total Generations: 52
Total Population: 200   ---   Mutation Rate: 0.1  ---  Crossover Probability: 0.9
Average Fitness: 0.8147560531964991  ---  Best Overall Fitness: 0.8333316994330945
------------------------------------------------
Execution 8
------------------------------------------------
Total Generations: 51
Total Population: 200   ---   Mutation Rate: 0.1  ---  Crossover Probability: 0.9
Average Fitness: 0.8183328609010845  ---  Best Overall Fitness: 0.8333296375354927
------------------------------------------------
Execution 9
------------------------------------------------
Total Generations: 52
Total Population: 200   ---   Mutation Rate: 0.1  ---  Crossover Probability: 0.9
Average Fitness: 0.8176750318881809  ---  Best Overall Fitness: 0.8333305520991492
------------------------------------------------
Execution 10
------------------------------------------------
Total Generations: 53
Total Population: 200   ---   Mutation Rate: 0.1  ---  Crossover Probability: 0.9
Average Fitness: 0.8163318342772741  ---  Best Overall Fitness: 0.8333334424383553
------------------------------------------------
Best Fitnesses mean: 0.8333319753654207
Total Generations mean: 52.1
------------------------------------------------