Target: 
Point: (0.4990174860564659, 0.5025968826268589, 0.4988402606474678)
Point: (0.4986523767677732, 0.5007169927878046, 0.501885810823989)
Point: (0.5015563560080679, 0.49921580326199133, 0.4974393645643262)
Point: (0.49835341042167774, 0.49935040833437294, 0.4960075389745779)

Execution 1
------------------------------------------------
Total Generations: 1000
Total Population: 200   ---   Mutation Rate: 0.1  ---  Crossover Probability: 0.6
Average Fitness: 0.7225602822884513  ---  Best Overall Fitness: 0.8293994227699074
------------------------------------------------
Execution 2
------------------------------------------------
Total Generations: 1000
Total Population: 200   ---   Mutation Rate: 0.1  ---  Crossover Probability: 0.6
Average Fitness: 0.7193911698535538  ---  Best Overall Fitness: 0.8270072566206763
------------------------------------------------
Execution 3
------------------------------------------------
Total Generations: 1000
Total Population: 200   ---   Mutation Rate: 0.1  ---  Crossover Probability: 0.6
Average Fitness: 0.7209798655204304  ---  Best Overall Fitness: 0.8278285475433341
------------------------------------------------
Execution 4
------------------------------------------------
Total Generations: 1000
Total Population: 200   ---   Mutation Rate: 0.1  ---  Crossover Probability: 0.6
Average Fitness: 0.7199098785952252  ---  Best Overall Fitness: 0.8293232000776563
------------------------------------------------
Execution 5
------------------------------------------------
Total Generations: 1000
Total Population: 200   ---   Mutation Rate: 0.1  ---  Crossover Probability: 0.6
Average Fitness: 0.7219277140370289  ---  Best Overall Fitness: 0.8281176654738063
------------------------------------------------
Execution 6
------------------------------------------------
Total Generations: 1000
Total Population: 200   ---   Mutation Rate: 0.1  ---  Crossover Probability: 0.6
Average Fitness: 0.7110160003656175  ---  Best Overall Fitness: 0.8297534288971427
------------------------------------------------
Execution 7
------------------------------------------------
Total Generations: 1000
Total Population: 200   ---   Mutation Rate: 0.1  ---  Crossover Probability: 0.6
Average Fitness: 0.7187977355265764  ---  Best Overall Fitness: 0.8276442937972182
------------------------------------------------
Execution 8
------------------------------------------------
Total Generations: 1000
Total Population: 200   ---   Mutation Rate: 0.1  ---  Crossover Probability: 0.6
Average Fitness: 0.720755922467847  ---  Best Overall Fitness: 0.8291850167240671
------------------------------------------------
Execution 9
------------------------------------------------
Total Generations: 1000
Total Population: 200   ---   Mutation Rate: 0.1  ---  Crossover Probability: 0.6
Average Fitness: 0.7215199302167651  ---  Best Overall Fitness: 0.8268185878123137
------------------------------------------------
Execution 10
------------------------------------------------
Total Generations: 1000
Total Population: 200   ---   Mutation Rate: 0.1  ---  Crossover Probability: 0.6
Average Fitness: 0.7180358755083478  ---  Best Overall Fitness: 0.8285607904855371
------------------------------------------------
Best Fitnesses mean: 0.828363821020166
Total Generations mean: 1000.0
------------------------------------------------