Target: 
Point: (0.5000564340059955, 0.50384425158939, 0.49891968543204046)
Point: (0.5013497941189264, 0.49837491073755874, 0.49960862863706385)
Point: (0.502758180950153, 0.5001935496466083, 0.5024756263352398)
Point: (0.4990216422185581, 0.499801538371934, 0.4964479967332136)

Execution 1
------------------------------------------------
Total Generations: 58
Total Population: 20   ---   Mutation Rate: 0.01  ---  Crossover Probability: 0.9
Average Fitness: 0.8148909570095423  ---  Best Overall Fitness: 0.8321694292243053
------------------------------------------------
Execution 2
------------------------------------------------
Total Generations: 56
Total Population: 20   ---   Mutation Rate: 0.01  ---  Crossover Probability: 0.9
Average Fitness: 0.8148150634752793  ---  Best Overall Fitness: 0.8302776295476086
------------------------------------------------
Execution 3
------------------------------------------------
Total Generations: 55
Total Population: 20   ---   Mutation Rate: 0.01  ---  Crossover Probability: 0.9
Average Fitness: 0.8284594694923069  ---  Best Overall Fitness: 0.8316710914593848
------------------------------------------------
Execution 4
------------------------------------------------
Total Generations: 57
Total Population: 20   ---   Mutation Rate: 0.01  ---  Crossover Probability: 0.9
Average Fitness: 0.8250458078459161  ---  Best Overall Fitness: 0.8313701209179013
------------------------------------------------
Execution 5
------------------------------------------------
Total Generations: 57
Total Population: 20   ---   Mutation Rate: 0.01  ---  Crossover Probability: 0.9
Average Fitness: 0.8250150601763228  ---  Best Overall Fitness: 0.830297216757428
------------------------------------------------
Execution 6
------------------------------------------------
Total Generations: 58
Total Population: 20   ---   Mutation Rate: 0.01  ---  Crossover Probability: 0.9
Average Fitness: 0.8151935880245974  ---  Best Overall Fitness: 0.8317880176481911
------------------------------------------------
Execution 7
------------------------------------------------
Total Generations: 55
Total Population: 20   ---   Mutation Rate: 0.01  ---  Crossover Probability: 0.9
Average Fitness: 0.8157520022340933  ---  Best Overall Fitness: 0.8318630982854891
------------------------------------------------
Execution 8
------------------------------------------------
Total Generations: 59
Total Population: 20   ---   Mutation Rate: 0.01  ---  Crossover Probability: 0.9
Average Fitness: 0.8251621993949183  ---  Best Overall Fitness: 0.830057565415969
------------------------------------------------
Execution 9
------------------------------------------------
Total Generations: 59
Total Population: 20   ---   Mutation Rate: 0.01  ---  Crossover Probability: 0.9
Average Fitness: 0.8319566950178116  ---  Best Overall Fitness: 0.8319579242196513
------------------------------------------------
Execution 10
------------------------------------------------
Total Generations: 51
Total Population: 20   ---   Mutation Rate: 0.01  ---  Crossover Probability: 0.9
Average Fitness: 0.8221817886470195  ---  Best Overall Fitness: 0.831271048610211
------------------------------------------------
Best Fitnesses mean: 0.8312723142086138
Total Generations mean: 56.5
------------------------------------------------