Target: 
Point: (0.5001725940050469, 0.5036817834297834, 0.4998474795298944)
Point: (0.5039438564218683, 0.5055606912877655, 0.5028904912328362)
Point: (0.49716067451645896, 0.5034779879388944, 0.501699905938524)
Point: (0.5022916495637839, 0.5007337711793705, 0.503921658274558)

Execution 1
------------------------------------------------
Total Generations: 1000
Total Population: 20   ---   Mutation Rate: 0.1  ---  Crossover Probability: 0.6
Average Fitness: 0.7422782781899911  ---  Best Overall Fitness: 0.8249543692728502
------------------------------------------------
Execution 2
------------------------------------------------
Total Generations: 1000
Total Population: 20   ---   Mutation Rate: 0.1  ---  Crossover Probability: 0.6
Average Fitness: 0.7284904590281558  ---  Best Overall Fitness: 0.823379318109626
------------------------------------------------
Execution 3
------------------------------------------------
Total Generations: 1000
Total Population: 20   ---   Mutation Rate: 0.1  ---  Crossover Probability: 0.6
Average Fitness: 0.7465534532569763  ---  Best Overall Fitness: 0.8243086478950563
------------------------------------------------
Execution 4
------------------------------------------------
Total Generations: 1000
Total Population: 20   ---   Mutation Rate: 0.1  ---  Crossover Probability: 0.6
Average Fitness: 0.7211689583856901  ---  Best Overall Fitness: 0.8239621899062838
------------------------------------------------
Execution 5
------------------------------------------------
Total Generations: 1000
Total Population: 20   ---   Mutation Rate: 0.1  ---  Crossover Probability: 0.6
Average Fitness: 0.6973972924349298  ---  Best Overall Fitness: 0.8258515313232059
------------------------------------------------
Execution 6
------------------------------------------------
Total Generations: 1000
Total Population: 20   ---   Mutation Rate: 0.1  ---  Crossover Probability: 0.6
Average Fitness: 0.7320984582203308  ---  Best Overall Fitness: 0.821896709187761
------------------------------------------------
Execution 7
------------------------------------------------
Total Generations: 1000
Total Population: 20   ---   Mutation Rate: 0.1  ---  Crossover Probability: 0.6
Average Fitness: 0.7179551741817265  ---  Best Overall Fitness: 0.8261089283945781
------------------------------------------------
Execution 8
------------------------------------------------
Total Generations: 1000
Total Population: 20   ---   Mutation Rate: 0.1  ---  Crossover Probability: 0.6
Average Fitness: 0.7315240044545431  ---  Best Overall Fitness: 0.8230835483724828
------------------------------------------------
Execution 9
------------------------------------------------
Total Generations: 1000
Total Population: 20   ---   Mutation Rate: 0.1  ---  Crossover Probability: 0.6
Average Fitness: 0.7172703422140814  ---  Best Overall Fitness: 0.8222401394767397
------------------------------------------------
Execution 10
------------------------------------------------
Total Generations: 1000
Total Population: 20   ---   Mutation Rate: 0.1  ---  Crossover Probability: 0.6
Average Fitness: 0.7282784623938252  ---  Best Overall Fitness: 0.8241266863742062
------------------------------------------------
Best Fitnesses mean: 0.8239912068312789
Total Generations mean: 1000.0
------------------------------------------------