Target: 
Point: (0.5000081616285128, 0.4995240618461128, 0.5035722140061858)
Point: (0.5005628155772883, 0.5026469580045424, 0.5025515281935891)
Point: (0.5002595870141849, 0.4997649207480766, 0.5014937737680719)
Point: (0.5032474108938773, 0.49773051430097187, 0.49863274974534577)

Execution 1
------------------------------------------------
Total Generations: 1000
Total Population: 20   ---   Mutation Rate: 0.0  ---  Crossover Probability: 0.1
Average Fitness: 0.7445407401414158  ---  Best Overall Fitness: 0.8263634607618
------------------------------------------------
Execution 2
------------------------------------------------
Total Generations: 1000
Total Population: 20   ---   Mutation Rate: 0.0  ---  Crossover Probability: 0.1
Average Fitness: 0.7475951749145866  ---  Best Overall Fitness: 0.8291491405808334
------------------------------------------------
Execution 3
------------------------------------------------
Total Generations: 1000
Total Population: 20   ---   Mutation Rate: 0.0  ---  Crossover Probability: 0.1
Average Fitness: 0.7374197765087841  ---  Best Overall Fitness: 0.8272127552403244
------------------------------------------------
Execution 4
------------------------------------------------
Total Generations: 1000
Total Population: 20   ---   Mutation Rate: 0.0  ---  Crossover Probability: 0.1
Average Fitness: 0.7428575898210774  ---  Best Overall Fitness: 0.8286764834281364
------------------------------------------------
Execution 5
------------------------------------------------
Total Generations: 1000
Total Population: 20   ---   Mutation Rate: 0.0  ---  Crossover Probability: 0.1
Average Fitness: 0.7484443627387765  ---  Best Overall Fitness: 0.8245167928771828
------------------------------------------------
Execution 6
------------------------------------------------
Total Generations: 1000
Total Population: 20   ---   Mutation Rate: 0.0  ---  Crossover Probability: 0.1
Average Fitness: 0.7466863870242062  ---  Best Overall Fitness: 0.8254266768510461
------------------------------------------------
Execution 7
------------------------------------------------
Total Generations: 1000
Total Population: 20   ---   Mutation Rate: 0.0  ---  Crossover Probability: 0.1
Average Fitness: 0.7338060512079918  ---  Best Overall Fitness: 0.8240044985335134
------------------------------------------------
Execution 8
------------------------------------------------
Total Generations: 1000
Total Population: 20   ---   Mutation Rate: 0.0  ---  Crossover Probability: 0.1
Average Fitness: 0.7486740193166614  ---  Best Overall Fitness: 0.8278314058889995
------------------------------------------------
Execution 9
------------------------------------------------
Total Generations: 1000
Total Population: 20   ---   Mutation Rate: 0.0  ---  Crossover Probability: 0.1
Average Fitness: 0.7275336432284985  ---  Best Overall Fitness: 0.8256985312677392
------------------------------------------------
Execution 10
------------------------------------------------
Total Generations: 1000
Total Population: 20   ---   Mutation Rate: 0.0  ---  Crossover Probability: 0.1
Average Fitness: 0.7272609650519387  ---  Best Overall Fitness: 0.8270776097012136
------------------------------------------------
Best Fitnesses mean: 0.8265957355130789
Total Generations mean: 1000.0
------------------------------------------------