Target: 
Point: (0.49841549675906743, 0.5037232573409162, 0.501743155712568)
Point: (0.5022003675037976, 0.5027430580312975, 0.49896430290705024)
Point: (0.4962214768845934, 0.4974135468263572, 0.4986488138003019)
Point: (0.49899781020955003, 0.5002558223452244, 0.5013625102138186)

Execution 1
------------------------------------------------
Total Generations: 975
Total Population: 200   ---   Mutation Rate: 0.1  ---  Crossover Probability: 0.1
Average Fitness: 0.744728977919681  ---  Best Overall Fitness: 0.8299710635703861
------------------------------------------------
Execution 2
------------------------------------------------
Total Generations: 1000
Total Population: 200   ---   Mutation Rate: 0.1  ---  Crossover Probability: 0.1
Average Fitness: 0.7507436321264069  ---  Best Overall Fitness: 0.8281442532708715
------------------------------------------------
Execution 3
------------------------------------------------
Total Generations: 1000
Total Population: 200   ---   Mutation Rate: 0.1  ---  Crossover Probability: 0.1
Average Fitness: 0.7453207794549813  ---  Best Overall Fitness: 0.8283299604699441
------------------------------------------------
Execution 4
------------------------------------------------
Total Generations: 1000
Total Population: 200   ---   Mutation Rate: 0.1  ---  Crossover Probability: 0.1
Average Fitness: 0.7461640444491218  ---  Best Overall Fitness: 0.8285630673223654
------------------------------------------------
Execution 5
------------------------------------------------
Total Generations: 1000
Total Population: 200   ---   Mutation Rate: 0.1  ---  Crossover Probability: 0.1
Average Fitness: 0.74445130882152  ---  Best Overall Fitness: 0.8288763827885139
------------------------------------------------
Execution 6
------------------------------------------------
Total Generations: 1000
Total Population: 200   ---   Mutation Rate: 0.1  ---  Crossover Probability: 0.1
Average Fitness: 0.7477555723903901  ---  Best Overall Fitness: 0.8286748038970144
------------------------------------------------
Execution 7
------------------------------------------------
Total Generations: 1000
Total Population: 200   ---   Mutation Rate: 0.1  ---  Crossover Probability: 0.1
Average Fitness: 0.747898506584619  ---  Best Overall Fitness: 0.830315635223261
------------------------------------------------
Execution 8
------------------------------------------------
Total Generations: 644
Total Population: 200   ---   Mutation Rate: 0.1  ---  Crossover Probability: 0.1
Average Fitness: 0.7460037612524204  ---  Best Overall Fitness: 0.8294974722065913
------------------------------------------------
Execution 9
------------------------------------------------
Total Generations: 1000
Total Population: 200   ---   Mutation Rate: 0.1  ---  Crossover Probability: 0.1
Average Fitness: 0.7480420531671881  ---  Best Overall Fitness: 0.8283990228418395
------------------------------------------------
Execution 10
------------------------------------------------
Total Generations: 609
Total Population: 200   ---   Mutation Rate: 0.1  ---  Crossover Probability: 0.1
Average Fitness: 0.7443891068256089  ---  Best Overall Fitness: 0.8305457509707913
------------------------------------------------
Best Fitnesses mean: 0.8291317412561579
Total Generations mean: 922.8
------------------------------------------------