Target: 
Point: (0.4986692713877705, 0.499901070576424, 0.49959638494680225)
Point: (0.5024822278830137, 0.499466022702229, 0.5004086417110637)
Point: (0.5027308298046917, 0.4968398376659685, 0.49931015315323346)
Point: (0.49288308265467873, 0.5038159693541364, 0.4980317987422009)

Execution 1
------------------------------------------------
Total Generations: 707
Total Population: 200   ---   Mutation Rate: 0.0  ---  Crossover Probability: 0.6
Average Fitness: 0.7437932838270882  ---  Best Overall Fitness: 0.8284208061345854
------------------------------------------------
Execution 2
------------------------------------------------
Total Generations: 1000
Total Population: 200   ---   Mutation Rate: 0.0  ---  Crossover Probability: 0.6
Average Fitness: 0.7418416305283952  ---  Best Overall Fitness: 0.8292027149987381
------------------------------------------------
Execution 3
------------------------------------------------
Total Generations: 693
Total Population: 200   ---   Mutation Rate: 0.0  ---  Crossover Probability: 0.6
Average Fitness: 0.7486828827678467  ---  Best Overall Fitness: 0.8312190057116785
------------------------------------------------
Execution 4
------------------------------------------------
Total Generations: 249
Total Population: 200   ---   Mutation Rate: 0.0  ---  Crossover Probability: 0.6
Average Fitness: 0.7528964667726933  ---  Best Overall Fitness: 0.8279329463111202
------------------------------------------------
Execution 5
------------------------------------------------
Total Generations: 615
Total Population: 200   ---   Mutation Rate: 0.0  ---  Crossover Probability: 0.6
Average Fitness: 0.7506872444770154  ---  Best Overall Fitness: 0.8295424914054209
------------------------------------------------
Execution 6
------------------------------------------------
Total Generations: 436
Total Population: 200   ---   Mutation Rate: 0.0  ---  Crossover Probability: 0.6
Average Fitness: 0.7524083420507636  ---  Best Overall Fitness: 0.8254385502372417
------------------------------------------------
Execution 7
------------------------------------------------
Total Generations: 1000
Total Population: 200   ---   Mutation Rate: 0.0  ---  Crossover Probability: 0.6
Average Fitness: 0.7500508299257976  ---  Best Overall Fitness: 0.8264348529027842
------------------------------------------------
Execution 8
------------------------------------------------
Total Generations: 84
Total Population: 200   ---   Mutation Rate: 0.0  ---  Crossover Probability: 0.6
Average Fitness: 0.7472762561501826  ---  Best Overall Fitness: 0.8257571735227052
------------------------------------------------
Execution 9
------------------------------------------------
Total Generations: 366
Total Population: 200   ---   Mutation Rate: 0.0  ---  Crossover Probability: 0.6
Average Fitness: 0.7451620966848377  ---  Best Overall Fitness: 0.8281933814798876
------------------------------------------------
Execution 10
------------------------------------------------
Total Generations: 228
Total Population: 200   ---   Mutation Rate: 0.0  ---  Crossover Probability: 0.6
Average Fitness: 0.7492423435288255  ---  Best Overall Fitness: 0.8271592250306591
------------------------------------------------
Best Fitnesses mean: 0.827930114773482
Total Generations mean: 537.8
------------------------------------------------