Target: 
Point: (0.5008337607344351, 0.4977931662484348, 0.5014693344754413)
Point: (0.5012888996838704, 0.49369469429938106, 0.4998947328673934)
Point: (0.5046226451190079, 0.4996062886095384, 0.5022571516758558)
Point: (0.49771514645731807, 0.5022089921268282, 0.5096338644082781)

Execution 1
------------------------------------------------
Total Generations: 1000
Total Population: 20   ---   Mutation Rate: 0.0  ---  Crossover Probability: 0.9
Average Fitness: 0.7489136118273028  ---  Best Overall Fitness: 0.8271758118136118
------------------------------------------------
Execution 2
------------------------------------------------
Total Generations: 1000
Total Population: 20   ---   Mutation Rate: 0.0  ---  Crossover Probability: 0.9
Average Fitness: 0.748153717209921  ---  Best Overall Fitness: 0.8247899740812737
------------------------------------------------
Execution 3
------------------------------------------------
Total Generations: 1000
Total Population: 20   ---   Mutation Rate: 0.0  ---  Crossover Probability: 0.9
Average Fitness: 0.7367941561538743  ---  Best Overall Fitness: 0.8265488675175231
------------------------------------------------
Execution 4
------------------------------------------------
Total Generations: 1000
Total Population: 20   ---   Mutation Rate: 0.0  ---  Crossover Probability: 0.9
Average Fitness: 0.7293985743207808  ---  Best Overall Fitness: 0.8258486923127318
------------------------------------------------
Execution 5
------------------------------------------------
Total Generations: 1000
Total Population: 20   ---   Mutation Rate: 0.0  ---  Crossover Probability: 0.9
Average Fitness: 0.7612365057256443  ---  Best Overall Fitness: 0.8238841664758298
------------------------------------------------
Execution 6
------------------------------------------------
Total Generations: 1000
Total Population: 20   ---   Mutation Rate: 0.0  ---  Crossover Probability: 0.9
Average Fitness: 0.7661504825867589  ---  Best Overall Fitness: 0.8271788149794485
------------------------------------------------
Execution 7
------------------------------------------------
Total Generations: 1000
Total Population: 20   ---   Mutation Rate: 0.0  ---  Crossover Probability: 0.9
Average Fitness: 0.7575572802583267  ---  Best Overall Fitness: 0.8276205588258988
------------------------------------------------
Execution 8
------------------------------------------------
Total Generations: 1000
Total Population: 20   ---   Mutation Rate: 0.0  ---  Crossover Probability: 0.9
Average Fitness: 0.7599529286750543  ---  Best Overall Fitness: 0.8248149673355236
------------------------------------------------
Execution 9
------------------------------------------------
Total Generations: 1000
Total Population: 20   ---   Mutation Rate: 0.0  ---  Crossover Probability: 0.9
Average Fitness: 0.7692179656601017  ---  Best Overall Fitness: 0.8292568607998597
------------------------------------------------
Execution 10
------------------------------------------------
Total Generations: 1000
Total Population: 20   ---   Mutation Rate: 0.0  ---  Crossover Probability: 0.9
Average Fitness: 0.7557825354737272  ---  Best Overall Fitness: 0.8282939646412307
------------------------------------------------
Best Fitnesses mean: 0.8265412678782932
Total Generations mean: 1000.0
------------------------------------------------