Target: 
Point: (0.5007258811388476, 0.5015023531320494, 0.49559003805622615)
Point: (0.5002041304913455, 0.4970483283612147, 0.50603034870834)
Point: (0.5008892445384608, 0.5051206320942585, 0.5031851012645828)
Point: (0.500869535288958, 0.5000292205659633, 0.5009343379555785)

Execution 1
------------------------------------------------
Total Generations: 1000
Total Population: 20   ---   Mutation Rate: 0.01  ---  Crossover Probability: 0.1
Average Fitness: 0.7510917819521914  ---  Best Overall Fitness: 0.8251135751968951
------------------------------------------------
Execution 2
------------------------------------------------
Total Generations: 1000
Total Population: 20   ---   Mutation Rate: 0.01  ---  Crossover Probability: 0.1
Average Fitness: 0.7523268105215914  ---  Best Overall Fitness: 0.8237944402469611
------------------------------------------------
Execution 3
------------------------------------------------
Total Generations: 1000
Total Population: 20   ---   Mutation Rate: 0.01  ---  Crossover Probability: 0.1
Average Fitness: 0.7380596260361336  ---  Best Overall Fitness: 0.8246188669155655
------------------------------------------------
Execution 4
------------------------------------------------
Total Generations: 1000
Total Population: 20   ---   Mutation Rate: 0.01  ---  Crossover Probability: 0.1
Average Fitness: 0.7442542794635417  ---  Best Overall Fitness: 0.8257069137851032
------------------------------------------------
Execution 5
------------------------------------------------
Total Generations: 1000
Total Population: 20   ---   Mutation Rate: 0.01  ---  Crossover Probability: 0.1
Average Fitness: 0.7352346806234722  ---  Best Overall Fitness: 0.8267150724035253
------------------------------------------------
Execution 6
------------------------------------------------
Total Generations: 1000
Total Population: 20   ---   Mutation Rate: 0.01  ---  Crossover Probability: 0.1
Average Fitness: 0.7499441858906726  ---  Best Overall Fitness: 0.8276519613376124
------------------------------------------------
Execution 7
------------------------------------------------
Total Generations: 1000
Total Population: 20   ---   Mutation Rate: 0.01  ---  Crossover Probability: 0.1
Average Fitness: 0.745044906502229  ---  Best Overall Fitness: 0.8286079752586611
------------------------------------------------
Execution 8
------------------------------------------------
Total Generations: 1000
Total Population: 20   ---   Mutation Rate: 0.01  ---  Crossover Probability: 0.1
Average Fitness: 0.739656902058871  ---  Best Overall Fitness: 0.827631687792402
------------------------------------------------
Execution 9
------------------------------------------------
Total Generations: 1000
Total Population: 20   ---   Mutation Rate: 0.01  ---  Crossover Probability: 0.1
Average Fitness: 0.747547416711039  ---  Best Overall Fitness: 0.8293403088314648
------------------------------------------------
Execution 10
------------------------------------------------
Total Generations: 1000
Total Population: 20   ---   Mutation Rate: 0.01  ---  Crossover Probability: 0.1
Average Fitness: 0.7521944556871586  ---  Best Overall Fitness: 0.8292218214238756
------------------------------------------------
Best Fitnesses mean: 0.8268402623192065
Total Generations mean: 1000.0
------------------------------------------------