Target: 
Point: (0.5001340538428064, 0.5043866100081373, 0.4973434582045103)
Point: (0.5013015046611704, 0.49479476728808786, 0.5028657112492945)
Point: (0.5029193732866253, 0.5011400516326602, 0.5001080058069001)
Point: (0.5011239121393333, 0.49991684793089886, 0.4986781636840933)

Execution 1
------------------------------------------------
Total Generations: 1000
Total Population: 200   ---   Mutation Rate: 0.1  ---  Crossover Probability: 0.6
Average Fitness: 0.7454839417673914  ---  Best Overall Fitness: 0.8301743849280759
------------------------------------------------
Execution 2
------------------------------------------------
Total Generations: 1000
Total Population: 200   ---   Mutation Rate: 0.1  ---  Crossover Probability: 0.6
Average Fitness: 0.7476002198027278  ---  Best Overall Fitness: 0.8274183433368134
------------------------------------------------
Execution 3
------------------------------------------------
Total Generations: 945
Total Population: 200   ---   Mutation Rate: 0.1  ---  Crossover Probability: 0.6
Average Fitness: 0.7483719295279377  ---  Best Overall Fitness: 0.8289689078646061
------------------------------------------------
Execution 4
------------------------------------------------
Total Generations: 289
Total Population: 200   ---   Mutation Rate: 0.1  ---  Crossover Probability: 0.6
Average Fitness: 0.7510190348602389  ---  Best Overall Fitness: 0.8276914018349416
------------------------------------------------
Execution 5
------------------------------------------------
Total Generations: 1000
Total Population: 200   ---   Mutation Rate: 0.1  ---  Crossover Probability: 0.6
Average Fitness: 0.7496539815413272  ---  Best Overall Fitness: 0.828712141307215
------------------------------------------------
Execution 6
------------------------------------------------
Total Generations: 581
Total Population: 200   ---   Mutation Rate: 0.1  ---  Crossover Probability: 0.6
Average Fitness: 0.749376082893702  ---  Best Overall Fitness: 0.8304717624197725
------------------------------------------------
Execution 7
------------------------------------------------
Total Generations: 1000
Total Population: 200   ---   Mutation Rate: 0.1  ---  Crossover Probability: 0.6
Average Fitness: 0.747068660162432  ---  Best Overall Fitness: 0.828309103890558
------------------------------------------------
Execution 8
------------------------------------------------
Total Generations: 871
Total Population: 200   ---   Mutation Rate: 0.1  ---  Crossover Probability: 0.6
Average Fitness: 0.748679225877132  ---  Best Overall Fitness: 0.8274023883678874
------------------------------------------------
Execution 9
------------------------------------------------
Total Generations: 1000
Total Population: 200   ---   Mutation Rate: 0.1  ---  Crossover Probability: 0.6
Average Fitness: 0.7496514225090175  ---  Best Overall Fitness: 0.8297315531778349
------------------------------------------------
Execution 10
------------------------------------------------
Total Generations: 188
Total Population: 200   ---   Mutation Rate: 0.1  ---  Crossover Probability: 0.6
Average Fitness: 0.7437283888126726  ---  Best Overall Fitness: 0.8271255538481547
------------------------------------------------
Best Fitnesses mean: 0.828600554097586
Total Generations mean: 787.4
------------------------------------------------