Target: 
Point: (0.4977288856354044, 0.49999476579330676, 0.5002716116065811)
Point: (0.49694594209066356, 0.49755911028554756, 0.4994670106894474)
Point: (0.4997775478108918, 0.4989143963293683, 0.4987427962324405)
Point: (0.5041384596530805, 0.5004761964961331, 0.4967244219756901)

Execution 1
------------------------------------------------
Total Generations: 52
Total Population: 200   ---   Mutation Rate: 0.1  ---  Crossover Probability: 0.6
Average Fitness: 0.7974984897170923  ---  Best Overall Fitness: 0.8333301271372962
------------------------------------------------
Execution 2
------------------------------------------------
Total Generations: 51
Total Population: 200   ---   Mutation Rate: 0.1  ---  Crossover Probability: 0.6
Average Fitness: 0.7938578301802177  ---  Best Overall Fitness: 0.8333298026416934
------------------------------------------------
Execution 3
------------------------------------------------
Total Generations: 52
Total Population: 200   ---   Mutation Rate: 0.1  ---  Crossover Probability: 0.6
Average Fitness: 0.79556285470562  ---  Best Overall Fitness: 0.8333251570638127
------------------------------------------------
Execution 4
------------------------------------------------
Total Generations: 52
Total Population: 200   ---   Mutation Rate: 0.1  ---  Crossover Probability: 0.6
Average Fitness: 0.7968182836752165  ---  Best Overall Fitness: 0.8333152600792186
------------------------------------------------
Execution 5
------------------------------------------------
Total Generations: 51
Total Population: 200   ---   Mutation Rate: 0.1  ---  Crossover Probability: 0.6
Average Fitness: 0.7883119483940587  ---  Best Overall Fitness: 0.833315659958661
------------------------------------------------
Execution 6
------------------------------------------------
Total Generations: 51
Total Population: 200   ---   Mutation Rate: 0.1  ---  Crossover Probability: 0.6
Average Fitness: 0.7964421781766426  ---  Best Overall Fitness: 0.8333332853018565
------------------------------------------------
Execution 7
------------------------------------------------
Total Generations: 52
Total Population: 200   ---   Mutation Rate: 0.1  ---  Crossover Probability: 0.6
Average Fitness: 0.7965427543787207  ---  Best Overall Fitness: 0.833333260435373
------------------------------------------------
Execution 8
------------------------------------------------
Total Generations: 52
Total Population: 200   ---   Mutation Rate: 0.1  ---  Crossover Probability: 0.6
Average Fitness: 0.7965308330656248  ---  Best Overall Fitness: 0.8333311658644202
------------------------------------------------
Execution 9
------------------------------------------------
Total Generations: 52
Total Population: 200   ---   Mutation Rate: 0.1  ---  Crossover Probability: 0.6
Average Fitness: 0.7968155934665068  ---  Best Overall Fitness: 0.8333290738195871
------------------------------------------------
Execution 10
------------------------------------------------
Total Generations: 52
Total Population: 200   ---   Mutation Rate: 0.1  ---  Crossover Probability: 0.6
Average Fitness: 0.8005735719048999  ---  Best Overall Fitness: 0.8333279989015252
------------------------------------------------
Best Fitnesses mean: 0.8333270791203443
Total Generations mean: 51.7
------------------------------------------------