Target: 
Point: (0.5005888084269445, 0.5012797855594411, 0.5027771673837056)
Point: (0.5001840920136783, 0.5030060196146858, 0.4973567214662543)
Point: (0.4994510896041857, 0.4970587149556101, 0.49697294722718827)
Point: (0.5017235384867184, 0.49626203261128293, 0.5011674258065402)

Execution 1
------------------------------------------------
Total Generations: 1000
Total Population: 20   ---   Mutation Rate: 0.01  ---  Crossover Probability: 0.6
Average Fitness: 0.7298149084964212  ---  Best Overall Fitness: 0.8237463538615054
------------------------------------------------
Execution 2
------------------------------------------------
Total Generations: 1000
Total Population: 20   ---   Mutation Rate: 0.01  ---  Crossover Probability: 0.6
Average Fitness: 0.7218370784284736  ---  Best Overall Fitness: 0.8274171821898022
------------------------------------------------
Execution 3
------------------------------------------------
Total Generations: 1000
Total Population: 20   ---   Mutation Rate: 0.01  ---  Crossover Probability: 0.6
Average Fitness: 0.724071483940668  ---  Best Overall Fitness: 0.8228375146582319
------------------------------------------------
Execution 4
------------------------------------------------
Total Generations: 1000
Total Population: 20   ---   Mutation Rate: 0.01  ---  Crossover Probability: 0.6
Average Fitness: 0.7138123790906741  ---  Best Overall Fitness: 0.8232279367141481
------------------------------------------------
Execution 5
------------------------------------------------
Total Generations: 1000
Total Population: 20   ---   Mutation Rate: 0.01  ---  Crossover Probability: 0.6
Average Fitness: 0.7094013480965546  ---  Best Overall Fitness: 0.8243535095661199
------------------------------------------------
Execution 6
------------------------------------------------
Total Generations: 1000
Total Population: 20   ---   Mutation Rate: 0.01  ---  Crossover Probability: 0.6
Average Fitness: 0.7155188423827676  ---  Best Overall Fitness: 0.8260126763754057
------------------------------------------------
Execution 7
------------------------------------------------
Total Generations: 1000
Total Population: 20   ---   Mutation Rate: 0.01  ---  Crossover Probability: 0.6
Average Fitness: 0.7291433476247561  ---  Best Overall Fitness: 0.8211620216715512
------------------------------------------------
Execution 8
------------------------------------------------
Total Generations: 1000
Total Population: 20   ---   Mutation Rate: 0.01  ---  Crossover Probability: 0.6
Average Fitness: 0.7314584465893641  ---  Best Overall Fitness: 0.8254320407807906
------------------------------------------------
Execution 9
------------------------------------------------
Total Generations: 1000
Total Population: 20   ---   Mutation Rate: 0.01  ---  Crossover Probability: 0.6
Average Fitness: 0.7186238360854298  ---  Best Overall Fitness: 0.8243671112694726
------------------------------------------------
Execution 10
------------------------------------------------
Total Generations: 1000
Total Population: 20   ---   Mutation Rate: 0.01  ---  Crossover Probability: 0.6
Average Fitness: 0.7118954783340555  ---  Best Overall Fitness: 0.8235216505963546
------------------------------------------------
Best Fitnesses mean: 0.8242077997683384
Total Generations mean: 1000.0
------------------------------------------------