Target: 
Point: (0.49676697994074437, 0.5022392101059491, 0.49698238812138673)
Point: (0.4985168591371415, 0.5009298946116947, 0.49783147422186536)
Point: (0.5000475924658706, 0.5017232512773296, 0.49829536966169197)
Point: (0.5023919023603691, 0.5030799329246473, 0.503802964451874)

Execution 1
------------------------------------------------
Total Generations: 269
Total Population: 200   ---   Mutation Rate: 0.1  ---  Crossover Probability: 0.9
Average Fitness: 0.7555719480911249  ---  Best Overall Fitness: 0.8292076052129194
------------------------------------------------
Execution 2
------------------------------------------------
Total Generations: 614
Total Population: 200   ---   Mutation Rate: 0.1  ---  Crossover Probability: 0.9
Average Fitness: 0.7535006221120494  ---  Best Overall Fitness: 0.8280283320988876
------------------------------------------------
Execution 3
------------------------------------------------
Total Generations: 140
Total Population: 200   ---   Mutation Rate: 0.1  ---  Crossover Probability: 0.9
Average Fitness: 0.7508115716129686  ---  Best Overall Fitness: 0.8292452078630618
------------------------------------------------
Execution 4
------------------------------------------------
Total Generations: 1000
Total Population: 200   ---   Mutation Rate: 0.1  ---  Crossover Probability: 0.9
Average Fitness: 0.754579857196939  ---  Best Overall Fitness: 0.8285242676928445
------------------------------------------------
Execution 5
------------------------------------------------
Total Generations: 148
Total Population: 200   ---   Mutation Rate: 0.1  ---  Crossover Probability: 0.9
Average Fitness: 0.7493435415525387  ---  Best Overall Fitness: 0.8266245170604005
------------------------------------------------
Execution 6
------------------------------------------------
Total Generations: 790
Total Population: 200   ---   Mutation Rate: 0.1  ---  Crossover Probability: 0.9
Average Fitness: 0.7500063288972801  ---  Best Overall Fitness: 0.8302613179095669
------------------------------------------------
Execution 7
------------------------------------------------
Total Generations: 672
Total Population: 200   ---   Mutation Rate: 0.1  ---  Crossover Probability: 0.9
Average Fitness: 0.7479362693750794  ---  Best Overall Fitness: 0.8275362275651316
------------------------------------------------
Execution 8
------------------------------------------------
Total Generations: 392
Total Population: 200   ---   Mutation Rate: 0.1  ---  Crossover Probability: 0.9
Average Fitness: 0.7502663072175774  ---  Best Overall Fitness: 0.8294823765448501
------------------------------------------------
Execution 9
------------------------------------------------
Total Generations: 508
Total Population: 200   ---   Mutation Rate: 0.1  ---  Crossover Probability: 0.9
Average Fitness: 0.7519354991074543  ---  Best Overall Fitness: 0.8298755518503333
------------------------------------------------
Execution 10
------------------------------------------------
Total Generations: 340
Total Population: 200   ---   Mutation Rate: 0.1  ---  Crossover Probability: 0.9
Average Fitness: 0.7545129835793959  ---  Best Overall Fitness: 0.8287140376278999
------------------------------------------------
Best Fitnesses mean: 0.8287499441425897
Total Generations mean: 487.3
------------------------------------------------