Target: 
Point: (0.497357614931504, 0.5008325249440957, 0.4993524950782601)
Point: (0.4959995496102166, 0.5044337309753038, 0.4957354729228203)
Point: (0.500046524957927, 0.49796268169855257, 0.4995539445136979)
Point: (0.4990987087871601, 0.5009780455466455, 0.4972216637129143)


Execution 1

Generation 1 | Average Generation Fitness: 0.7605454961332849 | Best Fitness: 0.7610854230374217 | Population Length: 20
Generation 2 | Average Generation Fitness: 0.7510205146527412 | Best Fitness: 0.8127858347520169 | Population Length: 20
Generation 3 | Average Generation Fitness: 0.7807341722034578 | Best Fitness: 0.8127858347520169 | Population Length: 20
Generation 4 | Average Generation Fitness: 0.780217340313895 | Best Fitness: 0.8127858347520169 | Population Length: 20
Generation 5 | Average Generation Fitness: 0.7798098550379325 | Best Fitness: 0.8127858347520169 | Population Length: 20
Generation 6 | Average Generation Fitness: 0.7702546586817353 | Best Fitness: 0.8127858347520169 | Population Length: 20
Generation 7 | Average Generation Fitness: 0.7731950916546886 | Best Fitness: 0.8127858347520169 | Population Length: 20
Generation 8 | Average Generation Fitness: 0.7834977855805861 | Best Fitness: 0.8127858347520169 | Population Length: 20
Generation 9 | Average Generation Fitness: 0.7899389499490347 | Best Fitness: 0.8127858347520169 | Population Length: 20
Generation 10 | Average Generation Fitness: 0.7811398433948277 | Best Fitness: 0.8127858347520169 | Population Length: 20
Generation 11 | Average Generation Fitness: 0.7590591659552053 | Best Fitness: 0.8127858347520169 | Population Length: 20
Generation 12 | Average Generation Fitness: 0.7740857512951616 | Best Fitness: 0.8127858347520169 | Population Length: 20
Generation 13 | Average Generation Fitness: 0.7934323727836693 | Best Fitness: 0.8127858347520169 | Population Length: 20
Generation 14 | Average Generation Fitness: 0.7983423916569256 | Best Fitness: 0.8127858347520169 | Population Length: 20
Generation 15 | Average Generation Fitness: 0.7939388583635832 | Best Fitness: 0.8127858347520169 | Population Length: 20
Generation 16 | Average Generation Fitness: 0.7861685582988215 | Best Fitness: 0.8127858347520169 | Population Length: 20
Generation 17 | Average Generation Fitness: 0.7831168623262866 | Best Fitness: 0.8127858347520169 | Population Length: 20
Generation 18 | Average Generation Fitness: 0.7888197130898462 | Best Fitness: 0.8127858347520169 | Population Length: 20
Generation 19 | Average Generation Fitness: 0.7908450798472615 | Best Fitness: 0.8127858347520169 | Population Length: 20
Generation 20 | Average Generation Fitness: 0.7732766872885002 | Best Fitness: 0.8127858347520169 | Population Length: 20
Generation 21 | Average Generation Fitness: 0.791989262961191 | Best Fitness: 0.8127858347520169 | Population Length: 20
Generation 22 | Average Generation Fitness: 0.7808072061198683 | Best Fitness: 0.8127858347520169 | Population Length: 20
Generation 23 | Average Generation Fitness: 0.794095884163983 | Best Fitness: 0.8127858347520169 | Population Length: 20
Generation 24 | Average Generation Fitness: 0.7875429522714686 | Best Fitness: 0.8127858347520169 | Population Length: 20
Generation 25 | Average Generation Fitness: 0.7784456011853518 | Best Fitness: 0.8127858347520169 | Population Length: 20
Generation 26 | Average Generation Fitness: 0.7964973332224281 | Best Fitness: 0.8127858347520169 | Population Length: 20
Generation 27 | Average Generation Fitness: 0.7894242897838912 | Best Fitness: 0.8127858347520169 | Population Length: 20
Generation 28 | Average Generation Fitness: 0.7978518629548825 | Best Fitness: 0.8127858347520169 | Population Length: 20
Generation 29 | Average Generation Fitness: 0.8006350123572148 | Best Fitness: 0.8127858347520169 | Population Length: 20
Generation 30 | Average Generation Fitness: 0.785475794579962 | Best Fitness: 0.8127858347520169 | Population Length: 20
Generation 31 | Average Generation Fitness: 0.7704879864225975 | Best Fitness: 0.8127858347520169 | Population Length: 20
Generation 32 | Average Generation Fitness: 0.7717709185909399 | Best Fitness: 0.8127858347520169 | Population Length: 20
Generation 33 | Average Generation Fitness: 0.7932065029726288 | Best Fitness: 0.8127858347520169 | Population Length: 20
Generation 34 | Average Generation Fitness: 0.7804790170744088 | Best Fitness: 0.8127858347520169 | Population Length: 20
Generation 35 | Average Generation Fitness: 0.7871271386617916 | Best Fitness: 0.8127858347520169 | Population Length: 20
Generation 36 | Average Generation Fitness: 0.7957835291287599 | Best Fitness: 0.8127858347520169 | Population Length: 20
Generation 37 | Average Generation Fitness: 0.7834041929248978 | Best Fitness: 0.8127858347520169 | Population Length: 20
Generation 38 | Average Generation Fitness: 0.7925565651357686 | Best Fitness: 0.8127858347520169 | Population Length: 20
Generation 39 | Average Generation Fitness: 0.7881513501921574 | Best Fitness: 0.8127858347520169 | Population Length: 20
Generation 40 | Average Generation Fitness: 0.7900189030106863 | Best Fitness: 0.8127858347520169 | Population Length: 20
Generation 41 | Average Generation Fitness: 0.803653501079161 | Best Fitness: 0.8129536208132325 | Population Length: 20
Generation 42 | Average Generation Fitness: 0.7883485340195355 | Best Fitness: 0.8254397112901829 | Population Length: 20
Generation 43 | Average Generation Fitness: 0.7931154364096777 | Best Fitness: 0.8254397112901829 | Population Length: 20
Generation 44 | Average Generation Fitness: 0.7967357456859668 | Best Fitness: 0.8254397112901829 | Population Length: 20
Generation 45 | Average Generation Fitness: 0.7920232919244454 | Best Fitness: 0.8254397112901829 | Population Length: 20
Generation 46 | Average Generation Fitness: 0.7942344494936177 | Best Fitness: 0.8254397112901829 | Population Length: 20
Generation 47 | Average Generation Fitness: 0.7936782711036627 | Best Fitness: 0.8254397112901829 | Population Length: 20
Generation 48 | Average Generation Fitness: 0.8081439743690106 | Best Fitness: 0.8254397112901829 | Population Length: 20
Generation 49 | Average Generation Fitness: 0.7748209560302655 | Best Fitness: 0.8254397112901829 | Population Length: 20
Generation 50 | Average Generation Fitness: 0.8040186458542873 | Best Fitness: 0.8254397112901829 | Population Length: 20
Generation 51 | Average Generation Fitness: 0.7992956335968476 | Best Fitness: 0.8254397112901829 | Population Length: 20
Generation 52 | Average Generation Fitness: 0.8014122772862999 | Best Fitness: 0.8254397112901829 | Population Length: 20
Generation 53 | Average Generation Fitness: 0.7899952579965925 | Best Fitness: 0.8254397112901829 | Population Length: 20
Generation 54 | Average Generation Fitness: 0.7955472613857587 | Best Fitness: 0.8254397112901829 | Population Length: 20
Generation 55 | Average Generation Fitness: 0.8081310875323083 | Best Fitness: 0.8254397112901829 | Population Length: 20
Generation 56 | Average Generation Fitness: 0.8001039195048417 | Best Fitness: 0.8254397112901829 | Population Length: 20
Generation 57 | Average Generation Fitness: 0.798489870269465 | Best Fitness: 0.8254397112901829 | Population Length: 20
Generation 58 | Average Generation Fitness: 0.8050833112112443 | Best Fitness: 0.8254397112901829 | Population Length: 20
Generation 59 | Average Generation Fitness: 0.7967355972663517 | Best Fitness: 0.8254397112901829 | Population Length: 20
Generation 60 | Average Generation Fitness: 0.8004828743645251 | Best Fitness: 0.8254397112901829 | Population Length: 20
Generation 61 | Average Generation Fitness: 0.788723067960843 | Best Fitness: 0.8254397112901829 | Population Length: 20
Generation 62 | Average Generation Fitness: 0.7902369936225676 | Best Fitness: 0.8254397112901829 | Population Length: 20
Generation 63 | Average Generation Fitness: 0.7880146140308568 | Best Fitness: 0.8254397112901829 | Population Length: 20
Generation 64 | Average Generation Fitness: 0.7843372809240048 | Best Fitness: 0.8254397112901829 | Population Length: 20
Generation 65 | Average Generation Fitness: 0.7877129806398495 | Best Fitness: 0.8254397112901829 | Population Length: 20
Generation 66 | Average Generation Fitness: 0.8039677974588326 | Best Fitness: 0.8254397112901829 | Population Length: 20
Generation 67 | Average Generation Fitness: 0.7986766595748753 | Best Fitness: 0.8254397112901829 | Population Length: 20
Generation 68 | Average Generation Fitness: 0.8028691723789751 | Best Fitness: 0.8254397112901829 | Population Length: 20
Generation 69 | Average Generation Fitness: 0.7974840061115765 | Best Fitness: 0.8254397112901829 | Population Length: 20
Generation 70 | Average Generation Fitness: 0.7922884688878694 | Best Fitness: 0.8254397112901829 | Population Length: 20
Generation 71 | Average Generation Fitness: 0.7911151850177114 | Best Fitness: 0.8254397112901829 | Population Length: 20
Generation 72 | Average Generation Fitness: 0.7946580758545603 | Best Fitness: 0.8254397112901829 | Population Length: 20
Generation 73 | Average Generation Fitness: 0.8010554439218627 | Best Fitness: 0.8254397112901829 | Population Length: 20
Generation 74 | Average Generation Fitness: 0.7947143107395171 | Best Fitness: 0.8254397112901829 | Population Length: 20
Generation 75 | Average Generation Fitness: 0.8032207075111943 | Best Fitness: 0.8254397112901829 | Population Length: 20
Generation 76 | Average Generation Fitness: 0.7896401681887892 | Best Fitness: 0.8254397112901829 | Population Length: 20
Generation 77 | Average Generation Fitness: 0.8111788062581249 | Best Fitness: 0.8254397112901829 | Population Length: 20
Generation 78 | Average Generation Fitness: 0.7841176722323328 | Best Fitness: 0.8254397112901829 | Population Length: 20
Generation 79 | Average Generation Fitness: 0.7963681872672641 | Best Fitness: 0.8254397112901829 | Population Length: 20
Generation 80 | Average Generation Fitness: 0.7938779876832722 | Best Fitness: 0.8254397112901829 | Population Length: 20
Generation 81 | Average Generation Fitness: 0.7974134721511646 | Best Fitness: 0.8254397112901829 | Population Length: 20
Generation 82 | Average Generation Fitness: 0.7953839891179941 | Best Fitness: 0.8254397112901829 | Population Length: 20
Generation 83 | Average Generation Fitness: 0.8082147976778348 | Best Fitness: 0.8254397112901829 | Population Length: 20
Generation 84 | Average Generation Fitness: 0.8053156296769647 | Best Fitness: 0.8254397112901829 | Population Length: 20
Generation 85 | Average Generation Fitness: 0.794246366917609 | Best Fitness: 0.8254397112901829 | Population Length: 20
Generation 86 | Average Generation Fitness: 0.8014571740684546 | Best Fitness: 0.8254397112901829 | Population Length: 20
Generation 87 | Average Generation Fitness: 0.796228422283398 | Best Fitness: 0.8254397112901829 | Population Length: 20
Generation 88 | Average Generation Fitness: 0.8075072870244503 | Best Fitness: 0.8254397112901829 | Population Length: 20
Generation 89 | Average Generation Fitness: 0.7862680587107795 | Best Fitness: 0.8254397112901829 | Population Length: 20
Generation 90 | Average Generation Fitness: 0.8076504886029252 | Best Fitness: 0.8254397112901829 | Population Length: 20
Generation 91 | Average Generation Fitness: 0.782395595380821 | Best Fitness: 0.8254397112901829 | Population Length: 20
Generation 92 | Average Generation Fitness: 0.7942005665846632 | Best Fitness: 0.8254397112901829 | Population Length: 20
------------------------------------------------
Total Generations: 92
Total Population: 20   ---   Mutation Rate: 0.0  ---  Crossover Probability: 0.6
Average Fitness: 0.7942005665846632  ---  Best Overall Fitness: 0.8254397112901829
------------------------------------------------

Execution 2

Generation 1 | Average Generation Fitness: 0.7397946833062186 | Best Fitness: 0.7460535019468694 | Population Length: 20
Generation 2 | Average Generation Fitness: 0.7501648127327447 | Best Fitness: 0.8037860147162809 | Population Length: 20
Generation 3 | Average Generation Fitness: 0.7673085359000706 | Best Fitness: 0.8069972797267667 | Population Length: 20
Generation 4 | Average Generation Fitness: 0.7787022502951874 | Best Fitness: 0.8069972797267667 | Population Length: 20
Generation 5 | Average Generation Fitness: 0.78907182150198 | Best Fitness: 0.8069972797267667 | Population Length: 20
Generation 6 | Average Generation Fitness: 0.7635400013589977 | Best Fitness: 0.8069972797267667 | Population Length: 20
Generation 7 | Average Generation Fitness: 0.7742303934031749 | Best Fitness: 0.8069972797267667 | Population Length: 20
Generation 8 | Average Generation Fitness: 0.7915061516028651 | Best Fitness: 0.8069972797267667 | Population Length: 20
Generation 9 | Average Generation Fitness: 0.7817275459593024 | Best Fitness: 0.8069972797267667 | Population Length: 20
Generation 10 | Average Generation Fitness: 0.7942255971384304 | Best Fitness: 0.8069972797267667 | Population Length: 20
Generation 11 | Average Generation Fitness: 0.7750364024788304 | Best Fitness: 0.8069972797267667 | Population Length: 20
Generation 12 | Average Generation Fitness: 0.7787445063454469 | Best Fitness: 0.8069972797267667 | Population Length: 20
Generation 13 | Average Generation Fitness: 0.7822498592426476 | Best Fitness: 0.8069972797267667 | Population Length: 20
Generation 14 | Average Generation Fitness: 0.783760479323076 | Best Fitness: 0.8069972797267667 | Population Length: 20
Generation 15 | Average Generation Fitness: 0.7912110372664347 | Best Fitness: 0.8069972797267667 | Population Length: 20
Generation 16 | Average Generation Fitness: 0.7831027952390338 | Best Fitness: 0.8069972797267667 | Population Length: 20
Generation 17 | Average Generation Fitness: 0.7795572925030093 | Best Fitness: 0.8071177742897131 | Population Length: 20
Generation 18 | Average Generation Fitness: 0.7772632528788399 | Best Fitness: 0.8071177742897131 | Population Length: 20
Generation 19 | Average Generation Fitness: 0.7721306314534818 | Best Fitness: 0.8071177742897131 | Population Length: 20
Generation 20 | Average Generation Fitness: 0.784215330180266 | Best Fitness: 0.8071177742897131 | Population Length: 20
Generation 21 | Average Generation Fitness: 0.7861809529599454 | Best Fitness: 0.8071177742897131 | Population Length: 20
Generation 22 | Average Generation Fitness: 0.7814223825989872 | Best Fitness: 0.8071177742897131 | Population Length: 20
Generation 23 | Average Generation Fitness: 0.7806040658672495 | Best Fitness: 0.8071177742897131 | Population Length: 20
Generation 24 | Average Generation Fitness: 0.777602791440322 | Best Fitness: 0.8071177742897131 | Population Length: 20
Generation 25 | Average Generation Fitness: 0.7867442397478042 | Best Fitness: 0.810606905611528 | Population Length: 20
Generation 26 | Average Generation Fitness: 0.7949312238361672 | Best Fitness: 0.8163984320465832 | Population Length: 20
Generation 27 | Average Generation Fitness: 0.7969796158635412 | Best Fitness: 0.8163984320465832 | Population Length: 20
Generation 28 | Average Generation Fitness: 0.791187538057913 | Best Fitness: 0.8163984320465832 | Population Length: 20
Generation 29 | Average Generation Fitness: 0.7867049261694559 | Best Fitness: 0.8163984320465832 | Population Length: 20
Generation 30 | Average Generation Fitness: 0.7789599079215929 | Best Fitness: 0.8163984320465832 | Population Length: 20
Generation 31 | Average Generation Fitness: 0.798484358932497 | Best Fitness: 0.8163984320465832 | Population Length: 20
Generation 32 | Average Generation Fitness: 0.7817786402310666 | Best Fitness: 0.8163984320465832 | Population Length: 20
Generation 33 | Average Generation Fitness: 0.7784307584978873 | Best Fitness: 0.8163984320465832 | Population Length: 20
Generation 34 | Average Generation Fitness: 0.7904097206418849 | Best Fitness: 0.8163984320465832 | Population Length: 20
Generation 35 | Average Generation Fitness: 0.7915158961687514 | Best Fitness: 0.8163984320465832 | Population Length: 20
Generation 36 | Average Generation Fitness: 0.8007956248620813 | Best Fitness: 0.8163984320465832 | Population Length: 20
Generation 37 | Average Generation Fitness: 0.7991097478076148 | Best Fitness: 0.8163984320465832 | Population Length: 20
Generation 38 | Average Generation Fitness: 0.7964003393258035 | Best Fitness: 0.8163984320465832 | Population Length: 20
Generation 39 | Average Generation Fitness: 0.794526734500006 | Best Fitness: 0.8163984320465832 | Population Length: 20
Generation 40 | Average Generation Fitness: 0.7980547609939348 | Best Fitness: 0.8163984320465832 | Population Length: 20
Generation 41 | Average Generation Fitness: 0.7783426897878334 | Best Fitness: 0.8163984320465832 | Population Length: 20
Generation 42 | Average Generation Fitness: 0.8025227666097084 | Best Fitness: 0.8163984320465832 | Population Length: 20
Generation 43 | Average Generation Fitness: 0.7842613031681911 | Best Fitness: 0.8163984320465832 | Population Length: 20
Generation 44 | Average Generation Fitness: 0.7951953962022988 | Best Fitness: 0.8163984320465832 | Population Length: 20
Generation 45 | Average Generation Fitness: 0.787771571920472 | Best Fitness: 0.8163984320465832 | Population Length: 20
Generation 46 | Average Generation Fitness: 0.7932537555507617 | Best Fitness: 0.8163984320465832 | Population Length: 20
Generation 47 | Average Generation Fitness: 0.7812108484227429 | Best Fitness: 0.8163984320465832 | Population Length: 20
Generation 48 | Average Generation Fitness: 0.7911760223651072 | Best Fitness: 0.8163984320465832 | Population Length: 20
Generation 49 | Average Generation Fitness: 0.7734088027812389 | Best Fitness: 0.8163984320465832 | Population Length: 20
Generation 50 | Average Generation Fitness: 0.783418216966077 | Best Fitness: 0.8163984320465832 | Population Length: 20
Generation 51 | Average Generation Fitness: 0.79703624202989 | Best Fitness: 0.8163984320465832 | Population Length: 20
Generation 52 | Average Generation Fitness: 0.7845371550445692 | Best Fitness: 0.8163984320465832 | Population Length: 20
------------------------------------------------
Total Generations: 52
Total Population: 20   ---   Mutation Rate: 0.0  ---  Crossover Probability: 0.6
Average Fitness: 0.7845371550445692  ---  Best Overall Fitness: 0.8163984320465832
------------------------------------------------

Execution 3

Generation 1 | Average Generation Fitness: 0.7566290228306319 | Best Fitness: 0.7922423344950602 | Population Length: 20
Generation 2 | Average Generation Fitness: 0.7655786504479021 | Best Fitness: 0.7922423344950602 | Population Length: 20
Generation 3 | Average Generation Fitness: 0.772167094558638 | Best Fitness: 0.8099802483643995 | Population Length: 20
Generation 4 | Average Generation Fitness: 0.7821923200058747 | Best Fitness: 0.8187003439174222 | Population Length: 20
Generation 5 | Average Generation Fitness: 0.7889760114634731 | Best Fitness: 0.8187003439174222 | Population Length: 20
Generation 6 | Average Generation Fitness: 0.7801998571494557 | Best Fitness: 0.8187003439174222 | Population Length: 20
Generation 7 | Average Generation Fitness: 0.795263294725485 | Best Fitness: 0.8187003439174222 | Population Length: 20
Generation 8 | Average Generation Fitness: 0.789891025001557 | Best Fitness: 0.8187003439174222 | Population Length: 20
Generation 9 | Average Generation Fitness: 0.8004837018244126 | Best Fitness: 0.8187003439174222 | Population Length: 20
Generation 10 | Average Generation Fitness: 0.803685960363417 | Best Fitness: 0.8187003439174222 | Population Length: 20
Generation 11 | Average Generation Fitness: 0.7910068302615479 | Best Fitness: 0.8187003439174222 | Population Length: 20
Generation 12 | Average Generation Fitness: 0.7766941450060305 | Best Fitness: 0.8187003439174222 | Population Length: 20
Generation 13 | Average Generation Fitness: 0.7777391630604436 | Best Fitness: 0.8187003439174222 | Population Length: 20
Generation 14 | Average Generation Fitness: 0.8042740192954033 | Best Fitness: 0.8187003439174222 | Population Length: 20
Generation 15 | Average Generation Fitness: 0.7916872358097906 | Best Fitness: 0.8187003439174222 | Population Length: 20
Generation 16 | Average Generation Fitness: 0.8086422001707574 | Best Fitness: 0.8187003439174222 | Population Length: 20
Generation 17 | Average Generation Fitness: 0.7907594186150391 | Best Fitness: 0.8187003439174222 | Population Length: 20
Generation 18 | Average Generation Fitness: 0.7770389233050071 | Best Fitness: 0.8187003439174222 | Population Length: 20
Generation 19 | Average Generation Fitness: 0.7813458138326439 | Best Fitness: 0.8187003439174222 | Population Length: 20
Generation 20 | Average Generation Fitness: 0.7941520952602914 | Best Fitness: 0.8187003439174222 | Population Length: 20
Generation 21 | Average Generation Fitness: 0.806070540729489 | Best Fitness: 0.8187003439174222 | Population Length: 20
Generation 22 | Average Generation Fitness: 0.7698337620399932 | Best Fitness: 0.8187003439174222 | Population Length: 20
Generation 23 | Average Generation Fitness: 0.7960102836282298 | Best Fitness: 0.8187003439174222 | Population Length: 20
Generation 24 | Average Generation Fitness: 0.7980014071188812 | Best Fitness: 0.8187003439174222 | Population Length: 20
Generation 25 | Average Generation Fitness: 0.7918734156462819 | Best Fitness: 0.8187003439174222 | Population Length: 20
Generation 26 | Average Generation Fitness: 0.7805361785036423 | Best Fitness: 0.8187003439174222 | Population Length: 20
Generation 27 | Average Generation Fitness: 0.7858329762035072 | Best Fitness: 0.8187003439174222 | Population Length: 20
Generation 28 | Average Generation Fitness: 0.8018671190662818 | Best Fitness: 0.8187003439174222 | Population Length: 20
Generation 29 | Average Generation Fitness: 0.7856216684367745 | Best Fitness: 0.8187003439174222 | Population Length: 20
Generation 30 | Average Generation Fitness: 0.7826434310099829 | Best Fitness: 0.8187003439174222 | Population Length: 20
Generation 31 | Average Generation Fitness: 0.8009459845915854 | Best Fitness: 0.8187003439174222 | Population Length: 20
Generation 32 | Average Generation Fitness: 0.7998954561107895 | Best Fitness: 0.8187003439174222 | Population Length: 20
Generation 33 | Average Generation Fitness: 0.8037081239049133 | Best Fitness: 0.8187003439174222 | Population Length: 20
Generation 34 | Average Generation Fitness: 0.791753161040078 | Best Fitness: 0.8187003439174222 | Population Length: 20
Generation 35 | Average Generation Fitness: 0.7798557633956865 | Best Fitness: 0.8187003439174222 | Population Length: 20
Generation 36 | Average Generation Fitness: 0.7849433677256551 | Best Fitness: 0.8187003439174222 | Population Length: 20
Generation 37 | Average Generation Fitness: 0.7886321648516634 | Best Fitness: 0.8187003439174222 | Population Length: 20
Generation 38 | Average Generation Fitness: 0.7904867882403813 | Best Fitness: 0.8187003439174222 | Population Length: 20
Generation 39 | Average Generation Fitness: 0.798960080468608 | Best Fitness: 0.8187003439174222 | Population Length: 20
Generation 40 | Average Generation Fitness: 0.7939142441437144 | Best Fitness: 0.8187003439174222 | Population Length: 20
Generation 41 | Average Generation Fitness: 0.7873219702533991 | Best Fitness: 0.8187003439174222 | Population Length: 20
Generation 42 | Average Generation Fitness: 0.7853034816062957 | Best Fitness: 0.8187003439174222 | Population Length: 20
Generation 43 | Average Generation Fitness: 0.7862181074367107 | Best Fitness: 0.8187003439174222 | Population Length: 20
Generation 44 | Average Generation Fitness: 0.7923450656589728 | Best Fitness: 0.8187003439174222 | Population Length: 20
Generation 45 | Average Generation Fitness: 0.7909168124891406 | Best Fitness: 0.8187003439174222 | Population Length: 20
Generation 46 | Average Generation Fitness: 0.7888838002394185 | Best Fitness: 0.8187003439174222 | Population Length: 20
Generation 47 | Average Generation Fitness: 0.7818307725987715 | Best Fitness: 0.8187003439174222 | Population Length: 20
Generation 48 | Average Generation Fitness: 0.7918887846724801 | Best Fitness: 0.8187003439174222 | Population Length: 20
Generation 49 | Average Generation Fitness: 0.7894548532537253 | Best Fitness: 0.8187003439174222 | Population Length: 20
Generation 50 | Average Generation Fitness: 0.7881544772187932 | Best Fitness: 0.8187003439174222 | Population Length: 20
Generation 51 | Average Generation Fitness: 0.8074680018050303 | Best Fitness: 0.8187003439174222 | Population Length: 20
Generation 52 | Average Generation Fitness: 0.7877472884917405 | Best Fitness: 0.8187003439174222 | Population Length: 20
Generation 53 | Average Generation Fitness: 0.7728247283939967 | Best Fitness: 0.8187003439174222 | Population Length: 20
------------------------------------------------
Total Generations: 53
Total Population: 20   ---   Mutation Rate: 0.0  ---  Crossover Probability: 0.6
Average Fitness: 0.7728247283939967  ---  Best Overall Fitness: 0.8187003439174222
------------------------------------------------

Execution 4

Generation 1 | Average Generation Fitness: 0.7380092796421029 | Best Fitness: 0.8121320445792752 | Population Length: 20
Generation 2 | Average Generation Fitness: 0.7657663972679428 | Best Fitness: 0.8121320445792752 | Population Length: 20
Generation 3 | Average Generation Fitness: 0.7656798172580139 | Best Fitness: 0.8121320445792752 | Population Length: 20
Generation 4 | Average Generation Fitness: 0.7734325430078501 | Best Fitness: 0.8121320445792752 | Population Length: 20
Generation 5 | Average Generation Fitness: 0.7752860396335307 | Best Fitness: 0.8121320445792752 | Population Length: 20
Generation 6 | Average Generation Fitness: 0.7794209504036573 | Best Fitness: 0.8121320445792752 | Population Length: 20
Generation 7 | Average Generation Fitness: 0.8037329969085304 | Best Fitness: 0.8166387226042903 | Population Length: 20
Generation 8 | Average Generation Fitness: 0.7861922714872487 | Best Fitness: 0.8166387226042903 | Population Length: 20
Generation 9 | Average Generation Fitness: 0.7961918660120312 | Best Fitness: 0.8192532180914007 | Population Length: 20
Generation 10 | Average Generation Fitness: 0.7888019605405661 | Best Fitness: 0.8192532180914007 | Population Length: 20
Generation 11 | Average Generation Fitness: 0.7958717663306023 | Best Fitness: 0.8192532180914007 | Population Length: 20
Generation 12 | Average Generation Fitness: 0.7923839120029789 | Best Fitness: 0.8192532180914007 | Population Length: 20
Generation 13 | Average Generation Fitness: 0.7790279379180954 | Best Fitness: 0.8192532180914007 | Population Length: 20
Generation 14 | Average Generation Fitness: 0.7984594194667156 | Best Fitness: 0.8192532180914007 | Population Length: 20
Generation 15 | Average Generation Fitness: 0.7865761093193993 | Best Fitness: 0.8192532180914007 | Population Length: 20
Generation 16 | Average Generation Fitness: 0.7890617190505949 | Best Fitness: 0.8192532180914007 | Population Length: 20
Generation 17 | Average Generation Fitness: 0.7977962702347006 | Best Fitness: 0.8192532180914007 | Population Length: 20
Generation 18 | Average Generation Fitness: 0.7983665630395445 | Best Fitness: 0.8192532180914007 | Population Length: 20
Generation 19 | Average Generation Fitness: 0.7953984016526514 | Best Fitness: 0.8192532180914007 | Population Length: 20
Generation 20 | Average Generation Fitness: 0.7768790892391528 | Best Fitness: 0.8192532180914007 | Population Length: 20
Generation 21 | Average Generation Fitness: 0.7875290936634444 | Best Fitness: 0.8192532180914007 | Population Length: 20
Generation 22 | Average Generation Fitness: 0.7919955351270158 | Best Fitness: 0.8192532180914007 | Population Length: 20
Generation 23 | Average Generation Fitness: 0.7938470631831819 | Best Fitness: 0.8192532180914007 | Population Length: 20
Generation 24 | Average Generation Fitness: 0.7856500533835002 | Best Fitness: 0.8192532180914007 | Population Length: 20
Generation 25 | Average Generation Fitness: 0.7981647356311427 | Best Fitness: 0.8192532180914007 | Population Length: 20
Generation 26 | Average Generation Fitness: 0.7981741046701561 | Best Fitness: 0.8192532180914007 | Population Length: 20
Generation 27 | Average Generation Fitness: 0.7911627132533438 | Best Fitness: 0.8192532180914007 | Population Length: 20
Generation 28 | Average Generation Fitness: 0.7863579305560535 | Best Fitness: 0.8192532180914007 | Population Length: 20
Generation 29 | Average Generation Fitness: 0.8104188446169168 | Best Fitness: 0.8192532180914007 | Population Length: 20
Generation 30 | Average Generation Fitness: 0.7911541207342587 | Best Fitness: 0.8192532180914007 | Population Length: 20
Generation 31 | Average Generation Fitness: 0.792567053753814 | Best Fitness: 0.8192532180914007 | Population Length: 20
Generation 32 | Average Generation Fitness: 0.7952123551270073 | Best Fitness: 0.8192532180914007 | Population Length: 20
Generation 33 | Average Generation Fitness: 0.7867174384997953 | Best Fitness: 0.8192532180914007 | Population Length: 20
Generation 34 | Average Generation Fitness: 0.7782470629607097 | Best Fitness: 0.8192532180914007 | Population Length: 20
Generation 35 | Average Generation Fitness: 0.7926183023759196 | Best Fitness: 0.8192532180914007 | Population Length: 20
Generation 36 | Average Generation Fitness: 0.7890602896840458 | Best Fitness: 0.8192532180914007 | Population Length: 20
Generation 37 | Average Generation Fitness: 0.799618987776779 | Best Fitness: 0.8192532180914007 | Population Length: 20
Generation 38 | Average Generation Fitness: 0.8056452285719222 | Best Fitness: 0.8192532180914007 | Population Length: 20
Generation 39 | Average Generation Fitness: 0.7876685239310707 | Best Fitness: 0.8192532180914007 | Population Length: 20
Generation 40 | Average Generation Fitness: 0.7717367687442241 | Best Fitness: 0.8192532180914007 | Population Length: 20
Generation 41 | Average Generation Fitness: 0.7897810672940915 | Best Fitness: 0.8192532180914007 | Population Length: 20
Generation 42 | Average Generation Fitness: 0.7856328981862449 | Best Fitness: 0.8192532180914007 | Population Length: 20
Generation 43 | Average Generation Fitness: 0.7808215038097158 | Best Fitness: 0.8192532180914007 | Population Length: 20
Generation 44 | Average Generation Fitness: 0.7801023840901582 | Best Fitness: 0.8192532180914007 | Population Length: 20
Generation 45 | Average Generation Fitness: 0.7883378517823141 | Best Fitness: 0.8192532180914007 | Population Length: 20
Generation 46 | Average Generation Fitness: 0.7946094760100267 | Best Fitness: 0.8192532180914007 | Population Length: 20
Generation 47 | Average Generation Fitness: 0.7794179831547094 | Best Fitness: 0.8192532180914007 | Population Length: 20
Generation 48 | Average Generation Fitness: 0.7858516796077304 | Best Fitness: 0.8192532180914007 | Population Length: 20
Generation 49 | Average Generation Fitness: 0.7929737086753589 | Best Fitness: 0.8192532180914007 | Population Length: 20
Generation 50 | Average Generation Fitness: 0.7953653268091899 | Best Fitness: 0.8192532180914007 | Population Length: 20
Generation 51 | Average Generation Fitness: 0.7790795652569606 | Best Fitness: 0.8192532180914007 | Population Length: 20
------------------------------------------------
Total Generations: 51
Total Population: 20   ---   Mutation Rate: 0.0  ---  Crossover Probability: 0.6
Average Fitness: 0.7790795652569606  ---  Best Overall Fitness: 0.8192532180914007
------------------------------------------------

Execution 5

Generation 1 | Average Generation Fitness: 0.7522706516573701 | Best Fitness: 0.7610713636643832 | Population Length: 20
Generation 2 | Average Generation Fitness: 0.7615142054441424 | Best Fitness: 0.8040625322883775 | Population Length: 20
Generation 3 | Average Generation Fitness: 0.7808934244651644 | Best Fitness: 0.80566509940138 | Population Length: 20
Generation 4 | Average Generation Fitness: 0.7701979164828795 | Best Fitness: 0.80566509940138 | Population Length: 20
Generation 5 | Average Generation Fitness: 0.7828668928862876 | Best Fitness: 0.8084803953569543 | Population Length: 20
Generation 6 | Average Generation Fitness: 0.7809280028193405 | Best Fitness: 0.8084803953569543 | Population Length: 20
Generation 7 | Average Generation Fitness: 0.778677800365132 | Best Fitness: 0.8084803953569543 | Population Length: 20
Generation 8 | Average Generation Fitness: 0.7739989919892045 | Best Fitness: 0.8084803953569543 | Population Length: 20
Generation 9 | Average Generation Fitness: 0.7811210220561052 | Best Fitness: 0.8084803953569543 | Population Length: 20
Generation 10 | Average Generation Fitness: 0.7851346597509963 | Best Fitness: 0.8084803953569543 | Population Length: 20
Generation 11 | Average Generation Fitness: 0.7891361717529686 | Best Fitness: 0.8084803953569543 | Population Length: 20
Generation 12 | Average Generation Fitness: 0.7711026829373044 | Best Fitness: 0.8084803953569543 | Population Length: 20
Generation 13 | Average Generation Fitness: 0.7752861560955896 | Best Fitness: 0.8084803953569543 | Population Length: 20
Generation 14 | Average Generation Fitness: 0.7761315463461338 | Best Fitness: 0.8084803953569543 | Population Length: 20
Generation 15 | Average Generation Fitness: 0.7860771665880271 | Best Fitness: 0.8084803953569543 | Population Length: 20
Generation 16 | Average Generation Fitness: 0.7776527065275068 | Best Fitness: 0.8084803953569543 | Population Length: 20
Generation 17 | Average Generation Fitness: 0.7875565619373192 | Best Fitness: 0.8084803953569543 | Population Length: 20
Generation 18 | Average Generation Fitness: 0.7719054206003177 | Best Fitness: 0.8084803953569543 | Population Length: 20
Generation 19 | Average Generation Fitness: 0.800009100798712 | Best Fitness: 0.8084803953569543 | Population Length: 20
Generation 20 | Average Generation Fitness: 0.7747709734446456 | Best Fitness: 0.8084803953569543 | Population Length: 20
Generation 21 | Average Generation Fitness: 0.7724806979432646 | Best Fitness: 0.8084803953569543 | Population Length: 20
Generation 22 | Average Generation Fitness: 0.7888053457981197 | Best Fitness: 0.8084803953569543 | Population Length: 20
Generation 23 | Average Generation Fitness: 0.7887326487237295 | Best Fitness: 0.8084803953569543 | Population Length: 20
Generation 24 | Average Generation Fitness: 0.791745883476869 | Best Fitness: 0.8084803953569543 | Population Length: 20
Generation 25 | Average Generation Fitness: 0.7877026967030207 | Best Fitness: 0.8084803953569543 | Population Length: 20
Generation 26 | Average Generation Fitness: 0.8001426360778469 | Best Fitness: 0.8084803953569543 | Population Length: 20
Generation 27 | Average Generation Fitness: 0.7931831151717592 | Best Fitness: 0.8084803953569543 | Population Length: 20
Generation 28 | Average Generation Fitness: 0.7842137262579023 | Best Fitness: 0.8084803953569543 | Population Length: 20
Generation 29 | Average Generation Fitness: 0.7856430153449974 | Best Fitness: 0.8084803953569543 | Population Length: 20
Generation 30 | Average Generation Fitness: 0.7840754085075208 | Best Fitness: 0.8084803953569543 | Population Length: 20
Generation 31 | Average Generation Fitness: 0.779104187660481 | Best Fitness: 0.8084803953569543 | Population Length: 20
Generation 32 | Average Generation Fitness: 0.7876631625413875 | Best Fitness: 0.8084803953569543 | Population Length: 20
Generation 33 | Average Generation Fitness: 0.7906000738367631 | Best Fitness: 0.8084803953569543 | Population Length: 20
Generation 34 | Average Generation Fitness: 0.7837209730190785 | Best Fitness: 0.8084803953569543 | Population Length: 20
Generation 35 | Average Generation Fitness: 0.777847652554985 | Best Fitness: 0.8084803953569543 | Population Length: 20
Generation 36 | Average Generation Fitness: 0.7671260385089 | Best Fitness: 0.8084803953569543 | Population Length: 20
Generation 37 | Average Generation Fitness: 0.7866291536391408 | Best Fitness: 0.8084803953569543 | Population Length: 20
Generation 38 | Average Generation Fitness: 0.7600534642637218 | Best Fitness: 0.8084803953569543 | Population Length: 20
Generation 39 | Average Generation Fitness: 0.7917579348867727 | Best Fitness: 0.8084803953569543 | Population Length: 20
Generation 40 | Average Generation Fitness: 0.7807486365258037 | Best Fitness: 0.8084803953569543 | Population Length: 20
Generation 41 | Average Generation Fitness: 0.7886561018183921 | Best Fitness: 0.8084803953569543 | Population Length: 20
Generation 42 | Average Generation Fitness: 0.7838497152053285 | Best Fitness: 0.8084803953569543 | Population Length: 20
Generation 43 | Average Generation Fitness: 0.7996258440104325 | Best Fitness: 0.8084803953569543 | Population Length: 20
Generation 44 | Average Generation Fitness: 0.7874924478886137 | Best Fitness: 0.8084803953569543 | Population Length: 20
Generation 45 | Average Generation Fitness: 0.7834703853753124 | Best Fitness: 0.8084803953569543 | Population Length: 20
Generation 46 | Average Generation Fitness: 0.7931896798933767 | Best Fitness: 0.8084803953569543 | Population Length: 20
Generation 47 | Average Generation Fitness: 0.7999073315497597 | Best Fitness: 0.8084803953569543 | Population Length: 20
Generation 48 | Average Generation Fitness: 0.7918425135357967 | Best Fitness: 0.8084803953569543 | Population Length: 20
Generation 49 | Average Generation Fitness: 0.7755352590988063 | Best Fitness: 0.8084803953569543 | Population Length: 20
Generation 50 | Average Generation Fitness: 0.7896821572106382 | Best Fitness: 0.8084803953569543 | Population Length: 20
Generation 51 | Average Generation Fitness: 0.7873935874506642 | Best Fitness: 0.8084803953569543 | Population Length: 20
Generation 52 | Average Generation Fitness: 0.7806438520252079 | Best Fitness: 0.8084803953569543 | Population Length: 20
------------------------------------------------
Total Generations: 52
Total Population: 20   ---   Mutation Rate: 0.0  ---  Crossover Probability: 0.6
Average Fitness: 0.7806438520252079  ---  Best Overall Fitness: 0.8084803953569543
------------------------------------------------

Execution 6

Generation 1 | Average Generation Fitness: 0.7659798200905908 | Best Fitness: 0.7963112980029077 | Population Length: 20
Generation 2 | Average Generation Fitness: 0.7698751042294342 | Best Fitness: 0.8102200337441334 | Population Length: 20
Generation 3 | Average Generation Fitness: 0.7826227180036464 | Best Fitness: 0.8226622148112541 | Population Length: 20
Generation 4 | Average Generation Fitness: 0.7886700867911155 | Best Fitness: 0.822941063399652 | Population Length: 20
Generation 5 | Average Generation Fitness: 0.7770914914909238 | Best Fitness: 0.822941063399652 | Population Length: 20
Generation 6 | Average Generation Fitness: 0.78451592176631 | Best Fitness: 0.822941063399652 | Population Length: 20
Generation 7 | Average Generation Fitness: 0.8040623857109889 | Best Fitness: 0.822941063399652 | Population Length: 20
Generation 8 | Average Generation Fitness: 0.7778714503264834 | Best Fitness: 0.822941063399652 | Population Length: 20
Generation 9 | Average Generation Fitness: 0.7966121166898392 | Best Fitness: 0.822941063399652 | Population Length: 20
Generation 10 | Average Generation Fitness: 0.7788932292056374 | Best Fitness: 0.822941063399652 | Population Length: 20
Generation 11 | Average Generation Fitness: 0.8039261776393509 | Best Fitness: 0.822941063399652 | Population Length: 20
Generation 12 | Average Generation Fitness: 0.7894026095381472 | Best Fitness: 0.822941063399652 | Population Length: 20
Generation 13 | Average Generation Fitness: 0.7941695676119902 | Best Fitness: 0.822941063399652 | Population Length: 20
Generation 14 | Average Generation Fitness: 0.7958620302266464 | Best Fitness: 0.822941063399652 | Population Length: 20
Generation 15 | Average Generation Fitness: 0.7946769702966877 | Best Fitness: 0.822941063399652 | Population Length: 20
Generation 16 | Average Generation Fitness: 0.7910352418550646 | Best Fitness: 0.822941063399652 | Population Length: 20
Generation 17 | Average Generation Fitness: 0.793511373552 | Best Fitness: 0.822941063399652 | Population Length: 20
Generation 18 | Average Generation Fitness: 0.8008195402613486 | Best Fitness: 0.822941063399652 | Population Length: 20
Generation 19 | Average Generation Fitness: 0.7775515426274203 | Best Fitness: 0.822941063399652 | Population Length: 20
Generation 20 | Average Generation Fitness: 0.7819888276337101 | Best Fitness: 0.822941063399652 | Population Length: 20
Generation 21 | Average Generation Fitness: 0.7792348816733221 | Best Fitness: 0.822941063399652 | Population Length: 20
Generation 22 | Average Generation Fitness: 0.8068088024916878 | Best Fitness: 0.822941063399652 | Population Length: 20
Generation 23 | Average Generation Fitness: 0.7797678388398156 | Best Fitness: 0.822941063399652 | Population Length: 20
Generation 24 | Average Generation Fitness: 0.7778856729425222 | Best Fitness: 0.822941063399652 | Population Length: 20
Generation 25 | Average Generation Fitness: 0.7966838295450438 | Best Fitness: 0.822941063399652 | Population Length: 20
Generation 26 | Average Generation Fitness: 0.803400349217062 | Best Fitness: 0.822941063399652 | Population Length: 20
Generation 27 | Average Generation Fitness: 0.7921887497265865 | Best Fitness: 0.822941063399652 | Population Length: 20
Generation 28 | Average Generation Fitness: 0.7981979593902262 | Best Fitness: 0.822941063399652 | Population Length: 20
Generation 29 | Average Generation Fitness: 0.7860620585785647 | Best Fitness: 0.822941063399652 | Population Length: 20
Generation 30 | Average Generation Fitness: 0.8064513120821243 | Best Fitness: 0.822941063399652 | Population Length: 20
Generation 31 | Average Generation Fitness: 0.7815938669414905 | Best Fitness: 0.822941063399652 | Population Length: 20
Generation 32 | Average Generation Fitness: 0.7903240221980872 | Best Fitness: 0.822941063399652 | Population Length: 20
Generation 33 | Average Generation Fitness: 0.7815640262156254 | Best Fitness: 0.822941063399652 | Population Length: 20
Generation 34 | Average Generation Fitness: 0.7924228586821893 | Best Fitness: 0.822941063399652 | Population Length: 20
Generation 35 | Average Generation Fitness: 0.7960368106433269 | Best Fitness: 0.822941063399652 | Population Length: 20
Generation 36 | Average Generation Fitness: 0.7955087901385681 | Best Fitness: 0.822941063399652 | Population Length: 20
Generation 37 | Average Generation Fitness: 0.7974714865037302 | Best Fitness: 0.822941063399652 | Population Length: 20
Generation 38 | Average Generation Fitness: 0.8033189371385902 | Best Fitness: 0.822941063399652 | Population Length: 20
Generation 39 | Average Generation Fitness: 0.7987170519089553 | Best Fitness: 0.822941063399652 | Population Length: 20
Generation 40 | Average Generation Fitness: 0.7994893469961034 | Best Fitness: 0.822941063399652 | Population Length: 20
Generation 41 | Average Generation Fitness: 0.7925449100125126 | Best Fitness: 0.822941063399652 | Population Length: 20
Generation 42 | Average Generation Fitness: 0.7792571275872502 | Best Fitness: 0.822941063399652 | Population Length: 20
Generation 43 | Average Generation Fitness: 0.7895458246024584 | Best Fitness: 0.822941063399652 | Population Length: 20
Generation 44 | Average Generation Fitness: 0.8014458055819611 | Best Fitness: 0.822941063399652 | Population Length: 20
Generation 45 | Average Generation Fitness: 0.7924826643891777 | Best Fitness: 0.822941063399652 | Population Length: 20
Generation 46 | Average Generation Fitness: 0.7960359299469919 | Best Fitness: 0.822941063399652 | Population Length: 20
Generation 47 | Average Generation Fitness: 0.7926799567073882 | Best Fitness: 0.822941063399652 | Population Length: 20
Generation 48 | Average Generation Fitness: 0.7900883626121699 | Best Fitness: 0.822941063399652 | Population Length: 20
Generation 49 | Average Generation Fitness: 0.806710234753367 | Best Fitness: 0.822941063399652 | Population Length: 20
Generation 50 | Average Generation Fitness: 0.798396995727753 | Best Fitness: 0.822941063399652 | Population Length: 20
Generation 51 | Average Generation Fitness: 0.7912569660606904 | Best Fitness: 0.822941063399652 | Population Length: 20
Generation 52 | Average Generation Fitness: 0.7965184716156458 | Best Fitness: 0.822941063399652 | Population Length: 20
Generation 53 | Average Generation Fitness: 0.7843549101150814 | Best Fitness: 0.822941063399652 | Population Length: 20
------------------------------------------------
Total Generations: 53
Total Population: 20   ---   Mutation Rate: 0.0  ---  Crossover Probability: 0.6
Average Fitness: 0.7843549101150814  ---  Best Overall Fitness: 0.822941063399652
------------------------------------------------

Execution 7

Generation 1 | Average Generation Fitness: 0.7248103970996284 | Best Fitness: 0.7653951926517362 | Population Length: 20
Generation 2 | Average Generation Fitness: 0.7474720970043797 | Best Fitness: 0.778907875438136 | Population Length: 20
Generation 3 | Average Generation Fitness: 0.7623833681405711 | Best Fitness: 0.792586370258386 | Population Length: 20
Generation 4 | Average Generation Fitness: 0.7695906601568099 | Best Fitness: 0.792586370258386 | Population Length: 20
Generation 5 | Average Generation Fitness: 0.7870285498807938 | Best Fitness: 0.8132476189178572 | Population Length: 20
Generation 6 | Average Generation Fitness: 0.7798959672166699 | Best Fitness: 0.8132476189178572 | Population Length: 20
Generation 7 | Average Generation Fitness: 0.7755693651839242 | Best Fitness: 0.8132476189178572 | Population Length: 20
Generation 8 | Average Generation Fitness: 0.792581860937523 | Best Fitness: 0.8132476189178572 | Population Length: 20
Generation 9 | Average Generation Fitness: 0.7942517319690082 | Best Fitness: 0.8132476189178572 | Population Length: 20
Generation 10 | Average Generation Fitness: 0.7953333613706637 | Best Fitness: 0.8132476189178572 | Population Length: 20
Generation 11 | Average Generation Fitness: 0.791286119311444 | Best Fitness: 0.8132476189178572 | Population Length: 20
Generation 12 | Average Generation Fitness: 0.7890319169022809 | Best Fitness: 0.8132476189178572 | Population Length: 20
Generation 13 | Average Generation Fitness: 0.7902574856518423 | Best Fitness: 0.8132476189178572 | Population Length: 20
Generation 14 | Average Generation Fitness: 0.7756040517755708 | Best Fitness: 0.8132476189178572 | Population Length: 20
Generation 15 | Average Generation Fitness: 0.7748747540310716 | Best Fitness: 0.8132476189178572 | Population Length: 20
Generation 16 | Average Generation Fitness: 0.7927204804197635 | Best Fitness: 0.8132476189178572 | Population Length: 20
Generation 17 | Average Generation Fitness: 0.7999249502785276 | Best Fitness: 0.8132476189178572 | Population Length: 20
Generation 18 | Average Generation Fitness: 0.7793043606530423 | Best Fitness: 0.8132476189178572 | Population Length: 20
Generation 19 | Average Generation Fitness: 0.8045897593186171 | Best Fitness: 0.8132476189178572 | Population Length: 20
Generation 20 | Average Generation Fitness: 0.7795416110425823 | Best Fitness: 0.8132476189178572 | Population Length: 20
Generation 21 | Average Generation Fitness: 0.7655240139216405 | Best Fitness: 0.8132476189178572 | Population Length: 20
Generation 22 | Average Generation Fitness: 0.7889660738630035 | Best Fitness: 0.8132476189178572 | Population Length: 20
Generation 23 | Average Generation Fitness: 0.7931643391052552 | Best Fitness: 0.8132476189178572 | Population Length: 20
Generation 24 | Average Generation Fitness: 0.7803797634057311 | Best Fitness: 0.8132476189178572 | Population Length: 20
Generation 25 | Average Generation Fitness: 0.792775265146141 | Best Fitness: 0.8132476189178572 | Population Length: 20
Generation 26 | Average Generation Fitness: 0.7821074829750091 | Best Fitness: 0.8132476189178572 | Population Length: 20
Generation 27 | Average Generation Fitness: 0.7873216729366131 | Best Fitness: 0.8132476189178572 | Population Length: 20
Generation 28 | Average Generation Fitness: 0.784317025497294 | Best Fitness: 0.8132476189178572 | Population Length: 20
Generation 29 | Average Generation Fitness: 0.7907852165189225 | Best Fitness: 0.8132476189178572 | Population Length: 20
Generation 30 | Average Generation Fitness: 0.8035885801068281 | Best Fitness: 0.8132476189178572 | Population Length: 20
Generation 31 | Average Generation Fitness: 0.7799143705443484 | Best Fitness: 0.8132476189178572 | Population Length: 20
Generation 32 | Average Generation Fitness: 0.7990857320139753 | Best Fitness: 0.8132476189178572 | Population Length: 20
Generation 33 | Average Generation Fitness: 0.7923923565147096 | Best Fitness: 0.8132476189178572 | Population Length: 20
Generation 34 | Average Generation Fitness: 0.7922943361241253 | Best Fitness: 0.8132476189178572 | Population Length: 20
Generation 35 | Average Generation Fitness: 0.7900636701792376 | Best Fitness: 0.8132476189178572 | Population Length: 20
Generation 36 | Average Generation Fitness: 0.7886051151536095 | Best Fitness: 0.8132476189178572 | Population Length: 20
Generation 37 | Average Generation Fitness: 0.7938720504153787 | Best Fitness: 0.8132476189178572 | Population Length: 20
Generation 38 | Average Generation Fitness: 0.7848801050042027 | Best Fitness: 0.8132476189178572 | Population Length: 20
Generation 39 | Average Generation Fitness: 0.7753956422577195 | Best Fitness: 0.8132476189178572 | Population Length: 20
Generation 40 | Average Generation Fitness: 0.7882163340251742 | Best Fitness: 0.8132476189178572 | Population Length: 20
Generation 41 | Average Generation Fitness: 0.7790585300703075 | Best Fitness: 0.8132476189178572 | Population Length: 20
Generation 42 | Average Generation Fitness: 0.7804731709706123 | Best Fitness: 0.8132476189178572 | Population Length: 20
Generation 43 | Average Generation Fitness: 0.7915170907354259 | Best Fitness: 0.8132476189178572 | Population Length: 20
Generation 44 | Average Generation Fitness: 0.7964914334964411 | Best Fitness: 0.8132476189178572 | Population Length: 20
Generation 45 | Average Generation Fitness: 0.788371188001056 | Best Fitness: 0.8132476189178572 | Population Length: 20
Generation 46 | Average Generation Fitness: 0.7859185991919466 | Best Fitness: 0.8132476189178572 | Population Length: 20
Generation 47 | Average Generation Fitness: 0.7793585697512232 | Best Fitness: 0.8132476189178572 | Population Length: 20
Generation 48 | Average Generation Fitness: 0.7947678808854877 | Best Fitness: 0.8132476189178572 | Population Length: 20
Generation 49 | Average Generation Fitness: 0.7877340689002221 | Best Fitness: 0.8132476189178572 | Population Length: 20
Generation 50 | Average Generation Fitness: 0.7857816547264103 | Best Fitness: 0.8132476189178572 | Population Length: 20
Generation 51 | Average Generation Fitness: 0.7913269507617147 | Best Fitness: 0.8132476189178572 | Population Length: 20
Generation 52 | Average Generation Fitness: 0.7989921481676744 | Best Fitness: 0.8132476189178572 | Population Length: 20
Generation 53 | Average Generation Fitness: 0.7831605708192095 | Best Fitness: 0.8132476189178572 | Population Length: 20
Generation 54 | Average Generation Fitness: 0.7888847004100871 | Best Fitness: 0.8132476189178572 | Population Length: 20
Generation 55 | Average Generation Fitness: 0.7780510087012308 | Best Fitness: 0.8132476189178572 | Population Length: 20
------------------------------------------------
Total Generations: 55
Total Population: 20   ---   Mutation Rate: 0.0  ---  Crossover Probability: 0.6
Average Fitness: 0.7780510087012308  ---  Best Overall Fitness: 0.8132476189178572
------------------------------------------------

Execution 8

Generation 1 | Average Generation Fitness: 0.7601173693456891 | Best Fitness: 0.7687678361868591 | Population Length: 20
Generation 2 | Average Generation Fitness: 0.753634372953314 | Best Fitness: 0.7899958208906928 | Population Length: 20
Generation 3 | Average Generation Fitness: 0.7686400556845823 | Best Fitness: 0.7903047667378366 | Population Length: 20
Generation 4 | Average Generation Fitness: 0.7771244378278437 | Best Fitness: 0.8159406680860648 | Population Length: 20
Generation 5 | Average Generation Fitness: 0.7845139050662482 | Best Fitness: 0.8159406680860648 | Population Length: 20
Generation 6 | Average Generation Fitness: 0.7933745464788637 | Best Fitness: 0.8159406680860648 | Population Length: 20
Generation 7 | Average Generation Fitness: 0.8036759829147242 | Best Fitness: 0.8159406680860648 | Population Length: 20
Generation 8 | Average Generation Fitness: 0.7907349166559937 | Best Fitness: 0.8159406680860648 | Population Length: 20
Generation 9 | Average Generation Fitness: 0.7890719656122609 | Best Fitness: 0.8159406680860648 | Population Length: 20
Generation 10 | Average Generation Fitness: 0.807026695735345 | Best Fitness: 0.8159406680860648 | Population Length: 20
Generation 11 | Average Generation Fitness: 0.7883339011630999 | Best Fitness: 0.8159406680860648 | Population Length: 20
Generation 12 | Average Generation Fitness: 0.7985598428492867 | Best Fitness: 0.8159406680860648 | Population Length: 20
Generation 13 | Average Generation Fitness: 0.785579435181075 | Best Fitness: 0.8159406680860648 | Population Length: 20
Generation 14 | Average Generation Fitness: 0.7904399313613995 | Best Fitness: 0.8159406680860648 | Population Length: 20
Generation 15 | Average Generation Fitness: 0.781476531474932 | Best Fitness: 0.8159406680860648 | Population Length: 20
Generation 16 | Average Generation Fitness: 0.7757449851524655 | Best Fitness: 0.8159406680860648 | Population Length: 20
Generation 17 | Average Generation Fitness: 0.762570510821006 | Best Fitness: 0.8159406680860648 | Population Length: 20
Generation 18 | Average Generation Fitness: 0.8037475910367704 | Best Fitness: 0.8159406680860648 | Population Length: 20
Generation 19 | Average Generation Fitness: 0.7760054674690418 | Best Fitness: 0.8159406680860648 | Population Length: 20
Generation 20 | Average Generation Fitness: 0.7910095132849955 | Best Fitness: 0.8159406680860648 | Population Length: 20
Generation 21 | Average Generation Fitness: 0.8000656838073688 | Best Fitness: 0.8159406680860648 | Population Length: 20
Generation 22 | Average Generation Fitness: 0.7883685797619584 | Best Fitness: 0.8159406680860648 | Population Length: 20
Generation 23 | Average Generation Fitness: 0.801218783211534 | Best Fitness: 0.8159406680860648 | Population Length: 20
Generation 24 | Average Generation Fitness: 0.7955126847671962 | Best Fitness: 0.8159406680860648 | Population Length: 20
Generation 25 | Average Generation Fitness: 0.7891903990230926 | Best Fitness: 0.8159406680860648 | Population Length: 20
Generation 26 | Average Generation Fitness: 0.7723644922831442 | Best Fitness: 0.8159406680860648 | Population Length: 20
Generation 27 | Average Generation Fitness: 0.779455027710073 | Best Fitness: 0.8159406680860648 | Population Length: 20
Generation 28 | Average Generation Fitness: 0.7988203342496106 | Best Fitness: 0.8159406680860648 | Population Length: 20
Generation 29 | Average Generation Fitness: 0.7913516572526575 | Best Fitness: 0.8159406680860648 | Population Length: 20
Generation 30 | Average Generation Fitness: 0.7974275623931921 | Best Fitness: 0.8159406680860648 | Population Length: 20
Generation 31 | Average Generation Fitness: 0.7921882064380048 | Best Fitness: 0.8159406680860648 | Population Length: 20
Generation 32 | Average Generation Fitness: 0.7773522051511621 | Best Fitness: 0.8159406680860648 | Population Length: 20
Generation 33 | Average Generation Fitness: 0.787863596425258 | Best Fitness: 0.8159406680860648 | Population Length: 20
Generation 34 | Average Generation Fitness: 0.7951364994753621 | Best Fitness: 0.8159406680860648 | Population Length: 20
Generation 35 | Average Generation Fitness: 0.790834527806224 | Best Fitness: 0.8159406680860648 | Population Length: 20
Generation 36 | Average Generation Fitness: 0.7873569707163935 | Best Fitness: 0.8159406680860648 | Population Length: 20
Generation 37 | Average Generation Fitness: 0.7842141756023473 | Best Fitness: 0.8159406680860648 | Population Length: 20
Generation 38 | Average Generation Fitness: 0.7923421001748794 | Best Fitness: 0.8159406680860648 | Population Length: 20
Generation 39 | Average Generation Fitness: 0.7906032571271944 | Best Fitness: 0.8159406680860648 | Population Length: 20
Generation 40 | Average Generation Fitness: 0.7715609220892399 | Best Fitness: 0.8159406680860648 | Population Length: 20
Generation 41 | Average Generation Fitness: 0.7887388683638561 | Best Fitness: 0.8159406680860648 | Population Length: 20
Generation 42 | Average Generation Fitness: 0.8016362313773449 | Best Fitness: 0.8159406680860648 | Population Length: 20
Generation 43 | Average Generation Fitness: 0.7890678339867925 | Best Fitness: 0.8159406680860648 | Population Length: 20
Generation 44 | Average Generation Fitness: 0.7765969871613182 | Best Fitness: 0.8159406680860648 | Population Length: 20
Generation 45 | Average Generation Fitness: 0.7769112135748426 | Best Fitness: 0.8159406680860648 | Population Length: 20
Generation 46 | Average Generation Fitness: 0.7807698389325204 | Best Fitness: 0.8159406680860648 | Population Length: 20
Generation 47 | Average Generation Fitness: 0.7750607922031681 | Best Fitness: 0.8159406680860648 | Population Length: 20
Generation 48 | Average Generation Fitness: 0.7831324533505956 | Best Fitness: 0.8159406680860648 | Population Length: 20
Generation 49 | Average Generation Fitness: 0.7834589432898553 | Best Fitness: 0.8159406680860648 | Population Length: 20
Generation 50 | Average Generation Fitness: 0.7972068790893416 | Best Fitness: 0.8159406680860648 | Population Length: 20
Generation 51 | Average Generation Fitness: 0.789642393078453 | Best Fitness: 0.8159406680860648 | Population Length: 20
Generation 52 | Average Generation Fitness: 0.7722594700448892 | Best Fitness: 0.8159406680860648 | Population Length: 20
Generation 53 | Average Generation Fitness: 0.7862221896103762 | Best Fitness: 0.8159406680860648 | Population Length: 20
Generation 54 | Average Generation Fitness: 0.7794264467584643 | Best Fitness: 0.8159406680860648 | Population Length: 20
------------------------------------------------
Total Generations: 54
Total Population: 20   ---   Mutation Rate: 0.0  ---  Crossover Probability: 0.6
Average Fitness: 0.7794264467584643  ---  Best Overall Fitness: 0.8159406680860648
------------------------------------------------

Execution 9

Generation 1 | Average Generation Fitness: 0.7579299828251547 | Best Fitness: 0.7924530140248502 | Population Length: 20
Generation 2 | Average Generation Fitness: 0.7647453413428524 | Best Fitness: 0.8009780359990105 | Population Length: 20
Generation 3 | Average Generation Fitness: 0.7686012617123807 | Best Fitness: 0.8009780359990105 | Population Length: 20
Generation 4 | Average Generation Fitness: 0.785188755199018 | Best Fitness: 0.8009780359990105 | Population Length: 20
Generation 5 | Average Generation Fitness: 0.7840903352916747 | Best Fitness: 0.8009780359990105 | Population Length: 20
Generation 6 | Average Generation Fitness: 0.7724673795886123 | Best Fitness: 0.8009780359990105 | Population Length: 20
Generation 7 | Average Generation Fitness: 0.7624813744567261 | Best Fitness: 0.8009780359990105 | Population Length: 20
Generation 8 | Average Generation Fitness: 0.7768778811090019 | Best Fitness: 0.8009780359990105 | Population Length: 20
Generation 9 | Average Generation Fitness: 0.7636049261985167 | Best Fitness: 0.8009780359990105 | Population Length: 20
Generation 10 | Average Generation Fitness: 0.7782146869059897 | Best Fitness: 0.8009780359990105 | Population Length: 20
Generation 11 | Average Generation Fitness: 0.785776722255798 | Best Fitness: 0.8009780359990105 | Population Length: 20
Generation 12 | Average Generation Fitness: 0.7629421482908814 | Best Fitness: 0.8009780359990105 | Population Length: 20
Generation 13 | Average Generation Fitness: 0.7802300421783526 | Best Fitness: 0.8123622129493066 | Population Length: 20
Generation 14 | Average Generation Fitness: 0.7843269965280759 | Best Fitness: 0.8123932572863344 | Population Length: 20
Generation 15 | Average Generation Fitness: 0.7919977280892322 | Best Fitness: 0.8128945551380761 | Population Length: 20
Generation 16 | Average Generation Fitness: 0.7861880734634583 | Best Fitness: 0.817316810092799 | Population Length: 20
Generation 17 | Average Generation Fitness: 0.778145289964594 | Best Fitness: 0.8175488838505696 | Population Length: 20
Generation 18 | Average Generation Fitness: 0.783314164818729 | Best Fitness: 0.8175488838505696 | Population Length: 20
Generation 19 | Average Generation Fitness: 0.7744622874606891 | Best Fitness: 0.8175488838505696 | Population Length: 20
Generation 20 | Average Generation Fitness: 0.7766828392208847 | Best Fitness: 0.8175488838505696 | Population Length: 20
Generation 21 | Average Generation Fitness: 0.78414811790396 | Best Fitness: 0.8175488838505696 | Population Length: 20
Generation 22 | Average Generation Fitness: 0.7778300208955006 | Best Fitness: 0.8175488838505696 | Population Length: 20
Generation 23 | Average Generation Fitness: 0.7663174143289971 | Best Fitness: 0.8175488838505696 | Population Length: 20
Generation 24 | Average Generation Fitness: 0.7744619405076033 | Best Fitness: 0.8175488838505696 | Population Length: 20
Generation 25 | Average Generation Fitness: 0.7683222677154997 | Best Fitness: 0.8175488838505696 | Population Length: 20
Generation 26 | Average Generation Fitness: 0.7831568976889333 | Best Fitness: 0.8175488838505696 | Population Length: 20
Generation 27 | Average Generation Fitness: 0.7949713319139853 | Best Fitness: 0.8175488838505696 | Population Length: 20
Generation 28 | Average Generation Fitness: 0.8002329593774317 | Best Fitness: 0.8175488838505696 | Population Length: 20
Generation 29 | Average Generation Fitness: 0.8019440413434097 | Best Fitness: 0.8175488838505696 | Population Length: 20
Generation 30 | Average Generation Fitness: 0.7946099434151122 | Best Fitness: 0.8175488838505696 | Population Length: 20
Generation 31 | Average Generation Fitness: 0.7848410725930288 | Best Fitness: 0.8175488838505696 | Population Length: 20
Generation 32 | Average Generation Fitness: 0.7768660653057221 | Best Fitness: 0.8175488838505696 | Population Length: 20
Generation 33 | Average Generation Fitness: 0.7898432278151041 | Best Fitness: 0.8175488838505696 | Population Length: 20
Generation 34 | Average Generation Fitness: 0.7831472182239818 | Best Fitness: 0.8175488838505696 | Population Length: 20
Generation 35 | Average Generation Fitness: 0.7916485311215238 | Best Fitness: 0.8175488838505696 | Population Length: 20
Generation 36 | Average Generation Fitness: 0.7979698583809751 | Best Fitness: 0.8175488838505696 | Population Length: 20
Generation 37 | Average Generation Fitness: 0.764184123386557 | Best Fitness: 0.8175488838505696 | Population Length: 20
Generation 38 | Average Generation Fitness: 0.791528210169788 | Best Fitness: 0.8175488838505696 | Population Length: 20
Generation 39 | Average Generation Fitness: 0.7761475023191873 | Best Fitness: 0.8175488838505696 | Population Length: 20
Generation 40 | Average Generation Fitness: 0.7897039422924043 | Best Fitness: 0.8175488838505696 | Population Length: 20
Generation 41 | Average Generation Fitness: 0.7729327422488126 | Best Fitness: 0.8175488838505696 | Population Length: 20
Generation 42 | Average Generation Fitness: 0.7878322068271565 | Best Fitness: 0.8175488838505696 | Population Length: 20
Generation 43 | Average Generation Fitness: 0.7825533246595374 | Best Fitness: 0.8175488838505696 | Population Length: 20
Generation 44 | Average Generation Fitness: 0.776295559154438 | Best Fitness: 0.8175488838505696 | Population Length: 20
Generation 45 | Average Generation Fitness: 0.7701840870325413 | Best Fitness: 0.8175488838505696 | Population Length: 20
Generation 46 | Average Generation Fitness: 0.7837195688474405 | Best Fitness: 0.8175488838505696 | Population Length: 20
Generation 47 | Average Generation Fitness: 0.7809807987501737 | Best Fitness: 0.8175488838505696 | Population Length: 20
Generation 48 | Average Generation Fitness: 0.783443324962835 | Best Fitness: 0.8175488838505696 | Population Length: 20
Generation 49 | Average Generation Fitness: 0.7960498153110039 | Best Fitness: 0.8175488838505696 | Population Length: 20
Generation 50 | Average Generation Fitness: 0.8056994555648783 | Best Fitness: 0.8175488838505696 | Population Length: 20
Generation 51 | Average Generation Fitness: 0.7923528485428484 | Best Fitness: 0.8175488838505696 | Population Length: 20
Generation 52 | Average Generation Fitness: 0.7791298317401941 | Best Fitness: 0.8175488838505696 | Population Length: 20
Generation 53 | Average Generation Fitness: 0.7847300794757313 | Best Fitness: 0.8175488838505696 | Population Length: 20
Generation 54 | Average Generation Fitness: 0.7830575105737463 | Best Fitness: 0.8175488838505696 | Population Length: 20
Generation 55 | Average Generation Fitness: 0.7875590173720494 | Best Fitness: 0.8175488838505696 | Population Length: 20
Generation 56 | Average Generation Fitness: 0.8042076182436139 | Best Fitness: 0.8175488838505696 | Population Length: 20
Generation 57 | Average Generation Fitness: 0.8002798126557998 | Best Fitness: 0.8175488838505696 | Population Length: 20
Generation 58 | Average Generation Fitness: 0.7928655667735743 | Best Fitness: 0.8175488838505696 | Population Length: 20
Generation 59 | Average Generation Fitness: 0.7913377302272593 | Best Fitness: 0.8175488838505696 | Population Length: 20
Generation 60 | Average Generation Fitness: 0.7951524857497466 | Best Fitness: 0.8175488838505696 | Population Length: 20
Generation 61 | Average Generation Fitness: 0.7907998072811775 | Best Fitness: 0.8175488838505696 | Population Length: 20
Generation 62 | Average Generation Fitness: 0.7956858866446935 | Best Fitness: 0.8175488838505696 | Population Length: 20
Generation 63 | Average Generation Fitness: 0.796832437972305 | Best Fitness: 0.8175488838505696 | Population Length: 20
------------------------------------------------
Total Generations: 63
Total Population: 20   ---   Mutation Rate: 0.0  ---  Crossover Probability: 0.6
Average Fitness: 0.796832437972305  ---  Best Overall Fitness: 0.8175488838505696
------------------------------------------------

Execution 10

Generation 1 | Average Generation Fitness: 0.7414487128643522 | Best Fitness: 0.7765542044816804 | Population Length: 20
Generation 2 | Average Generation Fitness: 0.7622240354471455 | Best Fitness: 0.7999894609836322 | Population Length: 20
Generation 3 | Average Generation Fitness: 0.7765391247520035 | Best Fitness: 0.7999894609836322 | Population Length: 20
Generation 4 | Average Generation Fitness: 0.7796654192782475 | Best Fitness: 0.7999894609836322 | Population Length: 20
Generation 5 | Average Generation Fitness: 0.7732079799778849 | Best Fitness: 0.7999894609836322 | Population Length: 20
Generation 6 | Average Generation Fitness: 0.7726182819421981 | Best Fitness: 0.7999894609836322 | Population Length: 20
Generation 7 | Average Generation Fitness: 0.7831123952241128 | Best Fitness: 0.7999894609836322 | Population Length: 20
Generation 8 | Average Generation Fitness: 0.7797169466977695 | Best Fitness: 0.7999894609836322 | Population Length: 20
Generation 9 | Average Generation Fitness: 0.7746557838875671 | Best Fitness: 0.7999894609836322 | Population Length: 20
Generation 10 | Average Generation Fitness: 0.7866538020751491 | Best Fitness: 0.7999894609836322 | Population Length: 20
Generation 11 | Average Generation Fitness: 0.7714332279327641 | Best Fitness: 0.7999894609836322 | Population Length: 20
Generation 12 | Average Generation Fitness: 0.7855738183349608 | Best Fitness: 0.8021537983493324 | Population Length: 20
Generation 13 | Average Generation Fitness: 0.7847018530186222 | Best Fitness: 0.8106983168315893 | Population Length: 20
Generation 14 | Average Generation Fitness: 0.7824901363782379 | Best Fitness: 0.8106983168315893 | Population Length: 20
Generation 15 | Average Generation Fitness: 0.776168891773036 | Best Fitness: 0.8106983168315893 | Population Length: 20
Generation 16 | Average Generation Fitness: 0.772167131678821 | Best Fitness: 0.8106983168315893 | Population Length: 20
Generation 17 | Average Generation Fitness: 0.7831589324486438 | Best Fitness: 0.8106983168315893 | Population Length: 20
Generation 18 | Average Generation Fitness: 0.7853531951025217 | Best Fitness: 0.8106983168315893 | Population Length: 20
Generation 19 | Average Generation Fitness: 0.7774375201287785 | Best Fitness: 0.8106983168315893 | Population Length: 20
Generation 20 | Average Generation Fitness: 0.7927289382752909 | Best Fitness: 0.8106983168315893 | Population Length: 20
Generation 21 | Average Generation Fitness: 0.8013408939762188 | Best Fitness: 0.8106983168315893 | Population Length: 20
Generation 22 | Average Generation Fitness: 0.7930687368731812 | Best Fitness: 0.8106983168315893 | Population Length: 20
Generation 23 | Average Generation Fitness: 0.7920583062637299 | Best Fitness: 0.8106983168315893 | Population Length: 20
Generation 24 | Average Generation Fitness: 0.7880279547455992 | Best Fitness: 0.8106983168315893 | Population Length: 20
Generation 25 | Average Generation Fitness: 0.7919748906903756 | Best Fitness: 0.8106983168315893 | Population Length: 20
Generation 26 | Average Generation Fitness: 0.7732293902949039 | Best Fitness: 0.8106983168315893 | Population Length: 20
Generation 27 | Average Generation Fitness: 0.7868541976433286 | Best Fitness: 0.8106983168315893 | Population Length: 20
Generation 28 | Average Generation Fitness: 0.7762945139985338 | Best Fitness: 0.8106983168315893 | Population Length: 20
Generation 29 | Average Generation Fitness: 0.7898759714935125 | Best Fitness: 0.8106983168315893 | Population Length: 20
Generation 30 | Average Generation Fitness: 0.7839736784759499 | Best Fitness: 0.8106983168315893 | Population Length: 20
Generation 31 | Average Generation Fitness: 0.7860505002934086 | Best Fitness: 0.8106983168315893 | Population Length: 20
Generation 32 | Average Generation Fitness: 0.7779106035626758 | Best Fitness: 0.8106983168315893 | Population Length: 20
Generation 33 | Average Generation Fitness: 0.802092409811235 | Best Fitness: 0.8132782622258429 | Population Length: 20
Generation 34 | Average Generation Fitness: 0.7796817542147348 | Best Fitness: 0.8165414204960891 | Population Length: 20
Generation 35 | Average Generation Fitness: 0.789062004133992 | Best Fitness: 0.8165414204960891 | Population Length: 20
Generation 36 | Average Generation Fitness: 0.7772849437516176 | Best Fitness: 0.8165414204960891 | Population Length: 20
Generation 37 | Average Generation Fitness: 0.7969242198450965 | Best Fitness: 0.8165414204960891 | Population Length: 20
Generation 38 | Average Generation Fitness: 0.789912627229993 | Best Fitness: 0.8165414204960891 | Population Length: 20
Generation 39 | Average Generation Fitness: 0.774938487348468 | Best Fitness: 0.8165414204960891 | Population Length: 20
Generation 40 | Average Generation Fitness: 0.7976969321788723 | Best Fitness: 0.8165414204960891 | Population Length: 20
Generation 41 | Average Generation Fitness: 0.7874385865966085 | Best Fitness: 0.8165414204960891 | Population Length: 20
Generation 42 | Average Generation Fitness: 0.7840386415802041 | Best Fitness: 0.8165414204960891 | Population Length: 20
Generation 43 | Average Generation Fitness: 0.7900310994366199 | Best Fitness: 0.8165414204960891 | Population Length: 20
Generation 44 | Average Generation Fitness: 0.7911407511424337 | Best Fitness: 0.8165414204960891 | Population Length: 20
Generation 45 | Average Generation Fitness: 0.789217830785647 | Best Fitness: 0.8165414204960891 | Population Length: 20
Generation 46 | Average Generation Fitness: 0.7797319335812396 | Best Fitness: 0.8165414204960891 | Population Length: 20
Generation 47 | Average Generation Fitness: 0.7904898094323176 | Best Fitness: 0.8165414204960891 | Population Length: 20
Generation 48 | Average Generation Fitness: 0.7964916589596531 | Best Fitness: 0.8165414204960891 | Population Length: 20
Generation 49 | Average Generation Fitness: 0.7948756776925874 | Best Fitness: 0.8165414204960891 | Population Length: 20
Generation 50 | Average Generation Fitness: 0.7977120876950685 | Best Fitness: 0.8165414204960891 | Population Length: 20
Generation 51 | Average Generation Fitness: 0.7902809714914276 | Best Fitness: 0.8165414204960891 | Population Length: 20
Generation 52 | Average Generation Fitness: 0.7950085942333172 | Best Fitness: 0.8165414204960891 | Population Length: 20
------------------------------------------------
Total Generations: 52
Total Population: 20   ---   Mutation Rate: 0.0  ---  Crossover Probability: 0.6
Average Fitness: 0.7950085942333172  ---  Best Overall Fitness: 0.8165414204960891
------------------------------------------------
Best Fitnesses mean: 0.8174491755452775
Total Generations mean: 57.7
------------------------------------------------
