Target: 
Point: (0.5014914035755788, 0.4967910382513906, 0.5007062485246058)
Point: (0.5012025571452988, 0.4983113232305595, 0.5002740628553465)
Point: (0.49557812875633916, 0.5006838612081804, 0.5011119343954537)
Point: (0.4972345165206852, 0.5021658757578005, 0.5033070159015103)

Execution 1
------------------------------------------------
Total Generations: 1000
Total Population: 20   ---   Mutation Rate: 0.0  ---  Crossover Probability: 0.6
Average Fitness: 0.7141208914076753  ---  Best Overall Fitness: 0.8253324824341075
------------------------------------------------
Execution 2
------------------------------------------------
Total Generations: 1000
Total Population: 20   ---   Mutation Rate: 0.0  ---  Crossover Probability: 0.6
Average Fitness: 0.713638766601581  ---  Best Overall Fitness: 0.8228973177816921
------------------------------------------------
Execution 3
------------------------------------------------
Total Generations: 1000
Total Population: 20   ---   Mutation Rate: 0.0  ---  Crossover Probability: 0.6
Average Fitness: 0.7000321559106599  ---  Best Overall Fitness: 0.8269658068074806
------------------------------------------------
Execution 4
------------------------------------------------
Total Generations: 1000
Total Population: 20   ---   Mutation Rate: 0.0  ---  Crossover Probability: 0.6
Average Fitness: 0.7004979964873524  ---  Best Overall Fitness: 0.8255188324863564
------------------------------------------------
Execution 5
------------------------------------------------
Total Generations: 1000
Total Population: 20   ---   Mutation Rate: 0.0  ---  Crossover Probability: 0.6
Average Fitness: 0.7193189278326511  ---  Best Overall Fitness: 0.8237452648589859
------------------------------------------------
Execution 6
------------------------------------------------
Total Generations: 1000
Total Population: 20   ---   Mutation Rate: 0.0  ---  Crossover Probability: 0.6
Average Fitness: 0.7017601959479534  ---  Best Overall Fitness: 0.8244807260012335
------------------------------------------------
Execution 7
------------------------------------------------
Total Generations: 1000
Total Population: 20   ---   Mutation Rate: 0.0  ---  Crossover Probability: 0.6
Average Fitness: 0.7068922553168451  ---  Best Overall Fitness: 0.8252558814621376
------------------------------------------------
Execution 8
------------------------------------------------
Total Generations: 1000
Total Population: 20   ---   Mutation Rate: 0.0  ---  Crossover Probability: 0.6
Average Fitness: 0.7193341038275151  ---  Best Overall Fitness: 0.8290639083288104
------------------------------------------------
Execution 9
------------------------------------------------
Total Generations: 1000
Total Population: 20   ---   Mutation Rate: 0.0  ---  Crossover Probability: 0.6
Average Fitness: 0.7288741941592795  ---  Best Overall Fitness: 0.8205091525284407
------------------------------------------------
Execution 10
------------------------------------------------
Total Generations: 1000
Total Population: 20   ---   Mutation Rate: 0.0  ---  Crossover Probability: 0.6
Average Fitness: 0.7215072803360169  ---  Best Overall Fitness: 0.8265291169476227
------------------------------------------------
Best Fitnesses mean: 0.8250298489636867
Total Generations mean: 1000.0
------------------------------------------------