Target: 
Point: (0.5060119414194137, 0.5017841898711518, 0.49808249465765053)
Point: (0.5009804074451543, 0.49594896183969533, 0.5031189551498697)
Point: (0.495348576239168, 0.49934173210123095, 0.5014462243563427)
Point: (0.5019186330105005, 0.49776502848259424, 0.4999710633206986)

Execution 1
------------------------------------------------
Total Generations: 69
Total Population: 20   ---   Mutation Rate: 0.0  ---  Crossover Probability: 0.6
Average Fitness: 0.8032179283833181  ---  Best Overall Fitness: 0.8230934098394905
------------------------------------------------
Execution 2
------------------------------------------------
Total Generations: 51
Total Population: 20   ---   Mutation Rate: 0.0  ---  Crossover Probability: 0.6
Average Fitness: 0.7771528033016486  ---  Best Overall Fitness: 0.8239920633105777
------------------------------------------------
Execution 3
------------------------------------------------
Total Generations: 51
Total Population: 20   ---   Mutation Rate: 0.0  ---  Crossover Probability: 0.6
Average Fitness: 0.7744223158406477  ---  Best Overall Fitness: 0.8114046352155532
------------------------------------------------
Execution 4
------------------------------------------------
Total Generations: 53
Total Population: 20   ---   Mutation Rate: 0.0  ---  Crossover Probability: 0.6
Average Fitness: 0.8018505710199797  ---  Best Overall Fitness: 0.8185238387450586
------------------------------------------------
Execution 5
------------------------------------------------
Total Generations: 53
Total Population: 20   ---   Mutation Rate: 0.0  ---  Crossover Probability: 0.6
Average Fitness: 0.7901866791409327  ---  Best Overall Fitness: 0.8275017760962766
------------------------------------------------
Execution 6
------------------------------------------------
Total Generations: 53
Total Population: 20   ---   Mutation Rate: 0.0  ---  Crossover Probability: 0.6
Average Fitness: 0.793879514758684  ---  Best Overall Fitness: 0.8299120179813257
------------------------------------------------
Execution 7
------------------------------------------------
Total Generations: 51
Total Population: 20   ---   Mutation Rate: 0.0  ---  Crossover Probability: 0.6
Average Fitness: 0.7853991465194887  ---  Best Overall Fitness: 0.8201773275145198
------------------------------------------------
Execution 8
------------------------------------------------
Total Generations: 54
Total Population: 20   ---   Mutation Rate: 0.0  ---  Crossover Probability: 0.6
Average Fitness: 0.7928848100550367  ---  Best Overall Fitness: 0.8303438062495502
------------------------------------------------
Execution 9
------------------------------------------------
Total Generations: 53
Total Population: 20   ---   Mutation Rate: 0.0  ---  Crossover Probability: 0.6
Average Fitness: 0.7955329029564322  ---  Best Overall Fitness: 0.8187572388044323
------------------------------------------------
Execution 10
------------------------------------------------
Total Generations: 53
Total Population: 20   ---   Mutation Rate: 0.0  ---  Crossover Probability: 0.6
Average Fitness: 0.7994371209091307  ---  Best Overall Fitness: 0.8239258846600361
------------------------------------------------
Best Fitnesses mean: 0.822763199841682
Total Generations mean: 54.1
------------------------------------------------