Target: 
Point: (0.49419894257790015, 0.5034385191350951, 0.5041029790161182)
Point: (0.49648087631157306, 0.4988654166967585, 0.5008744685731475)
Point: (0.499655746078521, 0.5007160358184981, 0.4989566523768626)
Point: (0.501462532199307, 0.5020091194181874, 0.4963755820720342)

Execution 1
------------------------------------------------
Total Generations: 188
Total Population: 200   ---   Mutation Rate: 0.01  ---  Crossover Probability: 0.9
Average Fitness: 0.7580228441956591  ---  Best Overall Fitness: 0.8262727833168607
------------------------------------------------
Execution 2
------------------------------------------------
Total Generations: 83
Total Population: 200   ---   Mutation Rate: 0.01  ---  Crossover Probability: 0.9
Average Fitness: 0.7591258395651956  ---  Best Overall Fitness: 0.8211508114107215
------------------------------------------------
Execution 3
------------------------------------------------
Total Generations: 211
Total Population: 200   ---   Mutation Rate: 0.01  ---  Crossover Probability: 0.9
Average Fitness: 0.7497572200056011  ---  Best Overall Fitness: 0.830485823057128
------------------------------------------------
Execution 4
------------------------------------------------
Total Generations: 51
Total Population: 200   ---   Mutation Rate: 0.01  ---  Crossover Probability: 0.9
Average Fitness: 0.7609444093992787  ---  Best Overall Fitness: 0.824328265734337
------------------------------------------------
Execution 5
------------------------------------------------
Total Generations: 533
Total Population: 200   ---   Mutation Rate: 0.01  ---  Crossover Probability: 0.9
Average Fitness: 0.754007863749155  ---  Best Overall Fitness: 0.8288676200098365
------------------------------------------------
Execution 6
------------------------------------------------
Total Generations: 305
Total Population: 200   ---   Mutation Rate: 0.01  ---  Crossover Probability: 0.9
Average Fitness: 0.7575925186583788  ---  Best Overall Fitness: 0.828837612189542
------------------------------------------------
Execution 7
------------------------------------------------
Total Generations: 264
Total Population: 200   ---   Mutation Rate: 0.01  ---  Crossover Probability: 0.9
Average Fitness: 0.7515399552516914  ---  Best Overall Fitness: 0.8300286750483237
------------------------------------------------
Execution 8
------------------------------------------------
Total Generations: 110
Total Population: 200   ---   Mutation Rate: 0.01  ---  Crossover Probability: 0.9
Average Fitness: 0.7577206708678716  ---  Best Overall Fitness: 0.825616575553735
------------------------------------------------
Execution 9
------------------------------------------------
Total Generations: 1000
Total Population: 200   ---   Mutation Rate: 0.01  ---  Crossover Probability: 0.9
Average Fitness: 0.7611994505171248  ---  Best Overall Fitness: 0.8301797241224617
------------------------------------------------
Execution 10
------------------------------------------------
Total Generations: 95
Total Population: 200   ---   Mutation Rate: 0.01  ---  Crossover Probability: 0.9
Average Fitness: 0.7531309265093397  ---  Best Overall Fitness: 0.8269730541202106
------------------------------------------------
Best Fitnesses mean: 0.8272740944563157
Total Generations mean: 284.0
------------------------------------------------