Target: 
Point: (0.49771859645348876, 0.49882959777845093, 0.5011373539036196)
Point: (0.49797706635727274, 0.5050461419844151, 0.5021262020735361)
Point: (0.49795502259828944, 0.5053770272981677, 0.5023589570206767)
Point: (0.49986016857528165, 0.5027333875420039, 0.5016455840302317)

Execution 1
------------------------------------------------
Total Generations: 1000
Total Population: 200   ---   Mutation Rate: 0.0  ---  Crossover Probability: 0.9
Average Fitness: 0.41152046821125554  ---  Best Overall Fitness: 0.829462315061689
------------------------------------------------
Execution 2
------------------------------------------------
Total Generations: 1000
Total Population: 200   ---   Mutation Rate: 0.0  ---  Crossover Probability: 0.9
Average Fitness: 0.4338531421809489  ---  Best Overall Fitness: 0.8262668735244847
------------------------------------------------
Execution 3
------------------------------------------------
Total Generations: 1000
Total Population: 200   ---   Mutation Rate: 0.0  ---  Crossover Probability: 0.9
Average Fitness: 0.42097592448789983  ---  Best Overall Fitness: 0.8249399462899839
------------------------------------------------
Execution 4
------------------------------------------------
Total Generations: 1000
Total Population: 200   ---   Mutation Rate: 0.0  ---  Crossover Probability: 0.9
Average Fitness: 0.4218974155410151  ---  Best Overall Fitness: 0.8261693458918896
------------------------------------------------
Execution 5
------------------------------------------------
Total Generations: 1000
Total Population: 200   ---   Mutation Rate: 0.0  ---  Crossover Probability: 0.9
Average Fitness: 0.426172498686432  ---  Best Overall Fitness: 0.8262261278559181
------------------------------------------------
Execution 6
------------------------------------------------
Total Generations: 1000
Total Population: 200   ---   Mutation Rate: 0.0  ---  Crossover Probability: 0.9
Average Fitness: 0.4064974925486217  ---  Best Overall Fitness: 0.8226415230712644
------------------------------------------------
Execution 7
------------------------------------------------
Total Generations: 1000
Total Population: 200   ---   Mutation Rate: 0.0  ---  Crossover Probability: 0.9
Average Fitness: 0.4333176899280495  ---  Best Overall Fitness: 0.8259262762829306
------------------------------------------------
Execution 8
------------------------------------------------
Total Generations: 1000
Total Population: 200   ---   Mutation Rate: 0.0  ---  Crossover Probability: 0.9
Average Fitness: 0.41920783441213016  ---  Best Overall Fitness: 0.8256051063240442
------------------------------------------------
Execution 9
------------------------------------------------
Total Generations: 1000
Total Population: 200   ---   Mutation Rate: 0.0  ---  Crossover Probability: 0.9
Average Fitness: 0.4294281911320491  ---  Best Overall Fitness: 0.8245162130913171
------------------------------------------------
Execution 10
------------------------------------------------
Total Generations: 1000
Total Population: 200   ---   Mutation Rate: 0.0  ---  Crossover Probability: 0.9
Average Fitness: 0.4189569077940078  ---  Best Overall Fitness: 0.8244680426146266
------------------------------------------------
Best Fitnesses mean: 0.8256221770008147
Total Generations mean: 1000.0
------------------------------------------------