Target: 
Point: (0.5055266572981346, 0.5010673980553347, 0.4996746750334043)
Point: (0.4976143820811071, 0.4985759771398158, 0.4981227546967242)
Point: (0.504514692336599, 0.4965359199644169, 0.500163511007314)
Point: (0.5009547824534007, 0.4978216388892094, 0.49738981772731994)

Execution 1
------------------------------------------------
Total Generations: 1000
Total Population: 20   ---   Mutation Rate: 0.1  ---  Crossover Probability: 0.6
Average Fitness: 0.7609012341281085  ---  Best Overall Fitness: 0.8233704455105066
------------------------------------------------
Execution 2
------------------------------------------------
Total Generations: 1000
Total Population: 20   ---   Mutation Rate: 0.1  ---  Crossover Probability: 0.6
Average Fitness: 0.7489751398914313  ---  Best Overall Fitness: 0.8288886559177393
------------------------------------------------
Execution 3
------------------------------------------------
Total Generations: 1000
Total Population: 20   ---   Mutation Rate: 0.1  ---  Crossover Probability: 0.6
Average Fitness: 0.7378401647507713  ---  Best Overall Fitness: 0.8235439901083914
------------------------------------------------
Execution 4
------------------------------------------------
Total Generations: 1000
Total Population: 20   ---   Mutation Rate: 0.1  ---  Crossover Probability: 0.6
Average Fitness: 0.7448449367856967  ---  Best Overall Fitness: 0.8283416147318551
------------------------------------------------
Execution 5
------------------------------------------------
Total Generations: 1000
Total Population: 20   ---   Mutation Rate: 0.1  ---  Crossover Probability: 0.6
Average Fitness: 0.7404316716995516  ---  Best Overall Fitness: 0.8252746245486081
------------------------------------------------
Execution 6
------------------------------------------------
Total Generations: 1000
Total Population: 20   ---   Mutation Rate: 0.1  ---  Crossover Probability: 0.6
Average Fitness: 0.7484052365330536  ---  Best Overall Fitness: 0.8297469867895394
------------------------------------------------
Execution 7
------------------------------------------------
Total Generations: 1000
Total Population: 20   ---   Mutation Rate: 0.1  ---  Crossover Probability: 0.6
Average Fitness: 0.7593694083237021  ---  Best Overall Fitness: 0.8232421546080789
------------------------------------------------
Execution 8
------------------------------------------------
Total Generations: 1000
Total Population: 20   ---   Mutation Rate: 0.1  ---  Crossover Probability: 0.6
Average Fitness: 0.7507380062637315  ---  Best Overall Fitness: 0.8261740763311985
------------------------------------------------
Execution 9
------------------------------------------------
Total Generations: 1000
Total Population: 20   ---   Mutation Rate: 0.1  ---  Crossover Probability: 0.6
Average Fitness: 0.7479663295073455  ---  Best Overall Fitness: 0.8258916816077219
------------------------------------------------
Execution 10
------------------------------------------------
Total Generations: 1000
Total Population: 20   ---   Mutation Rate: 0.1  ---  Crossover Probability: 0.6
Average Fitness: 0.7545036575727629  ---  Best Overall Fitness: 0.8264756138881789
------------------------------------------------
Best Fitnesses mean: 0.8260949844041818
Total Generations mean: 1000.0
------------------------------------------------