Target: 
Point: (0.49853081514907716, 0.500298014853674, 0.5063064303805661)
Point: (0.5022254228623881, 0.4971232776963262, 0.5001649715914394)
Point: (0.5028961908095981, 0.5027666702063082, 0.5003848493214783)
Point: (0.4971151092903407, 0.4992911674226304, 0.49789460548247866)

Execution 1
------------------------------------------------
Total Generations: 1000
Total Population: 20   ---   Mutation Rate: 0.01  ---  Crossover Probability: 0.1
Average Fitness: 0.7524148791042976  ---  Best Overall Fitness: 0.8242886633706132
------------------------------------------------
Execution 2
------------------------------------------------
Total Generations: 1000
Total Population: 20   ---   Mutation Rate: 0.01  ---  Crossover Probability: 0.1
Average Fitness: 0.743918135966014  ---  Best Overall Fitness: 0.8266988464932461
------------------------------------------------
Execution 3
------------------------------------------------
Total Generations: 1000
Total Population: 20   ---   Mutation Rate: 0.01  ---  Crossover Probability: 0.1
Average Fitness: 0.7434195948362675  ---  Best Overall Fitness: 0.8268813820987987
------------------------------------------------
Execution 4
------------------------------------------------
Total Generations: 1000
Total Population: 20   ---   Mutation Rate: 0.01  ---  Crossover Probability: 0.1
Average Fitness: 0.7482491277412463  ---  Best Overall Fitness: 0.8266834551540194
------------------------------------------------
Execution 5
------------------------------------------------
Total Generations: 1000
Total Population: 20   ---   Mutation Rate: 0.01  ---  Crossover Probability: 0.1
Average Fitness: 0.7463150343525436  ---  Best Overall Fitness: 0.8277085280636718
------------------------------------------------
Execution 6
------------------------------------------------
Total Generations: 1000
Total Population: 20   ---   Mutation Rate: 0.01  ---  Crossover Probability: 0.1
Average Fitness: 0.7508318191614689  ---  Best Overall Fitness: 0.8252601026266636
------------------------------------------------
Execution 7
------------------------------------------------
Total Generations: 1000
Total Population: 20   ---   Mutation Rate: 0.01  ---  Crossover Probability: 0.1
Average Fitness: 0.7394793783375628  ---  Best Overall Fitness: 0.8257870236754634
------------------------------------------------
Execution 8
------------------------------------------------
Total Generations: 1000
Total Population: 20   ---   Mutation Rate: 0.01  ---  Crossover Probability: 0.1
Average Fitness: 0.7567207869464814  ---  Best Overall Fitness: 0.8269111427197331
------------------------------------------------
Execution 9
------------------------------------------------
Total Generations: 1000
Total Population: 20   ---   Mutation Rate: 0.01  ---  Crossover Probability: 0.1
Average Fitness: 0.740257605115819  ---  Best Overall Fitness: 0.8284041196340536
------------------------------------------------
Execution 10
------------------------------------------------
Total Generations: 1000
Total Population: 20   ---   Mutation Rate: 0.01  ---  Crossover Probability: 0.1
Average Fitness: 0.7370406552624503  ---  Best Overall Fitness: 0.8274400619240277
------------------------------------------------
Best Fitnesses mean: 0.8266063325760291
Total Generations mean: 1000.0
------------------------------------------------