Target: 
Point: (0.49761997263085256, 0.5019341204660622, 0.5002765218123466)
Point: (0.49595661965592297, 0.5028494944974204, 0.4980983604258685)
Point: (0.505101708626346, 0.5026350220431157, 0.4989420074230336)
Point: (0.5000900639518268, 0.4993411363459797, 0.4986606695696318)

Execution 1
------------------------------------------------
Total Generations: 1000
Total Population: 200   ---   Mutation Rate: 0.01  ---  Crossover Probability: 0.6
Average Fitness: 0.7474759606155003  ---  Best Overall Fitness: 0.8296721712978967
------------------------------------------------
Execution 2
------------------------------------------------
Total Generations: 388
Total Population: 200   ---   Mutation Rate: 0.01  ---  Crossover Probability: 0.6
Average Fitness: 0.751454817158342  ---  Best Overall Fitness: 0.8249172586979253
------------------------------------------------
Execution 3
------------------------------------------------
Total Generations: 380
Total Population: 200   ---   Mutation Rate: 0.01  ---  Crossover Probability: 0.6
Average Fitness: 0.7494755310442397  ---  Best Overall Fitness: 0.8287421278433236
------------------------------------------------
Execution 4
------------------------------------------------
Total Generations: 1000
Total Population: 200   ---   Mutation Rate: 0.01  ---  Crossover Probability: 0.6
Average Fitness: 0.752383697522005  ---  Best Overall Fitness: 0.8283489590632136
------------------------------------------------
Execution 5
------------------------------------------------
Total Generations: 592
Total Population: 200   ---   Mutation Rate: 0.01  ---  Crossover Probability: 0.6
Average Fitness: 0.7460768176508877  ---  Best Overall Fitness: 0.8284486715956434
------------------------------------------------
Execution 6
------------------------------------------------
Total Generations: 1000
Total Population: 200   ---   Mutation Rate: 0.01  ---  Crossover Probability: 0.6
Average Fitness: 0.7501562568346126  ---  Best Overall Fitness: 0.8283103635331829
------------------------------------------------
Execution 7
------------------------------------------------
Total Generations: 1000
Total Population: 200   ---   Mutation Rate: 0.01  ---  Crossover Probability: 0.6
Average Fitness: 0.7469554794166904  ---  Best Overall Fitness: 0.8284998655617181
------------------------------------------------
Execution 8
------------------------------------------------
Total Generations: 1000
Total Population: 200   ---   Mutation Rate: 0.01  ---  Crossover Probability: 0.6
Average Fitness: 0.750994071275684  ---  Best Overall Fitness: 0.831302507777108
------------------------------------------------
Execution 9
------------------------------------------------
Total Generations: 1000
Total Population: 200   ---   Mutation Rate: 0.01  ---  Crossover Probability: 0.6
Average Fitness: 0.752518514414369  ---  Best Overall Fitness: 0.8278146066929135
------------------------------------------------
Execution 10
------------------------------------------------
Total Generations: 345
Total Population: 200   ---   Mutation Rate: 0.01  ---  Crossover Probability: 0.6
Average Fitness: 0.7491919342114006  ---  Best Overall Fitness: 0.8289068905511191
------------------------------------------------
Best Fitnesses mean: 0.8284963422614045
Total Generations mean: 770.5
------------------------------------------------