Target: 
Point: (0.5022806229050147, 0.5032390071619294, 0.4993356543636705)
Point: (0.49970019898693135, 0.4994533587584886, 0.49522731808540554)
Point: (0.5024080175468117, 0.4999457464812878, 0.5009530756908522)
Point: (0.5027717097615052, 0.5001831965514995, 0.4987460874113689)

Execution 1
------------------------------------------------
Total Generations: 63
Total Population: 20   ---   Mutation Rate: 0.01  ---  Crossover Probability: 0.9
Average Fitness: 0.8302809036497921  ---  Best Overall Fitness: 0.8326076247119084
------------------------------------------------
Execution 2
------------------------------------------------
Total Generations: 54
Total Population: 20   ---   Mutation Rate: 0.01  ---  Crossover Probability: 0.9
Average Fitness: 0.8251767672860266  ---  Best Overall Fitness: 0.8318365125251161
------------------------------------------------
Execution 3
------------------------------------------------
Total Generations: 56
Total Population: 20   ---   Mutation Rate: 0.01  ---  Crossover Probability: 0.9
Average Fitness: 0.8195749421129287  ---  Best Overall Fitness: 0.8324079431289518
------------------------------------------------
Execution 4
------------------------------------------------
Total Generations: 55
Total Population: 20   ---   Mutation Rate: 0.01  ---  Crossover Probability: 0.9
Average Fitness: 0.8194255541274609  ---  Best Overall Fitness: 0.8317623111688851
------------------------------------------------
Execution 5
------------------------------------------------
Total Generations: 53
Total Population: 20   ---   Mutation Rate: 0.01  ---  Crossover Probability: 0.9
Average Fitness: 0.8211296325488278  ---  Best Overall Fitness: 0.8314362528723928
------------------------------------------------
Execution 6
------------------------------------------------
Total Generations: 52
Total Population: 20   ---   Mutation Rate: 0.01  ---  Crossover Probability: 0.9
Average Fitness: 0.8233730094570072  ---  Best Overall Fitness: 0.8284693402217456
------------------------------------------------
Execution 7
------------------------------------------------
Total Generations: 55
Total Population: 20   ---   Mutation Rate: 0.01  ---  Crossover Probability: 0.9
Average Fitness: 0.8186101727368129  ---  Best Overall Fitness: 0.8297678134201157
------------------------------------------------
Execution 8
------------------------------------------------
Total Generations: 68
Total Population: 20   ---   Mutation Rate: 0.01  ---  Crossover Probability: 0.9
Average Fitness: 0.8214667637370816  ---  Best Overall Fitness: 0.8322995995611097
------------------------------------------------
Execution 9
------------------------------------------------
Total Generations: 52
Total Population: 20   ---   Mutation Rate: 0.01  ---  Crossover Probability: 0.9
Average Fitness: 0.8309860042089507  ---  Best Overall Fitness: 0.8318295789659808
------------------------------------------------
Execution 10
------------------------------------------------
Total Generations: 54
Total Population: 20   ---   Mutation Rate: 0.01  ---  Crossover Probability: 0.9
Average Fitness: 0.8257312913358964  ---  Best Overall Fitness: 0.8314740008133852
------------------------------------------------
Best Fitnesses mean: 0.8313890977389592
Total Generations mean: 56.2
------------------------------------------------