Target: 
Point: (0.4946557879100074, 0.5008454408335011, 0.5001917422301557)
Point: (0.4954370710793253, 0.4971213323648024, 0.503254359655842)
Point: (0.5009931861074455, 0.4988604948264612, 0.49706943877690796)
Point: (0.4969464996080122, 0.4964059732301663, 0.49931473718658853)

Execution 1
------------------------------------------------
Total Generations: 1000
Total Population: 20   ---   Mutation Rate: 0.0  ---  Crossover Probability: 0.9
Average Fitness: 0.7293239303121073  ---  Best Overall Fitness: 0.8254455677608438
------------------------------------------------
Execution 2
------------------------------------------------
Total Generations: 1000
Total Population: 20   ---   Mutation Rate: 0.0  ---  Crossover Probability: 0.9
Average Fitness: 0.7535814800887973  ---  Best Overall Fitness: 0.8274026041907774
------------------------------------------------
Execution 3
------------------------------------------------
Total Generations: 1000
Total Population: 20   ---   Mutation Rate: 0.0  ---  Crossover Probability: 0.9
Average Fitness: 0.7526073896837217  ---  Best Overall Fitness: 0.8256642495503035
------------------------------------------------
Execution 4
------------------------------------------------
Total Generations: 1000
Total Population: 20   ---   Mutation Rate: 0.0  ---  Crossover Probability: 0.9
Average Fitness: 0.7431311865565944  ---  Best Overall Fitness: 0.830977908821967
------------------------------------------------
Execution 5
------------------------------------------------
Total Generations: 1000
Total Population: 20   ---   Mutation Rate: 0.0  ---  Crossover Probability: 0.9
Average Fitness: 0.771556637017434  ---  Best Overall Fitness: 0.8264403010343186
------------------------------------------------
Execution 6
------------------------------------------------
Total Generations: 1000
Total Population: 20   ---   Mutation Rate: 0.0  ---  Crossover Probability: 0.9
Average Fitness: 0.7419026749601676  ---  Best Overall Fitness: 0.8274352614989249
------------------------------------------------
Execution 7
------------------------------------------------
Total Generations: 1000
Total Population: 20   ---   Mutation Rate: 0.0  ---  Crossover Probability: 0.9
Average Fitness: 0.7673648473006021  ---  Best Overall Fitness: 0.8230537383216642
------------------------------------------------
Execution 8
------------------------------------------------
Total Generations: 1000
Total Population: 20   ---   Mutation Rate: 0.0  ---  Crossover Probability: 0.9
Average Fitness: 0.7680762346315821  ---  Best Overall Fitness: 0.8264949076373845
------------------------------------------------
Execution 9
------------------------------------------------
Total Generations: 1000
Total Population: 20   ---   Mutation Rate: 0.0  ---  Crossover Probability: 0.9
Average Fitness: 0.7627173588605279  ---  Best Overall Fitness: 0.8265669841402348
------------------------------------------------
Execution 10
------------------------------------------------
Total Generations: 1000
Total Population: 20   ---   Mutation Rate: 0.0  ---  Crossover Probability: 0.9
Average Fitness: 0.7723683031698557  ---  Best Overall Fitness: 0.8233505978057031
------------------------------------------------
Best Fitnesses mean: 0.8262832120762121
Total Generations mean: 1000.0
------------------------------------------------