Target: 
Point: (0.49816052060140253, 0.5046391425254981, 0.5012032538303743)
Point: (0.4963101706288965, 0.49795241174020366, 0.5016562122355767)
Point: (0.4959170191460634, 0.5009143134633604, 0.5031928616125809)
Point: (0.5012269796277431, 0.4938655107789766, 0.49883588104418397)

Execution 1
------------------------------------------------
Total Generations: 1000
Total Population: 20   ---   Mutation Rate: 0.01  ---  Crossover Probability: 0.6
Average Fitness: 0.704028982263444  ---  Best Overall Fitness: 0.82522374367604
------------------------------------------------
Execution 2
------------------------------------------------
Total Generations: 1000
Total Population: 20   ---   Mutation Rate: 0.01  ---  Crossover Probability: 0.6
Average Fitness: 0.7205507224256846  ---  Best Overall Fitness: 0.8238208601209203
------------------------------------------------
Execution 3
------------------------------------------------
Total Generations: 1000
Total Population: 20   ---   Mutation Rate: 0.01  ---  Crossover Probability: 0.6
Average Fitness: 0.6757041916408892  ---  Best Overall Fitness: 0.8226741634656403
------------------------------------------------
Execution 4
------------------------------------------------
Total Generations: 1000
Total Population: 20   ---   Mutation Rate: 0.01  ---  Crossover Probability: 0.6
Average Fitness: 0.7321097912391046  ---  Best Overall Fitness: 0.8235178037277034
------------------------------------------------
Execution 5
------------------------------------------------
Total Generations: 1000
Total Population: 20   ---   Mutation Rate: 0.01  ---  Crossover Probability: 0.6
Average Fitness: 0.7373278405168706  ---  Best Overall Fitness: 0.8244400311237938
------------------------------------------------
Execution 6
------------------------------------------------
Total Generations: 1000
Total Population: 20   ---   Mutation Rate: 0.01  ---  Crossover Probability: 0.6
Average Fitness: 0.7251414502917608  ---  Best Overall Fitness: 0.8235620385759521
------------------------------------------------
Execution 7
------------------------------------------------
Total Generations: 1000
Total Population: 20   ---   Mutation Rate: 0.01  ---  Crossover Probability: 0.6
Average Fitness: 0.6988934076486937  ---  Best Overall Fitness: 0.8228400318857141
------------------------------------------------
Execution 8
------------------------------------------------
Total Generations: 1000
Total Population: 20   ---   Mutation Rate: 0.01  ---  Crossover Probability: 0.6
Average Fitness: 0.7147284402026742  ---  Best Overall Fitness: 0.8213227704314229
------------------------------------------------
Execution 9
------------------------------------------------
Total Generations: 1000
Total Population: 20   ---   Mutation Rate: 0.01  ---  Crossover Probability: 0.6
Average Fitness: 0.715316970757321  ---  Best Overall Fitness: 0.8230179662972947
------------------------------------------------
Execution 10
------------------------------------------------
Total Generations: 1000
Total Population: 20   ---   Mutation Rate: 0.01  ---  Crossover Probability: 0.6
Average Fitness: 0.7176568899552025  ---  Best Overall Fitness: 0.8238083417406423
------------------------------------------------
Best Fitnesses mean: 0.8234227751045123
Total Generations mean: 1000.0
------------------------------------------------