Target: 
Point: (0.49816981393211424, 0.5027948893341017, 0.5019609178499213)
Point: (0.5019063144963526, 0.5026557643212209, 0.49935953156128754)
Point: (0.5030368461028558, 0.5025436785356849, 0.49672385204109587)
Point: (0.5007042293141791, 0.5036112280652401, 0.4976122760195759)

Execution 1
------------------------------------------------
Total Generations: 1000
Total Population: 200   ---   Mutation Rate: 0.0  ---  Crossover Probability: 0.1
Average Fitness: 0.7508693053493122  ---  Best Overall Fitness: 0.8301396872565591
------------------------------------------------
Execution 2
------------------------------------------------
Total Generations: 679
Total Population: 200   ---   Mutation Rate: 0.0  ---  Crossover Probability: 0.1
Average Fitness: 0.7474384386202323  ---  Best Overall Fitness: 0.827987909699969
------------------------------------------------
Execution 3
------------------------------------------------
Total Generations: 1000
Total Population: 200   ---   Mutation Rate: 0.0  ---  Crossover Probability: 0.1
Average Fitness: 0.7492087266252814  ---  Best Overall Fitness: 0.8298318549016402
------------------------------------------------
Execution 4
------------------------------------------------
Total Generations: 1000
Total Population: 200   ---   Mutation Rate: 0.0  ---  Crossover Probability: 0.1
Average Fitness: 0.7474199626991949  ---  Best Overall Fitness: 0.8296909751229135
------------------------------------------------
Execution 5
------------------------------------------------
Total Generations: 1000
Total Population: 200   ---   Mutation Rate: 0.0  ---  Crossover Probability: 0.1
Average Fitness: 0.7479858139474068  ---  Best Overall Fitness: 0.8276184398447398
------------------------------------------------
Execution 6
------------------------------------------------
Total Generations: 1000
Total Population: 200   ---   Mutation Rate: 0.0  ---  Crossover Probability: 0.1
Average Fitness: 0.7520206979438514  ---  Best Overall Fitness: 0.8289230637994496
------------------------------------------------
Execution 7
------------------------------------------------
Total Generations: 887
Total Population: 200   ---   Mutation Rate: 0.0  ---  Crossover Probability: 0.1
Average Fitness: 0.745563281567233  ---  Best Overall Fitness: 0.8302793241275458
------------------------------------------------
Execution 8
------------------------------------------------
Total Generations: 1000
Total Population: 200   ---   Mutation Rate: 0.0  ---  Crossover Probability: 0.1
Average Fitness: 0.74335149211464  ---  Best Overall Fitness: 0.8268647853391302
------------------------------------------------
Execution 9
------------------------------------------------
Total Generations: 1000
Total Population: 200   ---   Mutation Rate: 0.0  ---  Crossover Probability: 0.1
Average Fitness: 0.7465880635172567  ---  Best Overall Fitness: 0.8275380635740345
------------------------------------------------
Execution 10
------------------------------------------------
Total Generations: 465
Total Population: 200   ---   Mutation Rate: 0.0  ---  Crossover Probability: 0.1
Average Fitness: 0.7496397664065771  ---  Best Overall Fitness: 0.8277639978626594
------------------------------------------------
Best Fitnesses mean: 0.8286638101528642
Total Generations mean: 903.1
------------------------------------------------