Target: 
Point: (0.4993325102795188, 0.4995626592495727, 0.503245072265147)
Point: (0.5019425004977881, 0.49718362641101915, 0.4994495398983708)
Point: (0.4989621575352495, 0.5061111421666896, 0.49807733277652366)
Point: (0.49683225199161857, 0.4989771432450006, 0.5011906443974722)

Execution 1
------------------------------------------------
Total Generations: 1000
Total Population: 200   ---   Mutation Rate: 0.1  ---  Crossover Probability: 0.1
Average Fitness: 0.7451164076967207  ---  Best Overall Fitness: 0.8279926811350132
------------------------------------------------
Execution 2
------------------------------------------------
Total Generations: 984
Total Population: 200   ---   Mutation Rate: 0.1  ---  Crossover Probability: 0.1
Average Fitness: 0.7439778791602673  ---  Best Overall Fitness: 0.8284125617242314
------------------------------------------------
Execution 3
------------------------------------------------
Total Generations: 1000
Total Population: 200   ---   Mutation Rate: 0.1  ---  Crossover Probability: 0.1
Average Fitness: 0.7475830802099692  ---  Best Overall Fitness: 0.8281603329794082
------------------------------------------------
Execution 4
------------------------------------------------
Total Generations: 1000
Total Population: 200   ---   Mutation Rate: 0.1  ---  Crossover Probability: 0.1
Average Fitness: 0.7452377038656399  ---  Best Overall Fitness: 0.8279393252820926
------------------------------------------------
Execution 5
------------------------------------------------
Total Generations: 1000
Total Population: 200   ---   Mutation Rate: 0.1  ---  Crossover Probability: 0.1
Average Fitness: 0.7456821418319081  ---  Best Overall Fitness: 0.8294604104115955
------------------------------------------------
Execution 6
------------------------------------------------
Total Generations: 1000
Total Population: 200   ---   Mutation Rate: 0.1  ---  Crossover Probability: 0.1
Average Fitness: 0.7416898315651705  ---  Best Overall Fitness: 0.829417997803819
------------------------------------------------
Execution 7
------------------------------------------------
Total Generations: 1000
Total Population: 200   ---   Mutation Rate: 0.1  ---  Crossover Probability: 0.1
Average Fitness: 0.7461226887295038  ---  Best Overall Fitness: 0.8291913073837959
------------------------------------------------
Execution 8
------------------------------------------------
Total Generations: 1000
Total Population: 200   ---   Mutation Rate: 0.1  ---  Crossover Probability: 0.1
Average Fitness: 0.7461349161396954  ---  Best Overall Fitness: 0.8291606540330188
------------------------------------------------
Execution 9
------------------------------------------------
Total Generations: 546
Total Population: 200   ---   Mutation Rate: 0.1  ---  Crossover Probability: 0.1
Average Fitness: 0.7444961232472518  ---  Best Overall Fitness: 0.828803970871552
------------------------------------------------
Execution 10
------------------------------------------------
Total Generations: 1000
Total Population: 200   ---   Mutation Rate: 0.1  ---  Crossover Probability: 0.1
Average Fitness: 0.745780727314902  ---  Best Overall Fitness: 0.8282491050081772
------------------------------------------------
Best Fitnesses mean: 0.8286788346632703
Total Generations mean: 953.0
------------------------------------------------