Target: 
Point: (0.5020365772923114, 0.4987257636165, 0.4956285892256885)
Point: (0.4963336097804778, 0.5042583980305269, 0.4969222369626369)
Point: (0.4974152584176935, 0.49641794720654975, 0.49634978137295604)
Point: (0.49821487833649425, 0.5020904993711918, 0.50025748524486)

Execution 1
------------------------------------------------
Total Generations: 52
Total Population: 200   ---   Mutation Rate: 0.0  ---  Crossover Probability: 0.9
Average Fitness: 0.8144275551506914  ---  Best Overall Fitness: 0.8206938292710111
------------------------------------------------
Execution 2
------------------------------------------------
Total Generations: 52
Total Population: 200   ---   Mutation Rate: 0.0  ---  Crossover Probability: 0.9
Average Fitness: 0.8198554655931669  ---  Best Overall Fitness: 0.8255415677332982
------------------------------------------------
Execution 3
------------------------------------------------
Total Generations: 52
Total Population: 200   ---   Mutation Rate: 0.0  ---  Crossover Probability: 0.9
Average Fitness: 0.8222800723759154  ---  Best Overall Fitness: 0.8309313542646306
------------------------------------------------
Execution 4
------------------------------------------------
Total Generations: 53
Total Population: 200   ---   Mutation Rate: 0.0  ---  Crossover Probability: 0.9
Average Fitness: 0.8176716220011621  ---  Best Overall Fitness: 0.8240526337231112
------------------------------------------------
Execution 5
------------------------------------------------
Total Generations: 52
Total Population: 200   ---   Mutation Rate: 0.0  ---  Crossover Probability: 0.9
Average Fitness: 0.8118778806939624  ---  Best Overall Fitness: 0.8192716585038499
------------------------------------------------
Execution 6
------------------------------------------------
Total Generations: 52
Total Population: 200   ---   Mutation Rate: 0.0  ---  Crossover Probability: 0.9
Average Fitness: 0.8132377930456488  ---  Best Overall Fitness: 0.8220245997267949
------------------------------------------------
Execution 7
------------------------------------------------
Total Generations: 51
Total Population: 200   ---   Mutation Rate: 0.0  ---  Crossover Probability: 0.9
Average Fitness: 0.818437323349024  ---  Best Overall Fitness: 0.8228288958920245
------------------------------------------------
Execution 8
------------------------------------------------
Total Generations: 53
Total Population: 200   ---   Mutation Rate: 0.0  ---  Crossover Probability: 0.9
Average Fitness: 0.8178795614985088  ---  Best Overall Fitness: 0.826847717562674
------------------------------------------------
Execution 9
------------------------------------------------
Total Generations: 51
Total Population: 200   ---   Mutation Rate: 0.0  ---  Crossover Probability: 0.9
Average Fitness: 0.8154872103376298  ---  Best Overall Fitness: 0.8266638651440315
------------------------------------------------
Execution 10
------------------------------------------------
Total Generations: 55
Total Population: 200   ---   Mutation Rate: 0.0  ---  Crossover Probability: 0.9
Average Fitness: 0.8179905631812235  ---  Best Overall Fitness: 0.8279189874710234
------------------------------------------------
Best Fitnesses mean: 0.8246775109292448
Total Generations mean: 52.3
------------------------------------------------