Target: 
Point: (0.5035885335176173, 0.4985200000842119, 0.4957336964466466)
Point: (0.5005673190980418, 0.502955359550655, 0.49701413732314803)
Point: (0.49929184721306563, 0.4964144500131809, 0.4965339419169079)
Point: (0.5014970500556192, 0.5030484209524684, 0.493847243121698)

Execution 1
------------------------------------------------
Total Generations: 51
Total Population: 200   ---   Mutation Rate: 0.1  ---  Crossover Probability: 0.6
Average Fitness: 0.7942614627714193  ---  Best Overall Fitness: 0.8333184353853214
------------------------------------------------
Execution 2
------------------------------------------------
Total Generations: 51
Total Population: 200   ---   Mutation Rate: 0.1  ---  Crossover Probability: 0.6
Average Fitness: 0.7923956572024649  ---  Best Overall Fitness: 0.8333313454327577
------------------------------------------------
Execution 3
------------------------------------------------
Total Generations: 52
Total Population: 200   ---   Mutation Rate: 0.1  ---  Crossover Probability: 0.6
Average Fitness: 0.7944987812215981  ---  Best Overall Fitness: 0.8333148191230457
------------------------------------------------
Execution 4
------------------------------------------------
Total Generations: 53
Total Population: 200   ---   Mutation Rate: 0.1  ---  Crossover Probability: 0.6
Average Fitness: 0.7949846648899077  ---  Best Overall Fitness: 0.8333209780652208
------------------------------------------------
Execution 5
------------------------------------------------
Total Generations: 51
Total Population: 200   ---   Mutation Rate: 0.1  ---  Crossover Probability: 0.6
Average Fitness: 0.7882039878756827  ---  Best Overall Fitness: 0.8333180142366167
------------------------------------------------
Execution 6
------------------------------------------------
Total Generations: 51
Total Population: 200   ---   Mutation Rate: 0.1  ---  Crossover Probability: 0.6
Average Fitness: 0.7985388372432801  ---  Best Overall Fitness: 0.8333243037230175
------------------------------------------------
Execution 7
------------------------------------------------
Total Generations: 52
Total Population: 200   ---   Mutation Rate: 0.1  ---  Crossover Probability: 0.6
Average Fitness: 0.7968495917961783  ---  Best Overall Fitness: 0.8333295913183921
------------------------------------------------
Execution 8
------------------------------------------------
Total Generations: 51
Total Population: 200   ---   Mutation Rate: 0.1  ---  Crossover Probability: 0.6
Average Fitness: 0.7920216146103859  ---  Best Overall Fitness: 0.8333315651771183
------------------------------------------------
Execution 9
------------------------------------------------
Total Generations: 52
Total Population: 200   ---   Mutation Rate: 0.1  ---  Crossover Probability: 0.6
Average Fitness: 0.7913207314203011  ---  Best Overall Fitness: 0.8333263036557227
------------------------------------------------
Execution 10
------------------------------------------------
Total Generations: 51
Total Population: 200   ---   Mutation Rate: 0.1  ---  Crossover Probability: 0.6
Average Fitness: 0.7930962154457726  ---  Best Overall Fitness: 0.8333172601968883
------------------------------------------------
Best Fitnesses mean: 0.8333232616314101
Total Generations mean: 51.5
------------------------------------------------