Target: 
Point: (0.5000497514516038, 0.49699681268048734, 0.5027224814189489)
Point: (0.5018534716367195, 0.4998140249983324, 0.4986977026606748)
Point: (0.49904057415362757, 0.49597407305574254, 0.5056334508377721)
Point: (0.4965637446501023, 0.5004653605635238, 0.5032257641479265)

Execution 1
------------------------------------------------
Total Generations: 1000
Total Population: 200   ---   Mutation Rate: 0.0  ---  Crossover Probability: 0.6
Average Fitness: 0.7050712313147964  ---  Best Overall Fitness: 0.8284052172779165
------------------------------------------------
Execution 2
------------------------------------------------
Total Generations: 1000
Total Population: 200   ---   Mutation Rate: 0.0  ---  Crossover Probability: 0.6
Average Fitness: 0.7085916100172055  ---  Best Overall Fitness: 0.829717862227552
------------------------------------------------
Execution 3
------------------------------------------------
Total Generations: 1000
Total Population: 200   ---   Mutation Rate: 0.0  ---  Crossover Probability: 0.6
Average Fitness: 0.6982022684988988  ---  Best Overall Fitness: 0.8295305359436448
------------------------------------------------
Execution 4
------------------------------------------------
Total Generations: 1000
Total Population: 200   ---   Mutation Rate: 0.0  ---  Crossover Probability: 0.6
Average Fitness: 0.702400358422449  ---  Best Overall Fitness: 0.8265563993249487
------------------------------------------------
Execution 5
------------------------------------------------
Total Generations: 1000
Total Population: 200   ---   Mutation Rate: 0.0  ---  Crossover Probability: 0.6
Average Fitness: 0.7101452594822897  ---  Best Overall Fitness: 0.8298780456392164
------------------------------------------------
Execution 6
------------------------------------------------
Total Generations: 1000
Total Population: 200   ---   Mutation Rate: 0.0  ---  Crossover Probability: 0.6
Average Fitness: 0.7075449987772189  ---  Best Overall Fitness: 0.8278264158308586
------------------------------------------------
Execution 7
------------------------------------------------
Total Generations: 1000
Total Population: 200   ---   Mutation Rate: 0.0  ---  Crossover Probability: 0.6
Average Fitness: 0.7117828862802433  ---  Best Overall Fitness: 0.8294454012486877
------------------------------------------------
Execution 8
------------------------------------------------
Total Generations: 1000
Total Population: 200   ---   Mutation Rate: 0.0  ---  Crossover Probability: 0.6
Average Fitness: 0.7165865170435324  ---  Best Overall Fitness: 0.8304977927998962
------------------------------------------------
Execution 9
------------------------------------------------
Total Generations: 1000
Total Population: 200   ---   Mutation Rate: 0.0  ---  Crossover Probability: 0.6
Average Fitness: 0.7078397872260525  ---  Best Overall Fitness: 0.8282351088171913
------------------------------------------------
Execution 10
------------------------------------------------
Total Generations: 1000
Total Population: 200   ---   Mutation Rate: 0.0  ---  Crossover Probability: 0.6
Average Fitness: 0.7066439296850607  ---  Best Overall Fitness: 0.8269507786811582
------------------------------------------------
Best Fitnesses mean: 0.8287043557791071
Total Generations mean: 1000.0
------------------------------------------------