Target: 
Point: (0.4991907971691987, 0.5011684378577346, 0.4940704456851075)
Point: (0.4968633358645455, 0.49528520131371967, 0.498918239962726)
Point: (0.4978250132887535, 0.49720577211793104, 0.5037369650939729)
Point: (0.5002457277593048, 0.49844782987987424, 0.49328637806203224)

Execution 1
------------------------------------------------
Total Generations: 1000
Total Population: 20   ---   Mutation Rate: 0.01  ---  Crossover Probability: 0.1
Average Fitness: 0.7455285451386646  ---  Best Overall Fitness: 0.8254261553498261
------------------------------------------------
Execution 2
------------------------------------------------
Total Generations: 1000
Total Population: 20   ---   Mutation Rate: 0.01  ---  Crossover Probability: 0.1
Average Fitness: 0.7524521516189326  ---  Best Overall Fitness: 0.827295035087095
------------------------------------------------
Execution 3
------------------------------------------------
Total Generations: 1000
Total Population: 20   ---   Mutation Rate: 0.01  ---  Crossover Probability: 0.1
Average Fitness: 0.7518088460856449  ---  Best Overall Fitness: 0.8248709827434936
------------------------------------------------
Execution 4
------------------------------------------------
Total Generations: 1000
Total Population: 20   ---   Mutation Rate: 0.01  ---  Crossover Probability: 0.1
Average Fitness: 0.7435872542482748  ---  Best Overall Fitness: 0.828365754492119
------------------------------------------------
Execution 5
------------------------------------------------
Total Generations: 1000
Total Population: 20   ---   Mutation Rate: 0.01  ---  Crossover Probability: 0.1
Average Fitness: 0.7381474555366602  ---  Best Overall Fitness: 0.825585746561662
------------------------------------------------
Execution 6
------------------------------------------------
Total Generations: 1000
Total Population: 20   ---   Mutation Rate: 0.01  ---  Crossover Probability: 0.1
Average Fitness: 0.7507320232253877  ---  Best Overall Fitness: 0.8237612372556208
------------------------------------------------
Execution 7
------------------------------------------------
Total Generations: 1000
Total Population: 20   ---   Mutation Rate: 0.01  ---  Crossover Probability: 0.1
Average Fitness: 0.7430905579685051  ---  Best Overall Fitness: 0.8244751077464092
------------------------------------------------
Execution 8
------------------------------------------------
Total Generations: 1000
Total Population: 20   ---   Mutation Rate: 0.01  ---  Crossover Probability: 0.1
Average Fitness: 0.7266739797576911  ---  Best Overall Fitness: 0.8257430144715977
------------------------------------------------
Execution 9
------------------------------------------------
Total Generations: 1000
Total Population: 20   ---   Mutation Rate: 0.01  ---  Crossover Probability: 0.1
Average Fitness: 0.7452992423131236  ---  Best Overall Fitness: 0.8294921967361829
------------------------------------------------
Execution 10
------------------------------------------------
Total Generations: 1000
Total Population: 20   ---   Mutation Rate: 0.01  ---  Crossover Probability: 0.1
Average Fitness: 0.7426610578526163  ---  Best Overall Fitness: 0.8279706990043485
------------------------------------------------
Best Fitnesses mean: 0.8262985929448355
Total Generations mean: 1000.0
------------------------------------------------