Target: 
Point: (0.4947985755387181, 0.4976659355133194, 0.5008410183060673)
Point: (0.5032541426317456, 0.5009337986912772, 0.49798488997938717)
Point: (0.49697680353260976, 0.5011195505102788, 0.5062548940958268)
Point: (0.5005893206744984, 0.5002927637898137, 0.5002867864892899)

Execution 1
------------------------------------------------
Total Generations: 52
Total Population: 200   ---   Mutation Rate: 0.01  ---  Crossover Probability: 0.6
Average Fitness: 0.7987800006957576  ---  Best Overall Fitness: 0.8332448676536818
------------------------------------------------
Execution 2
------------------------------------------------
Total Generations: 52
Total Population: 200   ---   Mutation Rate: 0.01  ---  Crossover Probability: 0.6
Average Fitness: 0.7989427899190978  ---  Best Overall Fitness: 0.8332933700025332
------------------------------------------------
Execution 3
------------------------------------------------
Total Generations: 52
Total Population: 200   ---   Mutation Rate: 0.01  ---  Crossover Probability: 0.6
Average Fitness: 0.7948681167025445  ---  Best Overall Fitness: 0.8330787155725492
------------------------------------------------
Execution 4
------------------------------------------------
Total Generations: 52
Total Population: 200   ---   Mutation Rate: 0.01  ---  Crossover Probability: 0.6
Average Fitness: 0.7971185916319301  ---  Best Overall Fitness: 0.8331942334802256
------------------------------------------------
Execution 5
------------------------------------------------
Total Generations: 51
Total Population: 200   ---   Mutation Rate: 0.01  ---  Crossover Probability: 0.6
Average Fitness: 0.7951518251899469  ---  Best Overall Fitness: 0.8333055188313925
------------------------------------------------
Execution 6
------------------------------------------------
Total Generations: 51
Total Population: 200   ---   Mutation Rate: 0.01  ---  Crossover Probability: 0.6
Average Fitness: 0.7961979680390294  ---  Best Overall Fitness: 0.8332882945334887
------------------------------------------------
Execution 7
------------------------------------------------
Total Generations: 51
Total Population: 200   ---   Mutation Rate: 0.01  ---  Crossover Probability: 0.6
Average Fitness: 0.7973631102734717  ---  Best Overall Fitness: 0.833219578696917
------------------------------------------------
Execution 8
------------------------------------------------
Total Generations: 52
Total Population: 200   ---   Mutation Rate: 0.01  ---  Crossover Probability: 0.6
Average Fitness: 0.8017518998181212  ---  Best Overall Fitness: 0.8332559186170835
------------------------------------------------
Execution 9
------------------------------------------------
Total Generations: 52
Total Population: 200   ---   Mutation Rate: 0.01  ---  Crossover Probability: 0.6
Average Fitness: 0.7971657691659161  ---  Best Overall Fitness: 0.8332521687439701
------------------------------------------------
Execution 10
------------------------------------------------
Total Generations: 52
Total Population: 200   ---   Mutation Rate: 0.01  ---  Crossover Probability: 0.6
Average Fitness: 0.7995283095418751  ---  Best Overall Fitness: 0.8331358846490329
------------------------------------------------
Best Fitnesses mean: 0.8332268550780875
Total Generations mean: 51.7
------------------------------------------------