Target: 
Point: (0.49698181983079903, 0.5005348369223318, 0.4991010919247749)
Point: (0.5002086061877782, 0.4936668744759925, 0.5017849286015936)
Point: (0.4997709392653404, 0.5028052992886308, 0.5034865420134227)
Point: (0.501381975195206, 0.5027181579704244, 0.50007860016114)

Execution 1
------------------------------------------------
Total Generations: 1000
Total Population: 20   ---   Mutation Rate: 0.1  ---  Crossover Probability: 0.1
Average Fitness: 0.7587478490178821  ---  Best Overall Fitness: 0.8254196064386564
------------------------------------------------
Execution 2
------------------------------------------------
Total Generations: 1000
Total Population: 20   ---   Mutation Rate: 0.1  ---  Crossover Probability: 0.1
Average Fitness: 0.7492320542097792  ---  Best Overall Fitness: 0.8259064631128166
------------------------------------------------
Execution 3
------------------------------------------------
Total Generations: 1000
Total Population: 20   ---   Mutation Rate: 0.1  ---  Crossover Probability: 0.1
Average Fitness: 0.742308239101299  ---  Best Overall Fitness: 0.8247458769127402
------------------------------------------------
Execution 4
------------------------------------------------
Total Generations: 1000
Total Population: 20   ---   Mutation Rate: 0.1  ---  Crossover Probability: 0.1
Average Fitness: 0.732407819372754  ---  Best Overall Fitness: 0.8249975796754165
------------------------------------------------
Execution 5
------------------------------------------------
Total Generations: 1000
Total Population: 20   ---   Mutation Rate: 0.1  ---  Crossover Probability: 0.1
Average Fitness: 0.7462998551168545  ---  Best Overall Fitness: 0.8273026513285928
------------------------------------------------
Execution 6
------------------------------------------------
Total Generations: 1000
Total Population: 20   ---   Mutation Rate: 0.1  ---  Crossover Probability: 0.1
Average Fitness: 0.7453763941342262  ---  Best Overall Fitness: 0.8270333111213494
------------------------------------------------
Execution 7
------------------------------------------------
Total Generations: 1000
Total Population: 20   ---   Mutation Rate: 0.1  ---  Crossover Probability: 0.1
Average Fitness: 0.7486378371431874  ---  Best Overall Fitness: 0.828674470860995
------------------------------------------------
Execution 8
------------------------------------------------
Total Generations: 1000
Total Population: 20   ---   Mutation Rate: 0.1  ---  Crossover Probability: 0.1
Average Fitness: 0.7623302455194696  ---  Best Overall Fitness: 0.826398066593081
------------------------------------------------
Execution 9
------------------------------------------------
Total Generations: 1000
Total Population: 20   ---   Mutation Rate: 0.1  ---  Crossover Probability: 0.1
Average Fitness: 0.745483380852605  ---  Best Overall Fitness: 0.825721538261654
------------------------------------------------
Execution 10
------------------------------------------------
Total Generations: 1000
Total Population: 20   ---   Mutation Rate: 0.1  ---  Crossover Probability: 0.1
Average Fitness: 0.7633543302007755  ---  Best Overall Fitness: 0.8234223094015463
------------------------------------------------
Best Fitnesses mean: 0.8259621873706848
Total Generations mean: 1000.0
------------------------------------------------