Target: 
Point: (0.502189552768363, 0.4982270676863346, 0.5001458752644452)
Point: (0.5023625016646933, 0.4958329269191056, 0.4959841936327419)
Point: (0.4983298776770469, 0.5008027514285116, 0.5006148841288597)
Point: (0.49942021987798935, 0.5025915800627528, 0.49955728507984626)

Execution 1
------------------------------------------------
Total Generations: 1000
Total Population: 20   ---   Mutation Rate: 0.1  ---  Crossover Probability: 0.1
Average Fitness: 0.7474922745863696  ---  Best Overall Fitness: 0.8266507367234331
------------------------------------------------
Execution 2
------------------------------------------------
Total Generations: 1000
Total Population: 20   ---   Mutation Rate: 0.1  ---  Crossover Probability: 0.1
Average Fitness: 0.746779204465262  ---  Best Overall Fitness: 0.8283311110941772
------------------------------------------------
Execution 3
------------------------------------------------
Total Generations: 1000
Total Population: 20   ---   Mutation Rate: 0.1  ---  Crossover Probability: 0.1
Average Fitness: 0.7402334064084678  ---  Best Overall Fitness: 0.8279031882236844
------------------------------------------------
Execution 4
------------------------------------------------
Total Generations: 1000
Total Population: 20   ---   Mutation Rate: 0.1  ---  Crossover Probability: 0.1
Average Fitness: 0.7501820262413433  ---  Best Overall Fitness: 0.8282993731129764
------------------------------------------------
Execution 5
------------------------------------------------
Total Generations: 1000
Total Population: 20   ---   Mutation Rate: 0.1  ---  Crossover Probability: 0.1
Average Fitness: 0.7505906053648781  ---  Best Overall Fitness: 0.8297127578094409
------------------------------------------------
Execution 6
------------------------------------------------
Total Generations: 1000
Total Population: 20   ---   Mutation Rate: 0.1  ---  Crossover Probability: 0.1
Average Fitness: 0.7378109329928575  ---  Best Overall Fitness: 0.829934659655031
------------------------------------------------
Execution 7
------------------------------------------------
Total Generations: 1000
Total Population: 20   ---   Mutation Rate: 0.1  ---  Crossover Probability: 0.1
Average Fitness: 0.7503074359195623  ---  Best Overall Fitness: 0.8295746796306577
------------------------------------------------
Execution 8
------------------------------------------------
Total Generations: 1000
Total Population: 20   ---   Mutation Rate: 0.1  ---  Crossover Probability: 0.1
Average Fitness: 0.7553567354150569  ---  Best Overall Fitness: 0.8274793691357195
------------------------------------------------
Execution 9
------------------------------------------------
Total Generations: 1000
Total Population: 20   ---   Mutation Rate: 0.1  ---  Crossover Probability: 0.1
Average Fitness: 0.7594759246310818  ---  Best Overall Fitness: 0.8268243002647413
------------------------------------------------
Execution 10
------------------------------------------------
Total Generations: 1000
Total Population: 20   ---   Mutation Rate: 0.1  ---  Crossover Probability: 0.1
Average Fitness: 0.7522736862028985  ---  Best Overall Fitness: 0.8254553008175596
------------------------------------------------
Best Fitnesses mean: 0.828016547646742
Total Generations mean: 1000.0
------------------------------------------------