Target: 
Point: (0.4980634160490302, 0.49931753233606624, 0.49823891537380044)
Point: (0.497444407597693, 0.5004095791859107, 0.49971225262913543)
Point: (0.49868854955692615, 0.4988457629306102, 0.5020374584566609)
Point: (0.5001053041561138, 0.5020499673448787, 0.5001703176388419)

Execution 1
------------------------------------------------
Total Generations: 1000
Total Population: 200   ---   Mutation Rate: 0.1  ---  Crossover Probability: 0.6
Average Fitness: 0.7219349780234734  ---  Best Overall Fitness: 0.8270837434453858
------------------------------------------------
Execution 2
------------------------------------------------
Total Generations: 1000
Total Population: 200   ---   Mutation Rate: 0.1  ---  Crossover Probability: 0.6
Average Fitness: 0.719337074242626  ---  Best Overall Fitness: 0.8274960276754939
------------------------------------------------
Execution 3
------------------------------------------------
Total Generations: 1000
Total Population: 200   ---   Mutation Rate: 0.1  ---  Crossover Probability: 0.6
Average Fitness: 0.7248003289069588  ---  Best Overall Fitness: 0.8287453167677771
------------------------------------------------
Execution 4
------------------------------------------------
Total Generations: 1000
Total Population: 200   ---   Mutation Rate: 0.1  ---  Crossover Probability: 0.6
Average Fitness: 0.7203648843739411  ---  Best Overall Fitness: 0.826920449726477
------------------------------------------------
Execution 5
------------------------------------------------
Total Generations: 1000
Total Population: 200   ---   Mutation Rate: 0.1  ---  Crossover Probability: 0.6
Average Fitness: 0.7194286882246408  ---  Best Overall Fitness: 0.8264957310077685
------------------------------------------------
Execution 6
------------------------------------------------
Total Generations: 1000
Total Population: 200   ---   Mutation Rate: 0.1  ---  Crossover Probability: 0.6
Average Fitness: 0.720781088744977  ---  Best Overall Fitness: 0.8272373175471849
------------------------------------------------
Execution 7
------------------------------------------------
Total Generations: 1000
Total Population: 200   ---   Mutation Rate: 0.1  ---  Crossover Probability: 0.6
Average Fitness: 0.7237360247957408  ---  Best Overall Fitness: 0.830508710932324
------------------------------------------------
Execution 8
------------------------------------------------
Total Generations: 1000
Total Population: 200   ---   Mutation Rate: 0.1  ---  Crossover Probability: 0.6
Average Fitness: 0.7242817777980929  ---  Best Overall Fitness: 0.8293445447498774
------------------------------------------------
Execution 9
------------------------------------------------
Total Generations: 1000
Total Population: 200   ---   Mutation Rate: 0.1  ---  Crossover Probability: 0.6
Average Fitness: 0.7178551948664275  ---  Best Overall Fitness: 0.8286749406072057
------------------------------------------------
Execution 10
------------------------------------------------
Total Generations: 1000
Total Population: 200   ---   Mutation Rate: 0.1  ---  Crossover Probability: 0.6
Average Fitness: 0.7213910679748197  ---  Best Overall Fitness: 0.8267356830251248
------------------------------------------------
Best Fitnesses mean: 0.827924246548462
Total Generations mean: 1000.0
------------------------------------------------