Target: 
Point: (0.5029145928068819, 0.4995714494409938, 0.498724950753302)
Point: (0.502590382216812, 0.49271900023315945, 0.502540460729391)
Point: (0.500220641574288, 0.5009500119801398, 0.502518601312081)
Point: (0.4993832232056331, 0.496071047279733, 0.49604756465258965)

Execution 1
------------------------------------------------
Total Generations: 1000
Total Population: 20   ---   Mutation Rate: 0.01  ---  Crossover Probability: 0.9
Average Fitness: 0.47907954990421836  ---  Best Overall Fitness: 0.8266767963791826
------------------------------------------------
Execution 2
------------------------------------------------
Total Generations: 1000
Total Population: 20   ---   Mutation Rate: 0.01  ---  Crossover Probability: 0.9
Average Fitness: 0.4598715922542139  ---  Best Overall Fitness: 0.8264822710990759
------------------------------------------------
Execution 3
------------------------------------------------
Total Generations: 1000
Total Population: 20   ---   Mutation Rate: 0.01  ---  Crossover Probability: 0.9
Average Fitness: 0.44431874444378716  ---  Best Overall Fitness: 0.8172727039596308
------------------------------------------------
Execution 4
------------------------------------------------
Total Generations: 1000
Total Population: 20   ---   Mutation Rate: 0.01  ---  Crossover Probability: 0.9
Average Fitness: 0.3819945661897561  ---  Best Overall Fitness: 0.824584147624715
------------------------------------------------
Execution 5
------------------------------------------------
Total Generations: 1000
Total Population: 20   ---   Mutation Rate: 0.01  ---  Crossover Probability: 0.9
Average Fitness: 0.4383211060110036  ---  Best Overall Fitness: 0.8228269008389615
------------------------------------------------
Execution 6
------------------------------------------------
Total Generations: 1000
Total Population: 20   ---   Mutation Rate: 0.01  ---  Crossover Probability: 0.9
Average Fitness: 0.4051402575715673  ---  Best Overall Fitness: 0.8214184361840231
------------------------------------------------
Execution 7
------------------------------------------------
Total Generations: 1000
Total Population: 20   ---   Mutation Rate: 0.01  ---  Crossover Probability: 0.9
Average Fitness: 0.45470163055571655  ---  Best Overall Fitness: 0.8223308465070311
------------------------------------------------
Execution 8
------------------------------------------------
Total Generations: 1000
Total Population: 20   ---   Mutation Rate: 0.01  ---  Crossover Probability: 0.9
Average Fitness: 0.48137339220471886  ---  Best Overall Fitness: 0.8235046068635471
------------------------------------------------
Execution 9
------------------------------------------------
Total Generations: 1000
Total Population: 20   ---   Mutation Rate: 0.01  ---  Crossover Probability: 0.9
Average Fitness: 0.44209071517645604  ---  Best Overall Fitness: 0.8221626557055216
------------------------------------------------
Execution 10
------------------------------------------------
Total Generations: 1000
Total Population: 20   ---   Mutation Rate: 0.01  ---  Crossover Probability: 0.9
Average Fitness: 0.42590571392450166  ---  Best Overall Fitness: 0.8208078507668991
------------------------------------------------
Best Fitnesses mean: 0.8228067215928588
Total Generations mean: 1000.0
------------------------------------------------