Target: 
Point: (0.4977683509810229, 0.4987691335730382, 0.5055052057995757)
Point: (0.5035270215313007, 0.49868999007678677, 0.502211819249238)
Point: (0.497058912316603, 0.4960207567252862, 0.49773557497988513)
Point: (0.5008946401914246, 0.5005591156610463, 0.4980877207723192)

Execution 1
------------------------------------------------
Total Generations: 747
Total Population: 200   ---   Mutation Rate: 0.01  ---  Crossover Probability: 0.1
Average Fitness: 0.7441836486216147  ---  Best Overall Fitness: 0.8298407189735586
------------------------------------------------
Execution 2
------------------------------------------------
Total Generations: 1000
Total Population: 200   ---   Mutation Rate: 0.01  ---  Crossover Probability: 0.1
Average Fitness: 0.747208408750703  ---  Best Overall Fitness: 0.8289359812276329
------------------------------------------------
Execution 3
------------------------------------------------
Total Generations: 1000
Total Population: 200   ---   Mutation Rate: 0.01  ---  Crossover Probability: 0.1
Average Fitness: 0.7477376878804943  ---  Best Overall Fitness: 0.8295848254599539
------------------------------------------------
Execution 4
------------------------------------------------
Total Generations: 1000
Total Population: 200   ---   Mutation Rate: 0.01  ---  Crossover Probability: 0.1
Average Fitness: 0.7475509656704257  ---  Best Overall Fitness: 0.8277243546738597
------------------------------------------------
Execution 5
------------------------------------------------
Total Generations: 1000
Total Population: 200   ---   Mutation Rate: 0.01  ---  Crossover Probability: 0.1
Average Fitness: 0.7441382621532178  ---  Best Overall Fitness: 0.8279792089941344
------------------------------------------------
Execution 6
------------------------------------------------
Total Generations: 900
Total Population: 200   ---   Mutation Rate: 0.01  ---  Crossover Probability: 0.1
Average Fitness: 0.7456686722721086  ---  Best Overall Fitness: 0.8278547742026353
------------------------------------------------
Execution 7
------------------------------------------------
Total Generations: 1000
Total Population: 200   ---   Mutation Rate: 0.01  ---  Crossover Probability: 0.1
Average Fitness: 0.7456662015855351  ---  Best Overall Fitness: 0.8291564332263692
------------------------------------------------
Execution 8
------------------------------------------------
Total Generations: 1000
Total Population: 200   ---   Mutation Rate: 0.01  ---  Crossover Probability: 0.1
Average Fitness: 0.743906427499018  ---  Best Overall Fitness: 0.828393822949252
------------------------------------------------
Execution 9
------------------------------------------------
Total Generations: 1000
Total Population: 200   ---   Mutation Rate: 0.01  ---  Crossover Probability: 0.1
Average Fitness: 0.7454625777351314  ---  Best Overall Fitness: 0.8288552543398089
------------------------------------------------
Execution 10
------------------------------------------------
Total Generations: 1000
Total Population: 200   ---   Mutation Rate: 0.01  ---  Crossover Probability: 0.1
Average Fitness: 0.7459948519428632  ---  Best Overall Fitness: 0.8310183561525069
------------------------------------------------
Best Fitnesses mean: 0.8289343730199711
Total Generations mean: 964.7
------------------------------------------------